This is pdfTeX, Version 3.141592653-2.6-1.40.24 (TeX Live 2022) (preloaded format=pdflatex 2022.10.20)  20 OCT 2022 18:38
entering extended mode
 restricted \write18 enabled.
 %&-line parsing enabled.
**DSM_CG.tex
(./DSM_CG.tex
LaTeX2e <2022-06-01> patch level 5
L3 programming layer <2022-09-28> (c:/Users/Mainka/AppData/Roaming/TinyTeX/texmf-dist/tex/latex/base/book.cls
Document Class: book 2021/10/04 v1.4n Standard LaTeX document class
(c:/Users/Mainka/AppData/Roaming/TinyTeX/texmf-dist/tex/latex/base/bk10.clo
File: bk10.clo 2021/10/04 v1.4n Standard LaTeX file (size option)
)
\c@part=\count185
\c@chapter=\count186
\c@section=\count187
\c@subsection=\count188
\c@subsubsection=\count189
\c@paragraph=\count190
\c@subparagraph=\count191
\c@figure=\count192
\c@table=\count193
\abovecaptionskip=\skip47
\belowcaptionskip=\skip48
\bibindent=\dimen138
) (c:/Users/Mainka/AppData/Roaming/TinyTeX/texmf-dist/tex/latex/amsmath/amsmath.sty
Package: amsmath 2022/04/08 v2.17n AMS math features
\@mathmargin=\skip49
For additional information on amsmath, use the `?' option.
(c:/Users/Mainka/AppData/Roaming/TinyTeX/texmf-dist/tex/latex/amsmath/amstext.sty
Package: amstext 2021/08/26 v2.01 AMS text
(c:/Users/Mainka/AppData/Roaming/TinyTeX/texmf-dist/tex/latex/amsmath/amsgen.sty
File: amsgen.sty 1999/11/30 v2.0 generic functions
\@emptytoks=\toks16
\ex@=\dimen139
)) (c:/Users/Mainka/AppData/Roaming/TinyTeX/texmf-dist/tex/latex/amsmath/amsbsy.sty
Package: amsbsy 1999/11/29 v1.2d Bold Symbols
\pmbraise@=\dimen140
) (c:/Users/Mainka/AppData/Roaming/TinyTeX/texmf-dist/tex/latex/amsmath/amsopn.sty
Package: amsopn 2022/04/08 v2.04 operator names
)
\inf@bad=\count194
LaTeX Info: Redefining \frac on input line 234.
\uproot@=\count195
\leftroot@=\count196
LaTeX Info: Redefining \overline on input line 399.
LaTeX Info: Redefining \colon on input line 410.
\classnum@=\count197
\DOTSCASE@=\count198
LaTeX Info: Redefining \ldots on input line 496.
LaTeX Info: Redefining \dots on input line 499.
LaTeX Info: Redefining \cdots on input line 620.
\Mathstrutbox@=\box51
\strutbox@=\box52
LaTeX Info: Redefining \big on input line 722.
LaTeX Info: Redefining \Big on input line 723.
LaTeX Info: Redefining \bigg on input line 724.
LaTeX Info: Redefining \Bigg on input line 725.
\big@size=\dimen141
LaTeX Font Info:    Redeclaring font encoding OML on input line 743.
LaTeX Font Info:    Redeclaring font encoding OMS on input line 744.
\macc@depth=\count199
LaTeX Info: Redefining \bmod on input line 905.
LaTeX Info: Redefining \pmod on input line 910.
LaTeX Info: Redefining \smash on input line 940.
LaTeX Info: Redefining \relbar on input line 970.
LaTeX Info: Redefining \Relbar on input line 971.
\c@MaxMatrixCols=\count266
\dotsspace@=\muskip16
\c@parentequation=\count267
\dspbrk@lvl=\count268
\tag@help=\toks17
\row@=\count269
\column@=\count270
\maxfields@=\count271
\andhelp@=\toks18
\eqnshift@=\dimen142
\alignsep@=\dimen143
\tagshift@=\dimen144
\tagwidth@=\dimen145
\totwidth@=\dimen146
\lineht@=\dimen147
\@envbody=\toks19
\multlinegap=\skip50
\multlinetaggap=\skip51
\mathdisplay@stack=\toks20
LaTeX Info: Redefining \[ on input line 2953.
LaTeX Info: Redefining \] on input line 2954.
) (c:/Users/Mainka/AppData/Roaming/TinyTeX/texmf-dist/tex/latex/amsfonts/amssymb.sty
Package: amssymb 2013/01/14 v3.01 AMS font symbols
(c:/Users/Mainka/AppData/Roaming/TinyTeX/texmf-dist/tex/latex/amsfonts/amsfonts.sty
Package: amsfonts 2013/01/14 v3.01 Basic AMSFonts support
\symAMSa=\mathgroup4
\symAMSb=\mathgroup5
LaTeX Font Info:    Redeclaring math symbol \hbar on input line 98.
LaTeX Font Info:    Overwriting math alphabet `\mathfrak' in version `bold'
(Font)                  U/euf/m/n --> U/euf/b/n on input line 106.
)) (c:/Users/Mainka/AppData/Roaming/TinyTeX/texmf-dist/tex/latex/lm/lmodern.sty
Package: lmodern 2015/05/01 v1.6.1 Latin Modern Fonts
LaTeX Font Info:    Overwriting symbol font `operators' in version `normal'
(Font)                  OT1/cmr/m/n --> OT1/lmr/m/n on input line 22.
LaTeX Font Info:    Overwriting symbol font `letters' in version `normal'
(Font)                  OML/cmm/m/it --> OML/lmm/m/it on input line 23.
LaTeX Font Info:    Overwriting symbol font `symbols' in version `normal'
(Font)                  OMS/cmsy/m/n --> OMS/lmsy/m/n on input line 24.
LaTeX Font Info:    Overwriting symbol font `largesymbols' in version `normal'
(Font)                  OMX/cmex/m/n --> OMX/lmex/m/n on input line 25.
LaTeX Font Info:    Overwriting symbol font `operators' in version `bold'
(Font)                  OT1/cmr/bx/n --> OT1/lmr/bx/n on input line 26.
LaTeX Font Info:    Overwriting symbol font `letters' in version `bold'
(Font)                  OML/cmm/b/it --> OML/lmm/b/it on input line 27.
LaTeX Font Info:    Overwriting symbol font `symbols' in version `bold'
(Font)                  OMS/cmsy/b/n --> OMS/lmsy/b/n on input line 28.
LaTeX Font Info:    Overwriting symbol font `largesymbols' in version `bold'
(Font)                  OMX/cmex/m/n --> OMX/lmex/m/n on input line 29.
LaTeX Font Info:    Overwriting math alphabet `\mathbf' in version `normal'
(Font)                  OT1/cmr/bx/n --> OT1/lmr/bx/n on input line 31.
LaTeX Font Info:    Overwriting math alphabet `\mathsf' in version `normal'
(Font)                  OT1/cmss/m/n --> OT1/lmss/m/n on input line 32.
LaTeX Font Info:    Overwriting math alphabet `\mathit' in version `normal'
(Font)                  OT1/cmr/m/it --> OT1/lmr/m/it on input line 33.
LaTeX Font Info:    Overwriting math alphabet `\mathtt' in version `normal'
(Font)                  OT1/cmtt/m/n --> OT1/lmtt/m/n on input line 34.
LaTeX Font Info:    Overwriting math alphabet `\mathbf' in version `bold'
(Font)                  OT1/cmr/bx/n --> OT1/lmr/bx/n on input line 35.
LaTeX Font Info:    Overwriting math alphabet `\mathsf' in version `bold'
(Font)                  OT1/cmss/bx/n --> OT1/lmss/bx/n on input line 36.
LaTeX Font Info:    Overwriting math alphabet `\mathit' in version `bold'
(Font)                  OT1/cmr/bx/it --> OT1/lmr/bx/it on input line 37.
LaTeX Font Info:    Overwriting math alphabet `\mathtt' in version `bold'
(Font)                  OT1/cmtt/m/n --> OT1/lmtt/m/n on input line 38.
) (c:/Users/Mainka/AppData/Roaming/TinyTeX/texmf-dist/tex/generic/iftex/iftex.sty
Package: iftex 2022/02/03 v1.0f TeX engine tests
) (c:/Users/Mainka/AppData/Roaming/TinyTeX/texmf-dist/tex/latex/base/fontenc.sty
Package: fontenc 2021/04/29 v2.0v Standard LaTeX package
LaTeX Font Info:    Trying to load font information for T1+lmr on input line 112.
(c:/Users/Mainka/AppData/Roaming/TinyTeX/texmf-dist/tex/latex/lm/t1lmr.fd
File: t1lmr.fd 2015/05/01 v1.6.1 Font defs for Latin Modern
)) (c:/Users/Mainka/AppData/Roaming/TinyTeX/texmf-dist/tex/latex/base/inputenc.sty
Package: inputenc 2021/02/14 v1.3d Input encoding file
\inpenc@prehook=\toks21
\inpenc@posthook=\toks22
) (c:/Users/Mainka/AppData/Roaming/TinyTeX/texmf-dist/tex/latex/base/textcomp.sty
Package: textcomp 2020/02/02 v2.0n Standard LaTeX package
) (c:/Users/Mainka/AppData/Roaming/TinyTeX/texmf-dist/tex/latex/xcolor/xcolor.sty
Package: xcolor 2022/06/12 v2.14 LaTeX color extensions (UK)
(c:/Users/Mainka/AppData/Roaming/TinyTeX/texmf-dist/tex/latex/graphics-cfg/color.cfg
File: color.cfg 2016/01/02 v1.6 sample color configuration
)
Package xcolor Info: Driver file: pdftex.def on input line 227.
(c:/Users/Mainka/AppData/Roaming/TinyTeX/texmf-dist/tex/latex/graphics-def/pdftex.def
File: pdftex.def 2022/09/22 v1.2b Graphics/color driver for pdftex
\stockwidth=\dimen148
\stockheight=\dimen149
) (c:/Users/Mainka/AppData/Roaming/TinyTeX/texmf-dist/tex/latex/graphics/mathcolor.ltx)
Package xcolor Info: Model `cmy' substituted by `cmy0' on input line 1353.
Package xcolor Info: Model `hsb' substituted by `rgb' on input line 1357.
Package xcolor Info: Model `RGB' extended on input line 1369.
Package xcolor Info: Model `HTML' substituted by `rgb' on input line 1371.
Package xcolor Info: Model `Hsb' substituted by `hsb' on input line 1372.
Package xcolor Info: Model `tHsb' substituted by `hsb' on input line 1373.
Package xcolor Info: Model `HSB' substituted by `hsb' on input line 1374.
Package xcolor Info: Model `Gray' substituted by `gray' on input line 1375.
Package xcolor Info: Model `wave' substituted by `hsb' on input line 1376.
) (c:/Users/Mainka/AppData/Roaming/TinyTeX/texmf-dist/tex/latex/bookmark/bookmark.sty
Package: bookmark 2020-11-06 v1.29 PDF bookmarks (HO)
(c:/Users/Mainka/AppData/Roaming/TinyTeX/texmf-dist/tex/latex/hyperref/hyperref.sty
Package: hyperref 2022-09-22 v7.00t Hypertext links for LaTeX
(c:/Users/Mainka/AppData/Roaming/TinyTeX/texmf-dist/tex/generic/ltxcmds/ltxcmds.sty
Package: ltxcmds 2020-05-10 v1.25 LaTeX kernel commands for general use (HO)
) (c:/Users/Mainka/AppData/Roaming/TinyTeX/texmf-dist/tex/generic/pdftexcmds/pdftexcmds.sty
Package: pdftexcmds 2020-06-27 v0.33 Utility functions of pdfTeX for LuaTeX (HO)
(c:/Users/Mainka/AppData/Roaming/TinyTeX/texmf-dist/tex/generic/infwarerr/infwarerr.sty
Package: infwarerr 2019/12/03 v1.5 Providing info/warning/error messages (HO)
)
Package pdftexcmds Info: \pdf@primitive is available.
Package pdftexcmds Info: \pdf@ifprimitive is available.
Package pdftexcmds Info: \pdfdraftmode found.
) (c:/Users/Mainka/AppData/Roaming/TinyTeX/texmf-dist/tex/latex/graphics/keyval.sty
Package: keyval 2022/05/29 v1.15 key=value parser (DPC)
\KV@toks@=\toks23
) (c:/Users/Mainka/AppData/Roaming/TinyTeX/texmf-dist/tex/latex/kvsetkeys/kvsetkeys.sty
Package: kvsetkeys 2022-10-05 v1.19 Key value parser (HO)
) (c:/Users/Mainka/AppData/Roaming/TinyTeX/texmf-dist/tex/generic/kvdefinekeys/kvdefinekeys.sty
Package: kvdefinekeys 2019-12-19 v1.6 Define keys (HO)
) (c:/Users/Mainka/AppData/Roaming/TinyTeX/texmf-dist/tex/generic/pdfescape/pdfescape.sty
Package: pdfescape 2019/12/09 v1.15 Implements pdfTeX's escape features (HO)
) (c:/Users/Mainka/AppData/Roaming/TinyTeX/texmf-dist/tex/latex/hycolor/hycolor.sty
Package: hycolor 2020-01-27 v1.10 Color options for hyperref/bookmark (HO)
) (c:/Users/Mainka/AppData/Roaming/TinyTeX/texmf-dist/tex/latex/letltxmacro/letltxmacro.sty
Package: letltxmacro 2019/12/03 v1.6 Let assignment for LaTeX macros (HO)
) (c:/Users/Mainka/AppData/Roaming/TinyTeX/texmf-dist/tex/latex/auxhook/auxhook.sty
Package: auxhook 2019-12-17 v1.6 Hooks for auxiliary files (HO)
) (c:/Users/Mainka/AppData/Roaming/TinyTeX/texmf-dist/tex/latex/hyperref/nameref.sty
Package: nameref 2022-05-17 v2.50 Cross-referencing by name of section
(c:/Users/Mainka/AppData/Roaming/TinyTeX/texmf-dist/tex/latex/refcount/refcount.sty
Package: refcount 2019/12/15 v3.6 Data extraction from label references (HO)
) (c:/Users/Mainka/AppData/Roaming/TinyTeX/texmf-dist/tex/generic/gettitlestring/gettitlestring.sty
Package: gettitlestring 2019/12/15 v1.6 Cleanup title references (HO)
(c:/Users/Mainka/AppData/Roaming/TinyTeX/texmf-dist/tex/latex/kvoptions/kvoptions.sty
Package: kvoptions 2022-06-15 v3.15 Key value format for package options (HO)
))
\c@section@level=\count272
)
\@linkdim=\dimen150
\Hy@linkcounter=\count273
\Hy@pagecounter=\count274
(c:/Users/Mainka/AppData/Roaming/TinyTeX/texmf-dist/tex/latex/hyperref/pd1enc.def
File: pd1enc.def 2022-09-22 v7.00t Hyperref: PDFDocEncoding definition (HO)
Now handling font encoding PD1 ...
... no UTF-8 mapping file for font encoding PD1
) (c:/Users/Mainka/AppData/Roaming/TinyTeX/texmf-dist/tex/generic/intcalc/intcalc.sty
Package: intcalc 2019/12/15 v1.3 Expandable calculations with integers (HO)
) (c:/Users/Mainka/AppData/Roaming/TinyTeX/texmf-dist/tex/generic/etexcmds/etexcmds.sty
Package: etexcmds 2019/12/15 v1.7 Avoid name clashes with e-TeX commands (HO)
)
\Hy@SavedSpaceFactor=\count275
(c:/Users/Mainka/AppData/Roaming/TinyTeX/texmf-dist/tex/latex/hyperref/puenc.def
File: puenc.def 2022-09-22 v7.00t Hyperref: PDF Unicode definition (HO)
Now handling font encoding PU ...
... no UTF-8 mapping file for font encoding PU
)
Package hyperref Info: Option `unicode' set `true' on input line 4045.
Package hyperref Info: Hyper figures OFF on input line 4162.
Package hyperref Info: Link nesting OFF on input line 4167.
Package hyperref Info: Hyper index ON on input line 4170.
Package hyperref Info: Plain pages OFF on input line 4177.
Package hyperref Info: Backreferencing OFF on input line 4182.
Package hyperref Info: Implicit mode ON; LaTeX internals redefined.
Package hyperref Info: Bookmarks ON on input line 4410.
\c@Hy@tempcnt=\count276
(c:/Users/Mainka/AppData/Roaming/TinyTeX/texmf-dist/tex/latex/url/url.sty
\Urlmuskip=\muskip17
Package: url 2013/09/16  ver 3.4  Verb mode for urls, etc.
)
LaTeX Info: Redefining \url on input line 4748.
\XeTeXLinkMargin=\dimen151
(c:/Users/Mainka/AppData/Roaming/TinyTeX/texmf-dist/tex/generic/bitset/bitset.sty
Package: bitset 2019/12/09 v1.3 Handle bit-vector datatype (HO)
(c:/Users/Mainka/AppData/Roaming/TinyTeX/texmf-dist/tex/generic/bigintcalc/bigintcalc.sty
Package: bigintcalc 2019/12/15 v1.5 Expandable calculations on big integers (HO)
))
\Fld@menulength=\count277
\Field@Width=\dimen152
\Fld@charsize=\dimen153
Package hyperref Info: Hyper figures OFF on input line 6027.
Package hyperref Info: Link nesting OFF on input line 6032.
Package hyperref Info: Hyper index ON on input line 6035.
Package hyperref Info: backreferencing OFF on input line 6042.
Package hyperref Info: Link coloring OFF on input line 6047.
Package hyperref Info: Link coloring with OCG OFF on input line 6052.
Package hyperref Info: PDF/A mode OFF on input line 6057.
(c:/Users/Mainka/AppData/Roaming/TinyTeX/texmf-dist/tex/latex/base/atbegshi-ltx.sty
Package: atbegshi-ltx 2021/01/10 v1.0c Emulation of the original atbegshi
package with kernel methods
)
\Hy@abspage=\count278
\c@Item=\count279
\c@Hfootnote=\count280
)
Package hyperref Info: Driver (autodetected): hpdftex.
(c:/Users/Mainka/AppData/Roaming/TinyTeX/texmf-dist/tex/latex/hyperref/hpdftex.def
File: hpdftex.def 2022-09-22 v7.00t Hyperref driver for pdfTeX
(c:/Users/Mainka/AppData/Roaming/TinyTeX/texmf-dist/tex/latex/base/atveryend-ltx.sty
Package: atveryend-ltx 2020/08/19 v1.0a Emulation of the original atveryend package
with kernel methods
)
\Fld@listcount=\count281
\c@bookmark@seq@number=\count282
(c:/Users/Mainka/AppData/Roaming/TinyTeX/texmf-dist/tex/latex/rerunfilecheck/rerunfilecheck.sty
Package: rerunfilecheck 2022-07-10 v1.10 Rerun checks for auxiliary files (HO)
(c:/Users/Mainka/AppData/Roaming/TinyTeX/texmf-dist/tex/generic/uniquecounter/uniquecounter.sty
Package: uniquecounter 2019/12/15 v1.4 Provide unlimited unique counter (HO)
)
Package uniquecounter Info: New unique counter `rerunfilecheck' on input line 285.
)
\Hy@SectionHShift=\skip52
) (c:/Users/Mainka/AppData/Roaming/TinyTeX/texmf-dist/tex/latex/bookmark/bkm-pdftex.def
File: bkm-pdftex.def 2020-11-06 v1.29 bookmark driver for pdfTeX (HO)
\BKM@id=\count283
)) (c:/Users/Mainka/AppData/Roaming/TinyTeX/texmf-dist/tex/latex/fancyvrb/fancyvrb.sty
Package: fancyvrb 2022/06/06 4.5 verbatim text (tvz,hv)
\FV@CodeLineNo=\count284
\FV@InFile=\read2
\FV@TabBox=\box53
\c@FancyVerbLine=\count285
\FV@StepNumber=\count286
\FV@OutFile=\write3
) (c:/Users/Mainka/AppData/Roaming/TinyTeX/texmf-dist/tex/latex/framed/framed.sty
Package: framed 2011/10/22 v 0.96: framed or shaded text with page breaks
\OuterFrameSep=\skip53
\fb@frw=\dimen154
\fb@frh=\dimen155
\FrameRule=\dimen156
\FrameSep=\dimen157
) (c:/Users/Mainka/AppData/Roaming/TinyTeX/texmf-dist/tex/latex/tools/longtable.sty
Package: longtable 2021-09-01 v4.17 Multi-page Table package (DPC)
\LTleft=\skip54
\LTright=\skip55
\LTpre=\skip56
\LTpost=\skip57
\LTchunksize=\count287
\LTcapwidth=\dimen158
\LT@head=\box54
\LT@firsthead=\box55
\LT@foot=\box56
\LT@lastfoot=\box57
\LT@gbox=\box58
\LT@cols=\count288
\LT@rows=\count289
\c@LT@tables=\count290
\c@LT@chunks=\count291
\LT@p@ftn=\toks24
) (c:/Users/Mainka/AppData/Roaming/TinyTeX/texmf-dist/tex/latex/booktabs/booktabs.sty
Package: booktabs 2020/01/12 v1.61803398 Publication quality tables
\heavyrulewidth=\dimen159
\lightrulewidth=\dimen160
\cmidrulewidth=\dimen161
\belowrulesep=\dimen162
\belowbottomsep=\dimen163
\aboverulesep=\dimen164
\abovetopsep=\dimen165
\cmidrulesep=\dimen166
\cmidrulekern=\dimen167
\defaultaddspace=\dimen168
\@cmidla=\count292
\@cmidlb=\count293
\@aboverulesep=\dimen169
\@belowrulesep=\dimen170
\@thisruleclass=\count294
\@lastruleclass=\count295
\@thisrulewidth=\dimen171
) (c:/Users/Mainka/AppData/Roaming/TinyTeX/texmf-dist/tex/latex/tools/array.sty
Package: array 2022/03/10 v2.5f Tabular extension package (FMi)
\col@sep=\dimen172
\ar@mcellbox=\box59
\extrarowheight=\dimen173
\NC@list=\toks25
\extratabsurround=\skip58
\backup@length=\skip59
\ar@cellbox=\box60
) (c:/Users/Mainka/AppData/Roaming/TinyTeX/texmf-dist/tex/latex/tools/calc.sty
Package: calc 2017/05/25 v4.3 Infix arithmetic (KKT,FJ)
\calc@Acount=\count296
\calc@Bcount=\count297
\calc@Adimen=\dimen174
\calc@Bdimen=\dimen175
\calc@Askip=\skip60
\calc@Bskip=\skip61
LaTeX Info: Redefining \setlength on input line 80.
LaTeX Info: Redefining \addtolength on input line 81.
\calc@Ccount=\count298
\calc@Cskip=\skip62
) (c:/Users/Mainka/AppData/Roaming/TinyTeX/texmf-dist/tex/latex/etoolbox/etoolbox.sty
Package: etoolbox 2020/10/05 v2.5k e-TeX tools for LaTeX (JAW)
\etb@tempcnta=\count299
) (c:/Users/Mainka/AppData/Roaming/TinyTeX/texmf-dist/tex/latex/mdwtools/footnote.sty
Package: footnote 1997/01/28 1.13 Save footnotes around boxes
\fn@notes=\box61
\fn@width=\dimen176
) (c:/Users/Mainka/AppData/Roaming/TinyTeX/texmf-dist/tex/latex/graphics/graphicx.sty
Package: graphicx 2021/09/16 v1.2d Enhanced LaTeX Graphics (DPC,SPQR)
(c:/Users/Mainka/AppData/Roaming/TinyTeX/texmf-dist/tex/latex/graphics/graphics.sty
Package: graphics 2022/03/10 v1.4e Standard LaTeX Graphics (DPC,SPQR)
(c:/Users/Mainka/AppData/Roaming/TinyTeX/texmf-dist/tex/latex/graphics/trig.sty
Package: trig 2021/08/11 v1.11 sin cos tan (DPC)
) (c:/Users/Mainka/AppData/Roaming/TinyTeX/texmf-dist/tex/latex/graphics-cfg/graphics.cfg
File: graphics.cfg 2016/06/04 v1.11 sample graphics configuration
)
Package graphics Info: Driver file: pdftex.def on input line 107.
)
\Gin@req@height=\dimen177
\Gin@req@width=\dimen178
)
\cslhangindent=\skip63
\csllabelwidth=\skip64
\cslentryspacingunit=\skip65
(c:/Users/Mainka/AppData/Roaming/TinyTeX/texmf-dist/tex/latex/amscls/amsthm.sty
Package: amsthm 2020/05/29 v2.20.6
\thm@style=\toks26
\thm@bodyfont=\toks27
\thm@headfont=\toks28
\thm@notefont=\toks29
\thm@headpunct=\toks30
\thm@preskip=\skip66
\thm@postskip=\skip67
\thm@headsep=\skip68
\dth@everypar=\toks31
) (c:/Users/Mainka/AppData/Roaming/TinyTeX/texmf-dist/tex/latex/tools/afterpage.sty
Package: afterpage 2014/10/28 v1.08 After-Page Package (DPC)
\AP@output=\toks32
\AP@partial=\box62
\AP@footins=\box63
) (c:/Users/Mainka/AppData/Roaming/TinyTeX/texmf-dist/tex/latex/sectsty/sectsty.sty
Package: sectsty 2002/02/25 v2.0.2 Commands to change all sectional heading styles

LaTeX Warning: Command \underbar  has changed.
               Check if current package is valid.


LaTeX Warning: Command \underline  has changed.
               Check if current package is valid.

) (c:/Users/Mainka/AppData/Roaming/TinyTeX/texmf-dist/tex/latex/fancyhdr/fancyhdr.sty
Package: fancyhdr 2022/05/18 v4.0.3 Extensive control of page headers and footers
\f@nch@headwidth=\skip69
\f@nch@O@elh=\skip70
\f@nch@O@erh=\skip71
\f@nch@O@olh=\skip72
\f@nch@O@orh=\skip73
\f@nch@O@elf=\skip74
\f@nch@O@erf=\skip75
\f@nch@O@olf=\skip76
\f@nch@O@orf=\skip77
) (c:/Users/Mainka/AppData/Roaming/TinyTeX/texmf-dist/tex/latex/pdfpages/pdfpages.sty
Package: pdfpages 2022/10/09 v0.5w Insert pages of external PDF documents (AM)
(c:/Users/Mainka/AppData/Roaming/TinyTeX/texmf-dist/tex/latex/base/ifthen.sty
Package: ifthen 2022/04/13 v1.1d Standard LaTeX ifthen package (DPC)
) (c:/Users/Mainka/AppData/Roaming/TinyTeX/texmf-dist/tex/latex/eso-pic/eso-pic.sty
Package: eso-pic 2020/10/14 v3.0a eso-pic (RN)
\ESO@tempdima=\dimen179
\ESO@tempdimb=\dimen180
)
\AM@pagewidth=\dimen181
\AM@pageheight=\dimen182
\AM@fboxrule=\dimen183
(c:/Users/Mainka/AppData/Roaming/TinyTeX/texmf-dist/tex/latex/pdfpages/pppdftex.def
File: pppdftex.def 2022/10/09 v0.5w Pdfpages driver for pdfTeX (AM)
)
\pdfpages@includegraphics@status=\count300
\AM@pagebox=\box64
\AM@global@opts=\toks33
\AM@pagecnt=\count301
\AM@toc@title=\toks34
\c@AM@survey=\count302
\AM@templatesizebox=\box65
)

Package fancyhdr Warning: \fancyhead's `E' option without twoside option is useless on input line 184.


Package fancyhdr Warning: \fancyhead's `E' option without twoside option is useless on input line 186.

(c:/Users/Mainka/AppData/Roaming/TinyTeX/texmf-dist/tex/latex/tools/multicol.sty
Package: multicol 2021/11/30 v1.9d multicolumn formatting (FMi)
\c@tracingmulticols=\count303
\mult@box=\box66
\multicol@leftmargin=\dimen184
\c@unbalance=\count304
\c@collectmore=\count305
\doublecol@number=\count306
\multicoltolerance=\count307
\multicolpretolerance=\count308
\full@width=\dimen185
\page@free=\dimen186
\premulticols=\dimen187
\postmulticols=\dimen188
\multicolsep=\skip78
\multicolbaselineskip=\skip79
\partial@page=\box67
\last@line=\box68
\maxbalancingoverflow=\dimen189
\mult@rightbox=\box69
\mult@grightbox=\box70
\mult@firstbox=\box71
\mult@gfirstbox=\box72
\@tempa=\box73
\@tempa=\box74
\@tempa=\box75
\@tempa=\box76
\@tempa=\box77
\@tempa=\box78
\@tempa=\box79
\@tempa=\box80
\@tempa=\box81
\@tempa=\box82
\@tempa=\box83
\@tempa=\box84
\@tempa=\box85
\@tempa=\box86
\@tempa=\box87
\@tempa=\box88
\@tempa=\box89
\@tempa=\box90
\@tempa=\box91
\@tempa=\box92
\@tempa=\box93
\@tempa=\box94
\@tempa=\box95
\@tempa=\box96
\@tempa=\box97
\@tempa=\box98
\@tempa=\box99
\@tempa=\box100
\@tempa=\box101
\@tempa=\box102
\@tempa=\box103
\@tempa=\box104
\@tempa=\box105
\@tempa=\box106
\@tempa=\box107
\@tempa=\box108
\c@minrows=\count309
\c@columnbadness=\count310
\c@finalcolumnbadness=\count311
\last@try=\dimen190
\multicolovershoot=\dimen191
\multicolundershoot=\dimen192
\mult@nat@firstbox=\box109
\colbreak@box=\box110
\mc@col@check@num=\count312
) (c:/Users/Mainka/AppData/Roaming/TinyTeX/texmf-dist/tex/latex/multirow/multirow.sty
Package: multirow 2021/03/15 v2.8 Span multiple rows of a table
\multirow@colwidth=\skip80
\multirow@cntb=\count313
\multirow@dima=\skip81
\bigstrutjot=\dimen193
) (c:/Users/Mainka/AppData/Roaming/TinyTeX/texmf-dist/tex/latex/wrapfig/wrapfig.sty
\wrapoverhang=\dimen194
\WF@size=\dimen195
\c@WF@wrappedlines=\count314
\WF@box=\box111
\WF@everypar=\toks35
Package: wrapfig 2003/01/31  v 3.6
) (c:/Users/Mainka/AppData/Roaming/TinyTeX/texmf-dist/tex/latex/float/float.sty
Package: float 2001/11/08 v1.3d Float enhancements (AL)
\c@float@type=\count315
\float@exts=\toks36
\float@box=\box112
\@float@everytoks=\toks37
\@floatcapt=\box113
) (c:/Users/Mainka/AppData/Roaming/TinyTeX/texmf-dist/tex/latex/colortbl/colortbl.sty
Package: colortbl 2022/06/20 v1.0f Color table columns (DPC)
\everycr=\toks38
\minrowclearance=\skip82
\rownum=\count316
) (c:/Users/Mainka/AppData/Roaming/TinyTeX/texmf-dist/tex/latex/pdflscape/pdflscape.sty
Package: pdflscape 2019/12/05 v0.12 Display of landscape pages in PDF (HO)
(c:/Users/Mainka/AppData/Roaming/TinyTeX/texmf-dist/tex/latex/graphics/lscape.sty
Package: lscape 2020/05/28 v3.02 Landscape Pages (DPC)
)
Package pdflscape Info: Auto-detected driver: pdftex on input line 81.
) (c:/Users/Mainka/AppData/Roaming/TinyTeX/texmf-dist/tex/latex/tabu/tabu.sty
Package: tabu 2019/01/11 v2.9 - flexible LaTeX tabulars (FC+tabu-fixed)
(c:/Users/Mainka/AppData/Roaming/TinyTeX/texmf-dist/tex/latex/varwidth/varwidth.sty
Package: varwidth 2009/03/30 ver 0.92;  Variable-width minipages
\@vwid@box=\box114
\sift@deathcycles=\count317
\@vwid@loff=\dimen196
\@vwid@roff=\dimen197
)
\c@taburow=\count318
\tabu@nbcols=\count319
\tabu@cnt=\count320
\tabu@Xcol=\count321
\tabu@alloc=\count322
\tabu@nested=\count323
\tabu@target=\dimen198
\tabu@spreadtarget=\dimen199
\tabu@naturalX=\dimen256
\tabucolX=\dimen257
\tabu@Xsum=\dimen258
\extrarowdepth=\dimen259
\abovetabulinesep=\dimen260
\belowtabulinesep=\dimen261
\tabustrutrule=\dimen262
\tabu@thebody=\toks39
\tabu@footnotes=\toks40
\tabu@box=\box115
\tabu@arstrutbox=\box116
\tabu@hleads=\box117
\tabu@vleads=\box118
\tabu@cellskip=\skip83
) (c:/Users/Mainka/AppData/Roaming/TinyTeX/texmf-dist/tex/latex/threeparttable/threeparttable.sty
Package: threeparttable 2003/06/13  v 3.0
\@tempboxb=\box119
) (c:/Users/Mainka/AppData/Roaming/TinyTeX/texmf-dist/tex/latex/adjustbox/adjustbox.sty
Package: adjustbox 2022/10/17 v1.3a Adjusting TeX boxes (trim, clip, ...)
(c:/Users/Mainka/AppData/Roaming/TinyTeX/texmf-dist/tex/latex/xkeyval/xkeyval.sty
Package: xkeyval 2022/06/16 v2.9 package option processing (HA)
(c:/Users/Mainka/AppData/Roaming/TinyTeX/texmf-dist/tex/generic/xkeyval/xkeyval.tex (c:/Users/Mainka/AppData/Roaming/TinyTeX/texmf-dist/tex/generic/xkeyval/xkvutils.tex
\XKV@toks=\toks41
\XKV@tempa@toks=\toks42
)
\XKV@depth=\count324
File: xkeyval.tex 2014/12/03 v2.7a key=value parser (HA)
)) (c:/Users/Mainka/AppData/Roaming/TinyTeX/texmf-dist/tex/latex/adjustbox/adjcalc.sty
Package: adjcalc 2012/05/16 v1.1 Provides advanced setlength with multiple back-ends (calc, etex, pgfmath)
) (c:/Users/Mainka/AppData/Roaming/TinyTeX/texmf-dist/tex/latex/adjustbox/trimclip.sty
Package: trimclip 2020/08/19 v1.2 Trim and clip general TeX material
(c:/Users/Mainka/AppData/Roaming/TinyTeX/texmf-dist/tex/latex/collectbox/collectbox.sty
Package: collectbox 2022/10/17 v0.4c Collect macro arguments as boxes
\collectedbox=\box120
)
\tc@llx=\dimen263
\tc@lly=\dimen264
\tc@urx=\dimen265
\tc@ury=\dimen266
Package trimclip Info: Using driver 'tc-pdftex.def'.
(c:/Users/Mainka/AppData/Roaming/TinyTeX/texmf-dist/tex/latex/adjustbox/tc-pdftex.def
File: tc-pdftex.def 2019/01/04 v2.2 Clipping driver for pdftex
))
\adjbox@Width=\dimen267
\adjbox@Height=\dimen268
\adjbox@Depth=\dimen269
\adjbox@Totalheight=\dimen270
\adjbox@pwidth=\dimen271
\adjbox@pheight=\dimen272
\adjbox@pdepth=\dimen273
\adjbox@ptotalheight=\dimen274
) (c:/Users/Mainka/AppData/Roaming/TinyTeX/texmf-dist/tex/latex/graphics/rotating.sty
Package: rotating 2016/08/11 v2.16d rotated objects in LaTeX
\c@r@tfl@t=\count325
\rotFPtop=\skip84
\rotFPbot=\skip85
\rot@float@box=\box121
\rot@mess@toks=\toks43
) (c:/Users/Mainka/AppData/Roaming/TinyTeX/texmf-dist/tex/latex/tablefootnote/tablefootnote.sty
Package: tablefootnote 2014/01/26 v1.1c Table foot notes (HMM)
(c:/Users/Mainka/AppData/Roaming/TinyTeX/texmf-dist/tex/latex/xifthen/xifthen.sty
Package: xifthen 2015/11/05 v1.4.0 Extended ifthen features
(c:/Users/Mainka/AppData/Roaming/TinyTeX/texmf-dist/tex/latex/ifmtarg/ifmtarg.sty
Package: ifmtarg 2018/04/16 v1.2b check for an empty argument
))) (c:/Users/Mainka/AppData/Roaming/TinyTeX/texmf-dist/tex/generic/ulem/ulem.sty
\UL@box=\box122
\UL@hyphenbox=\box123
\UL@skip=\skip86
\UL@hook=\toks44
\UL@height=\dimen275
\UL@pe=\count326
\UL@pixel=\dimen276
\ULC@box=\box124
Package: ulem 2019/11/18
\ULdepth=\dimen277
) (c:/Users/Mainka/AppData/Roaming/TinyTeX/texmf-dist/tex/latex/emptypage/emptypage.sty
Package: emptypage 2010/05/30 v1.2 Suppress page numbers and headings on empty pages
) (c:/Users/Mainka/AppData/Roaming/TinyTeX/texmf-dist/tex/latex/cite/chapterbib.sty
\c@inputfile=\count327
Package: chapterbib 2010/09/18  v 1.17
) (c:/Users/Mainka/AppData/Roaming/TinyTeX/texmf-dist/tex/latex/nomencl/nomencl.sty
Package: nomencl 2021/11/10 v5.6 Nomenclature package
(c:/Users/Mainka/AppData/Roaming/TinyTeX/texmf-dist/tex/latex/koma-script/tocbasic.sty
Package: tocbasic 2022/10/12 v3.38 KOMA-Script package (handling toc-files)
(c:/Users/Mainka/AppData/Roaming/TinyTeX/texmf-dist/tex/latex/koma-script/scrbase.sty
Package: scrbase 2022/10/12 v3.38 KOMA-Script package (KOMA-Script-independent basics and keyval usage)
(c:/Users/Mainka/AppData/Roaming/TinyTeX/texmf-dist/tex/latex/koma-script/scrlfile.sty
Package: scrlfile 2022/10/12 v3.38 KOMA-Script package (file load hooks)
(c:/Users/Mainka/AppData/Roaming/TinyTeX/texmf-dist/tex/latex/koma-script/scrlfile-hook.sty
Package: scrlfile-hook 2022/10/12 v3.38 KOMA-Script package (using LaTeX hooks)
(c:/Users/Mainka/AppData/Roaming/TinyTeX/texmf-dist/tex/latex/koma-script/scrlogo.sty
Package: scrlogo 2022/10/12 v3.38 KOMA-Script package (logo)
)))
Applying: [2021/05/01] Usage of raw or classic option list on input line 252.
Already applied: [0000/00/00] Usage of raw or classic option list on input line 368.
)
\scr@dte@tocline@numberwidth=\skip87
\scr@dte@tocline@numbox=\box125
)
Package tocbasic Info: omitting babel extension for `nlo'
(tocbasic)             because of missing \bbl@set@language on input line 187.
Package tocbasic Info: omitting babel extension for `nls'
(tocbasic)             because of missing \bbl@set@language on input line 188.
\nomlabelwidth=\dimen278
\nom@tempdim=\dimen279
\nomitemsep=\skip88
)
\@nomenclaturefile=\write4
\openout4 = `DSM_CG.nlo'.

Package nomencl Info: Writing nomenclature file DSM_CG.nlo on input line 217.
(c:/Users/Mainka/AppData/Roaming/TinyTeX/texmf-dist/tex/latex/imakeidx/imakeidx.sty
Package: imakeidx 2016/10/15 v1.3e Package for typesetting indices in a synchronous mode
(c:/Users/Mainka/AppData/Roaming/TinyTeX/texmf-dist/tex/generic/iftex/ifxetex.sty
Package: ifxetex 2019/10/25 v0.7 ifxetex legacy package. Use iftex instead.
) (c:/Users/Mainka/AppData/Roaming/TinyTeX/texmf-dist/tex/generic/iftex/ifluatex.sty
Package: ifluatex 2019/10/25 v1.5 ifluatex legacy package. Use iftex instead.
))
\DSM_CG@idxfile=\write5
\openout5 = `DSM_CG.idx'.

Writing index file DSM_CG.idx
(c:/Users/Mainka/AppData/Roaming/TinyTeX/texmf-dist/tex/latex/tools/xspace.sty
Package: xspace 2014/10/28 v1.13 Space after command names (DPC,MH)
)
Package hyperref Info: Option `colorlinks' set `true' on input line 237.
(c:/Users/Mainka/AppData/Roaming/TinyTeX/texmf-dist/tex/latex/titling/titling.sty
Package: titling 2009/09/04 v2.1d maketitle typesetting
\thanksmarkwidth=\skip89
\thanksmargin=\skip90
\droptitle=\skip91
) (c:/Users/Mainka/AppData/Roaming/TinyTeX/texmf-dist/tex/latex/natbib/natbib.sty
Package: natbib 2010/09/13 8.31b (PWD, AO)
\bibhang=\skip92
\bibsep=\skip93
LaTeX Info: Redefining \cite on input line 694.
\c@NAT@ctr=\count328
) (c:/Users/Mainka/AppData/Roaming/TinyTeX/texmf-dist/tex/latex/subfig/subfig.sty
Package: subfig 2005/06/28 ver: 1.3 subfig package
(c:/Users/Mainka/AppData/Roaming/TinyTeX/texmf-dist/tex/latex/caption/caption.sty
Package: caption 2022/03/01 v3.6b Customizing captions (AR)
(c:/Users/Mainka/AppData/Roaming/TinyTeX/texmf-dist/tex/latex/caption/caption3.sty
Package: caption3 2022/03/17 v2.3b caption3 kernel (AR)
\caption@tempdima=\dimen280
\captionmargin=\dimen281
\caption@leftmargin=\dimen282
\caption@rightmargin=\dimen283
\caption@width=\dimen284
\caption@indent=\dimen285
\caption@parindent=\dimen286
\caption@hangindent=\dimen287
Package caption Info: Standard document class detected.
)
\c@caption@flags=\count329
\c@continuedfloat=\count330
Package caption Info: float package is loaded.
Package caption Info: hyperref package is loaded.
Package caption Info: longtable package is loaded.
(c:/Users/Mainka/AppData/Roaming/TinyTeX/texmf-dist/tex/latex/caption/ltcaption.sty
Package: ltcaption 2021/01/08 v1.4c longtable captions (AR)
)
Package caption Info: rotating package is loaded.
Package caption Info: threeparttable package is loaded.
Package caption Info: wrapfig package is loaded.
)
\c@KVtest=\count331
\sf@farskip=\skip94
\sf@captopadj=\dimen288
\sf@capskip=\skip95
\sf@nearskip=\skip96
\c@subfigure=\count332
\c@subfigure@save=\count333
\c@lofdepth=\count334
\c@subtable=\count335
\c@subtable@save=\count336
\c@lotdepth=\count337
\sf@top=\skip97
\sf@bottom=\skip98
) (c:/Users/Mainka/AppData/Roaming/TinyTeX/texmf-dist/tex/latex/threeparttablex/threeparttablex.sty
Package: threeparttablex 2013/07/23 v0.3 by daleif
(c:/Users/Mainka/AppData/Roaming/TinyTeX/texmf-dist/tex/latex/environ/environ.sty
Package: environ 2014/05/04 v0.3 A new way to define environments
(c:/Users/Mainka/AppData/Roaming/TinyTeX/texmf-dist/tex/latex/trimspaces/trimspaces.sty
Package: trimspaces 2009/09/17 v1.1 Trim spaces around a token list
))
\TPTL@width=\skip99
) (c:/Users/Mainka/AppData/Roaming/TinyTeX/texmf-dist/tex/latex/makecell/makecell.sty
Package: makecell 2009/08/03 V0.1e Managing of Tab Column Heads and Cells
\rotheadsize=\dimen289
\c@nlinenum=\count338
\TeXr@lab=\toks45
)
   defining Unicode char U+2212 (decimal 8722)
(c:/Users/Mainka/AppData/Roaming/TinyTeX/texmf-dist/tex/latex/l3backend/l3backend-pdftex.def
File: l3backend-pdftex.def 2022-09-28 L3 backend support: PDF output (pdfTeX)
\l__color_backend_stack_int=\count339
\l__pdf_internal_box=\box126
)
No file DSM_CG.aux.
\openout1 = `DSM_CG.aux'.

LaTeX Font Info:    Checking defaults for OML/cmm/m/it on input line 271.
LaTeX Font Info:    ... okay on input line 271.
LaTeX Font Info:    Checking defaults for OMS/cmsy/m/n on input line 271.
LaTeX Font Info:    ... okay on input line 271.
LaTeX Font Info:    Checking defaults for OT1/cmr/m/n on input line 271.
LaTeX Font Info:    ... okay on input line 271.
LaTeX Font Info:    Checking defaults for T1/cmr/m/n on input line 271.
LaTeX Font Info:    ... okay on input line 271.
LaTeX Font Info:    Checking defaults for TS1/cmr/m/n on input line 271.
LaTeX Font Info:    ... okay on input line 271.
LaTeX Font Info:    Checking defaults for OMX/cmex/m/n on input line 271.
LaTeX Font Info:    ... okay on input line 271.
LaTeX Font Info:    Checking defaults for U/cmr/m/n on input line 271.
LaTeX Font Info:    ... okay on input line 271.
LaTeX Font Info:    Checking defaults for PD1/pdf/m/n on input line 271.
LaTeX Font Info:    ... okay on input line 271.
LaTeX Font Info:    Checking defaults for PU/pdf/m/n on input line 271.
LaTeX Font Info:    ... okay on input line 271.
(c:/Users/Mainka/AppData/Roaming/TinyTeX/texmf-dist/tex/latex/epstopdf-pkg/epstopdf-base.sty
Package: epstopdf-base 2020-01-24 v2.11 Base part for package epstopdf
Package epstopdf-base Info: Redefining graphics rule for `.eps' on input line 485.
(c:/Users/Mainka/AppData/Roaming/TinyTeX/texmf-dist/tex/latex/latexconfig/epstopdf-sys.cfg
File: epstopdf-sys.cfg 2010/07/13 v1.3 Configuration of (r)epstopdf for TeX Live
))
Package hyperref Info: Link coloring ON on input line 271.
Package chapterbib Info: The sectionbib option changes "\chapter *" to "\section *" in \thebibliography on input line 271.
Package caption Info: Begin \AtBeginDocument code.
Package caption Info: subfig package v1.3 is loaded.
Package caption Info: End \AtBeginDocument code.


pdfTeX warning: pdflatex.exe (file ./images/frontcover.pdf): PDF inclusion: found PDF version <1.6>, but at most version <1.5> allowed
<images/frontcover.pdf, id=4, 597.50829pt x 845.0471pt>
File: images/frontcover.pdf Graphic file (type pdf)
<use images/frontcover.pdf>
Package pdftex.def Info: images/frontcover.pdf  used on input line 275.
(pdftex.def)             Requested size: 329.4967pt x 466.0023pt.


pdfTeX warning: pdflatex.exe (file ./images/frontcover.pdf): PDF inclusion: found PDF version <1.6>, but at most version <1.5> allowed
File: images/frontcover.pdf Graphic file (type pdf)
<use images/frontcover.pdf>
Package pdftex.def Info: images/frontcover.pdf  used on input line 275.
(pdftex.def)             Requested size: 329.4967pt x 466.0023pt.


pdfTeX warning: pdflatex.exe (file ./images/frontcover.pdf): PDF inclusion: found PDF version <1.6>, but at most version <1.5> allowed


pdfTeX warning: pdflatex.exe (file ./images/frontcover.pdf): PDF inclusion: found PDF version <1.6>, but at most version <1.5> allowed
<images/frontcover.pdf, id=7, page=1, 597.50829pt x 845.0471pt>
File: images/frontcover.pdf Graphic file (type pdf)
<use images/frontcover.pdf, page 1>
Package pdftex.def Info: images/frontcover.pdf , page1 used on input line 275.
(pdftex.def)             Requested size: 597.50682pt x 845.04504pt.
File: images/frontcover.pdf Graphic file (type pdf)
<use images/frontcover.pdf, page 1>
Package pdftex.def Info: images/frontcover.pdf , page1 used on input line 275.
(pdftex.def)             Requested size: 501.19238pt x 708.82898pt.
File: images/frontcover.pdf Graphic file (type pdf)
<use images/frontcover.pdf, page 1>
Package pdftex.def Info: images/frontcover.pdf , page1 used on input line 275.
(pdftex.def)             Requested size: 501.19238pt x 708.82898pt.
File: images/frontcover.pdf Graphic file (type pdf)
<use images/frontcover.pdf, page 1>
Package pdftex.def Info: images/frontcover.pdf , page1 used on input line 275.
(pdftex.def)             Requested size: 501.19238pt x 708.82898pt.
File: images/frontcover.pdf Graphic file (type pdf)
<use images/frontcover.pdf, page 1>
Package pdftex.def Info: images/frontcover.pdf , page1 used on input line 275.
(pdftex.def)             Requested size: 501.19238pt x 708.82898pt.
[1

 <./images/frontcover.pdf>]
pdfTeX warning (ext4): destination with the same identifier (name{page.1}) has been already used, duplicate ignored
<to be read again> 
                   \relax 
l.278 \begin{titlepage}
                        [1

]
pdfTeX warning (ext4): destination with the same identifier (name{page.1}) has been already used, duplicate ignored
<to be read again> 
                   \relax 
l.293 \end{titlepage}
                      [1{c:/Users/Mainka/AppData/Roaming/TinyTeX/texmf-var/fonts/map/pdftex/updmap/pdftex.map}]
<images/CB9015EN_Copyright Disclaimer_v2.pdf, id=307, 597.31157pt x 845.19763pt>
File: images/CB9015EN_Copyright Disclaimer_v2.pdf Graphic file (type pdf)
<use images/CB9015EN_Copyright Disclaimer_v2.pdf>
Package pdftex.def Info: images/CB9015EN_Copyright Disclaimer_v2.pdf  used on input line 294.
(pdftex.def)             Requested size: 329.32443pt x 465.99504pt.
File: images/CB9015EN_Copyright Disclaimer_v2.pdf Graphic file (type pdf)
<use images/CB9015EN_Copyright Disclaimer_v2.pdf>
Package pdftex.def Info: images/CB9015EN_Copyright Disclaimer_v2.pdf  used on input line 294.
(pdftex.def)             Requested size: 329.32443pt x 465.99504pt.
<images/CB9015EN_Copyright Disclaimer_v2.pdf, id=310, page=1, 597.31157pt x 845.19763pt>
File: images/CB9015EN_Copyright Disclaimer_v2.pdf Graphic file (type pdf)
<use images/CB9015EN_Copyright Disclaimer_v2.pdf, page 1>
Package pdftex.def Info: images/CB9015EN_Copyright Disclaimer_v2.pdf , page1 used on input line 294.
(pdftex.def)             Requested size: 597.3101pt x 845.19557pt.
File: images/CB9015EN_Copyright Disclaimer_v2.pdf Graphic file (type pdf)
<use images/CB9015EN_Copyright Disclaimer_v2.pdf, page 1>
Package pdftex.def Info: images/CB9015EN_Copyright Disclaimer_v2.pdf , page1 used on input line 294.
(pdftex.def)             Requested size: 501.02739pt x 708.95523pt.
File: images/CB9015EN_Copyright Disclaimer_v2.pdf Graphic file (type pdf)
<use images/CB9015EN_Copyright Disclaimer_v2.pdf, page 1>
Package pdftex.def Info: images/CB9015EN_Copyright Disclaimer_v2.pdf , page1 used on input line 294.
(pdftex.def)             Requested size: 501.02739pt x 708.95523pt.
File: images/CB9015EN_Copyright Disclaimer_v2.pdf Graphic file (type pdf)
<use images/CB9015EN_Copyright Disclaimer_v2.pdf, page 1>
Package pdftex.def Info: images/CB9015EN_Copyright Disclaimer_v2.pdf , page1 used on input line 294.
(pdftex.def)             Requested size: 501.02739pt x 708.95523pt.

pdfTeX warning (ext4): destination with the same identifier (name{page.1}) has been already used, duplicate ignored
<to be read again> 
                   \relax 
l.294 ...ges/CB9015EN_Copyright Disclaimer_v2.pdf}
                                                  
File: images/CB9015EN_Copyright Disclaimer_v2.pdf Graphic file (type pdf)
<use images/CB9015EN_Copyright Disclaimer_v2.pdf, page 1>
Package pdftex.def Info: images/CB9015EN_Copyright Disclaimer_v2.pdf , page1 used on input line 294.
(pdftex.def)             Requested size: 501.02739pt x 708.95523pt.
[1 <./images/CB9015EN_Copyright Disclaimer_v2.pdf>]
LaTeX Font Info:    Trying to load font information for T1+lmss on input line 301.
(c:/Users/Mainka/AppData/Roaming/TinyTeX/texmf-dist/tex/latex/lm/t1lmss.fd
File: t1lmss.fd 2015/05/01 v1.6.1 Font defs for Latin Modern
)
No file DSM_CG.toc.
\tf@toc=\write6
\openout6 = `DSM_CG.toc'.

[1


]
No file DSM_CG.lof.
\tf@lof=\write7
\openout7 = `DSM_CG.lof'.

[2

]
No file DSM_CG.lot.
\tf@lot=\write8
\openout8 = `DSM_CG.lot'.

[3

] [4

]
Underfull \hbox (badness 10000) in paragraph at lines 349--352

 []

[5

]
Underfull \hbox (badness 10000) in paragraph at lines 357--358

 []


Underfull \hbox (badness 10000) in paragraph at lines 361--363

 []

[6

]
Chapter 1.
LaTeX Font Info:    Trying to load font information for OT1+lmr on input line 372.
(c:/Users/Mainka/AppData/Roaming/TinyTeX/texmf-dist/tex/latex/lm/ot1lmr.fd
File: ot1lmr.fd 2015/05/01 v1.6.1 Font defs for Latin Modern
)
LaTeX Font Info:    Trying to load font information for OML+lmm on input line 372.
(c:/Users/Mainka/AppData/Roaming/TinyTeX/texmf-dist/tex/latex/lm/omllmm.fd
File: omllmm.fd 2015/05/01 v1.6.1 Font defs for Latin Modern
)
LaTeX Font Info:    Trying to load font information for OMS+lmsy on input line 372.
(c:/Users/Mainka/AppData/Roaming/TinyTeX/texmf-dist/tex/latex/lm/omslmsy.fd
File: omslmsy.fd 2015/05/01 v1.6.1 Font defs for Latin Modern
)
LaTeX Font Info:    Trying to load font information for OMX+lmex on input line 372.
(c:/Users/Mainka/AppData/Roaming/TinyTeX/texmf-dist/tex/latex/lm/omxlmex.fd
File: omxlmex.fd 2015/05/01 v1.6.1 Font defs for Latin Modern
)
LaTeX Font Info:    External font `lmex10' loaded for size
(Font)              <10> on input line 372.
LaTeX Font Info:    External font `lmex10' loaded for size
(Font)              <7> on input line 372.
LaTeX Font Info:    External font `lmex10' loaded for size
(Font)              <5> on input line 372.
LaTeX Font Info:    Trying to load font information for U+msa on input line 372.
(c:/Users/Mainka/AppData/Roaming/TinyTeX/texmf-dist/tex/latex/amsfonts/umsa.fd
File: umsa.fd 2013/01/14 v3.01 AMS symbols A
)
LaTeX Font Info:    Trying to load font information for U+msb on input line 372.
(c:/Users/Mainka/AppData/Roaming/TinyTeX/texmf-dist/tex/latex/amsfonts/umsb.fd
File: umsb.fd 2013/01/14 v3.01 AMS symbols B
)
pdfTeX warning (ext4): destination with the same identifier (name{page.1}) has been already used, duplicate ignored
<to be read again> 
                   \relax 
l.379 
       [1


] [2]
LaTeX Font Info:    Trying to load font information for TS1+lmr on input line 397.
(c:/Users/Mainka/AppData/Roaming/TinyTeX/texmf-dist/tex/latex/lm/ts1lmr.fd
File: ts1lmr.fd 2015/05/01 v1.6.1 Font defs for Latin Modern
)

LaTeX Warning: Reference `fig:steps' on page 3 undefined on input line 408.

[3]
<images/Manual-Workflow.png, id=421, 487.8225pt x 316.3017pt>
File: images/Manual-Workflow.png Graphic file (type png)
<use images/Manual-Workflow.png>
Package pdftex.def Info: images/Manual-Workflow.png  used on input line 411.
(pdftex.def)             Requested size: 487.85107pt x 316.32022pt.

Overfull \hbox (142.85107pt too wide) in paragraph at lines 411--411
[][] 
 []

[4 <./images/Manual-Workflow.png>] [5]
Chapter 2.
[6

]

LaTeX Warning: Reference `tab:nutrients' on page 7 undefined on input line 457.

[7] [8]
Chapter 3.
[9

]
<images/2_RStudio-interface.png, id=491, 1028.34187pt x 548.0475pt>
File: images/2_RStudio-interface.png Graphic file (type png)
<use images/2_RStudio-interface.png>
Package pdftex.def Info: images/2_RStudio-interface.png  used on input line 550.
(pdftex.def)             Requested size: 874.40855pt x 466.00983pt.

Overfull \hbox (529.40855pt too wide) in paragraph at lines 550--550
[][] 
 []


LaTeX Warning: Float too large for page by 22.00983pt on input line 551.


LaTeX Warning: Reference `fig:Rstudio' on page 10 undefined on input line 553.

[10] [11 <./images/2_RStudio-interface.PNG>]
Underfull \hbox (badness 5592) in paragraph at lines 570--571
[]\T1/lmr/m/n/10 Stackoverflow \T1/lmr/bx/n/10 R \T1/lmr/m/n/10 com-mu-nity: [][]$https : / / stackover^^]ow . com / questions /
 []


LaTeX Warning: Reference `fig:Rstudio' on page 12 undefined on input line 585.

[12]

LaTeX Warning: Reference `fig:GEE' on page 13 undefined on input line 593.

<images/2.1_GEE_codeeditor.png, id=535, 1446.90562pt x 709.14937pt>
File: images/2.1_GEE_codeeditor.png Graphic file (type png)
<use images/2.1_GEE_codeeditor.png>
Package pdftex.def Info: images/2.1_GEE_codeeditor.png  used on input line 599.
(pdftex.def)             Requested size: 950.81003pt x 466.00574pt.

Overfull \hbox (605.81003pt too wide) in paragraph at lines 599--599
[][] 
 []


LaTeX Warning: Float too large for page by 22.00574pt on input line 600.


LaTeX Warning: Reference `fig:asset' on page 13 undefined on input line 602.

<images/2.2_upload-assets-1.png, id=536, 1269.24188pt x 679.78969pt>
File: images/2.2_upload-assets-1.png Graphic file (type png)
<use images/2.2_upload-assets-1.png>
Package pdftex.def Info: images/2.2_upload-assets-1.png  used on input line 605.
(pdftex.def)             Requested size: 870.06458pt x 465.99544pt.

Overfull \hbox (525.06458pt too wide) in paragraph at lines 605--605
[][] 
 []


LaTeX Warning: Float too large for page by 21.99544pt on input line 606.


LaTeX Warning: Reference `fig:upload' on page 13 undefined on input line 608.

<images/2.3_upload-assets-2.png, id=537, 409.53pt x 553.31718pt>
File: images/2.3_upload-assets-2.png Graphic file (type png)
<use images/2.3_upload-assets-2.png>
Package pdftex.def Info: images/2.3_upload-assets-2.png  used on input line 611.
(pdftex.def)             Requested size: 344.9027pt x 465.99904pt.

LaTeX Warning: Float too large for page by 21.99904pt on input line 612.

[13] [14 <./images/2.1_GEE_codeeditor.png>] [15 <./images/2.2_upload-assets-1.PNG>] [16 <./images/2.3_upload-assets-2.png>]
LaTeX Font Info:    Trying to load font information for T1+lmtt on input line 622.
(c:/Users/Mainka/AppData/Roaming/TinyTeX/texmf-dist/tex/latex/lm/t1lmtt.fd
File: t1lmtt.fd 2015/05/01 v1.6.1 Font defs for Latin Modern
) [17] [18]
Chapter 4.
[19

] [20]

LaTeX Warning: Reference `fig:workflow1' on page 21 undefined on input line 688.

<images/workflow_county_data.png, id=631, 1163.34625pt x 1263.72125pt>
File: images/workflow_county_data.png Graphic file (type png)
<use images/workflow_county_data.png>
Package pdftex.def Info: images/workflow_county_data.png  used on input line 691.
(pdftex.def)             Requested size: 428.99353pt x 466.00764pt.

Overfull \hbox (83.99353pt too wide) in paragraph at lines 691--691
[][] 
 []


LaTeX Warning: Float too large for page by 34.00764pt on input line 692.

[21] [22 <./images/workflow_county_data.png (PNG copy)>]
Chapter 5.

LaTeX Warning: Reference `tab:data1' on page 23 undefined on input line 700.

[23

] [24] [25] [26]

LaTeX Warning: Reference `tab:table2' on page 27 undefined on input line 890.

[27] [28] [29] [30]

LaTeX Warning: Reference `tab:table3' on page 31 undefined on input line 1066.

[31] [32]

LaTeX Warning: Reference `tab:table4' on page 33 undefined on input line 1199.

[33] [34] [35] [36] [37] [38]
LaTeX Font Info:    Trying to load font information for TS1+lmtt on input line 1449.
(c:/Users/Mainka/AppData/Roaming/TinyTeX/texmf-dist/tex/latex/lm/ts1lmtt.fd
File: ts1lmtt.fd 2015/05/01 v1.6.1 Font defs for Latin Modern
) [39]
LaTeX Font Info:    Font shape `T1/lmtt/bx/n' in size <10> not available
(Font)              Font shape `T1/lmtt/b/n' tried instead on input line 1477.

LaTeX Font Warning: Font shape `T1/lmtt/bx/it' in size <10> not available
(Font)              Font shape `T1/lmtt/b/sl' tried instead on input line 1477.

[40]
Overfull \hbox (195.74843pt too wide) in paragraph at lines 1507--1507
[]\T1/lmtt/m/n/10 ##  [1] "id_prof" "id_hor"  "top"     "bottom"  "ph_h2o"  "k"       "soc"     "clay"    "bd"      "cec"[] 
 []


Overfull \hbox (27.74892pt too wide) in paragraph at lines 1526--1526
[]\T1/lmtt/m/n/10 ##  Min.   :  51   Min.   :-61.64   Min.   :-38.81   Min.   :1969-05-29[] 
 []


Overfull \hbox (27.74892pt too wide) in paragraph at lines 1526--1526
[]\T1/lmtt/m/n/10 ##  1st Qu.:6511   1st Qu.:-60.40   1st Qu.:-37.93   1st Qu.:1970-08-26[] 
 []


Overfull \hbox (27.74892pt too wide) in paragraph at lines 1526--1526
[]\T1/lmtt/m/n/10 ##  Median :7092   Median :-59.28   Median :-37.54   Median :1971-12-10[] 
 []


Overfull \hbox (27.74892pt too wide) in paragraph at lines 1526--1526
[]\T1/lmtt/m/n/10 ##  Mean   :6169   Mean   :-59.40   Mean   :-37.54   Mean   :1976-02-26[] 
 []


Overfull \hbox (27.74892pt too wide) in paragraph at lines 1526--1526
[]\T1/lmtt/m/n/10 ##  3rd Qu.:7383   3rd Qu.:-58.40   3rd Qu.:-37.10   3rd Qu.:1981-06-07[] 
 []


Overfull \hbox (27.74892pt too wide) in paragraph at lines 1526--1526
[]\T1/lmtt/m/n/10 ##  Max.   :8128   Max.   :-57.55   Max.   :-36.56   Max.   :2011-11-17[] 
 []


Overfull \hbox (484.49759pt too wide) in paragraph at lines 1543--1543
[]\T1/lmtt/m/n/10 ##      ProfID         HorID            top             bottom           ph_h2o            k               soc              clay             bd            cec[] 
 []


Overfull \hbox (510.74751pt too wide) in paragraph at lines 1543--1543
[]\T1/lmtt/m/n/10 ##  Min.   :  51   Min.   :12230   Min.   :  0.00   Min.   :  5.00   Min.   : 5.00   Min.   : 0.200   Min.   : 0.020   Min.   : 2.20   Min.   :0.87   Min.   : 2.40[] 
 []


Overfull \hbox (510.74751pt too wide) in paragraph at lines 1543--1543
[]\T1/lmtt/m/n/10 ##  1st Qu.:6512   1st Qu.:29161   1st Qu.: 15.00   1st Qu.: 28.00   1st Qu.: 6.70   1st Qu.: 1.400   1st Qu.: 0.250   1st Qu.:20.90   1st Qu.:1.16   1st Qu.:19.70[] 
 []


Overfull \hbox (510.74751pt too wide) in paragraph at lines 1543--1543
[]\T1/lmtt/m/n/10 ##  Median :6948   Median :31464   Median : 35.00   Median : 55.00   Median : 7.40   Median : 1.900   Median : 0.720   Median :27.20   Median :1.26   Median :24.90[] 
 []


Overfull \hbox (510.74751pt too wide) in paragraph at lines 1543--1543
[]\T1/lmtt/m/n/10 ##  Mean   :6166   Mean   :28491   Mean   : 42.67   Mean   : 62.14   Mean   : 7.59   Mean   : 1.994   Mean   : 1.457   Mean   :28.34   Mean   :1.26   Mean   :25.38[] 
 []


Overfull \hbox (510.74751pt too wide) in paragraph at lines 1543--1543
[]\T1/lmtt/m/n/10 ##  3rd Qu.:7385   3rd Qu.:33766   3rd Qu.: 65.00   3rd Qu.: 88.00   3rd Qu.: 8.50   3rd Qu.: 2.500   3rd Qu.: 2.360   3rd Qu.:34.25   3rd Qu.:1.38   3rd Qu.:30.30[] 
 []


Overfull \hbox (510.74751pt too wide) in paragraph at lines 1543--1543
[]\T1/lmtt/m/n/10 ##  Max.   :8128   Max.   :37674   Max.   :190.00   Max.   :230.00   Max.   :10.30   Max.   :16.800   Max.   :19.000   Max.   :66.20   Max.   :1.49   Max.   :66.60[] 
 []


Overfull \hbox (500.24754pt too wide) in paragraph at lines 1543--1543
[]\T1/lmtt/m/n/10 ##                                                                   NA's   :318     NA's   :331      NA's   :358      NA's   :366     NA's   :1804   NA's   :354[] 
 []

[41] [42]
<DSM_CG_files/figure-latex/unnamed-chunk-8-1.pdf, id=778, 469.755pt x 325.215pt>
File: DSM_CG_files/figure-latex/unnamed-chunk-8-1.pdf Graphic file (type pdf)
<use DSM_CG_files/figure-latex/unnamed-chunk-8-1.pdf>
Package pdftex.def Info: DSM_CG_files/figure-latex/unnamed-chunk-8-1.pdf  used on input line 1624.
(pdftex.def)             Requested size: 344.997pt x 238.84406pt.
[43] [44 <./DSM_CG_files/figure-latex/unnamed-chunk-8-1.pdf>] [45]
Overfull \hbox (80.24876pt too wide) in paragraph at lines 1713--1713
[]\T1/lmtt/m/n/10 ## dropping profiles with invalid depth logic, see `metadata(x)$removed.profiles`[] 
 []


Underfull \hbox (badness 10000) in paragraph at lines 1751--1752
\T1/lmr/m/n/10 (e.g. [][]$https : / / hbctraining . github . io / Intro -[] to -[] R / lessons / 03 _ introR -[] functions -[]
 []

[46] [47] [48] [49]
<DSM_CG_files/figure-latex/unnamed-chunk-12-1.pdf, id=821, 469.755pt x 325.215pt>
File: DSM_CG_files/figure-latex/unnamed-chunk-12-1.pdf Graphic file (type pdf)
<use DSM_CG_files/figure-latex/unnamed-chunk-12-1.pdf>
Package pdftex.def Info: DSM_CG_files/figure-latex/unnamed-chunk-12-1.pdf  used on input line 1896.
(pdftex.def)             Requested size: 344.997pt x 238.84406pt.
<DSM_CG_files/figure-latex/unnamed-chunk-12-2.pdf, id=822, 469.755pt x 325.215pt>
File: DSM_CG_files/figure-latex/unnamed-chunk-12-2.pdf Graphic file (type pdf)
<use DSM_CG_files/figure-latex/unnamed-chunk-12-2.pdf>
Package pdftex.def Info: DSM_CG_files/figure-latex/unnamed-chunk-12-2.pdf  used on input line 1909.
(pdftex.def)             Requested size: 344.997pt x 238.84406pt.
[50 <./DSM_CG_files/figure-latex/unnamed-chunk-12-1.pdf>] [51 <./DSM_CG_files/figure-latex/unnamed-chunk-12-2.pdf>]
<DSM_CG_files/figure-latex/unnamed-chunk-13-1.pdf, id=844, 469.755pt x 325.215pt>
File: DSM_CG_files/figure-latex/unnamed-chunk-13-1.pdf Graphic file (type pdf)
<use DSM_CG_files/figure-latex/unnamed-chunk-13-1.pdf>
Package pdftex.def Info: DSM_CG_files/figure-latex/unnamed-chunk-13-1.pdf  used on input line 1939.
(pdftex.def)             Requested size: 344.997pt x 238.84406pt.
[52 <./DSM_CG_files/figure-latex/unnamed-chunk-13-1.pdf>] [53]
<DSM_CG_files/figure-latex/unnamed-chunk-14-1.pdf, id=863, 469.755pt x 325.215pt>
File: DSM_CG_files/figure-latex/unnamed-chunk-14-1.pdf Graphic file (type pdf)
<use DSM_CG_files/figure-latex/unnamed-chunk-14-1.pdf>
Package pdftex.def Info: DSM_CG_files/figure-latex/unnamed-chunk-14-1.pdf  used on input line 1996.
(pdftex.def)             Requested size: 344.997pt x 238.84406pt.
[54 <./DSM_CG_files/figure-latex/unnamed-chunk-14-1.pdf>] [55] [56]
Chapter 6.

LaTeX Warning: Reference `eq:scorpan' on page 57 undefined on input line 2069.


LaTeX Warning: Reference `tab:covs1' on page 57 undefined on input line 2069.


LaTeX Warning: Reference `tab:covs1' on page 57 undefined on input line 2069.


LaTeX Warning: Reference `tab:covs1' on page 57 undefined on input line 2069.

[57

] [58] [59] [60] [61] [62]
Underfull \hbox (badness 2189) in paragraph at lines 2387--2388
[]\T1/lmr/m/n/10 Short-wave In-frared (SWIR) black-sky albedo for short-wave broad-band
 []

[63] [64] [65] [66] [67]

LaTeX Warning: Reference `tab:covs1' on page 68 undefined on input line 2578.

<images/6.1_GSP_Covariate_repository.png, id=938, 447.17062pt x 389.95688pt>
File: images/6.1_GSP_Covariate_repository.png Graphic file (type png)
<use images/6.1_GSP_Covariate_repository.png>
Package pdftex.def Info: images/6.1_GSP_Covariate_repository.png  used on input line 2581.
(pdftex.def)             Requested size: 447.18999pt x 389.97375pt.

Overfull \hbox (102.18999pt too wide) in paragraph at lines 2581--2581
[][] 
 []

! Missing $ inserted.
<inserted text> 
                $
l.2581 ...ry to your assets in GEE.}(\#fig:assets_
                                                  GSP) 
Here is how much of TeX's memory you used:
 19099 strings out of 477031
 324562 string characters out of 5826550
 701364 words of memory out of 5000000
 39618 multiletter control sequences out of 15000+600000
 532205 words of font info for 68 fonts, out of 8000000 for 9000
 14 hyphenation exceptions out of 8191
 110i,17n,133p,1091b,604s stack positions out of 10000i,1000n,20000p,200000b,200000s

!  ==> Fatal error occurred, no output PDF file produced!
