This is pdfTeX, Version 3.141592653-2.6-1.40.25 (TeX Live 2023) (preloaded format=pdflatex 2023.9.13)  14 SEP 2023 15:41
entering extended mode
 restricted \write18 enabled.
 %&-line parsing enabled.
**GSNmap_Technical_Manual.tex
(./GSNmap_Technical_Manual.tex
LaTeX2e <2023-06-01> patch level 1
L3 programming layer <2023-08-29>
(c:/Users/luottoi/AppData/Roaming/TinyTeX/texmf-dist/tex/latex/base/book.cls
Document Class: book 2023/05/17 v1.4n Standard LaTeX document class
(c:/Users/luottoi/AppData/Roaming/TinyTeX/texmf-dist/tex/latex/base/bk10.clo
File: bk10.clo 2023/05/17 v1.4n Standard LaTeX file (size option)
)
\c@part=\count185
\c@chapter=\count186
\c@section=\count187
\c@subsection=\count188
\c@subsubsection=\count189
\c@paragraph=\count190
\c@subparagraph=\count191
\c@figure=\count192
\c@table=\count193
\abovecaptionskip=\skip48
\belowcaptionskip=\skip49
\bibindent=\dimen140
) (c:/Users/luottoi/AppData/Roaming/TinyTeX/texmf-dist/tex/latex/amsmath/amsmath.sty
Package: amsmath 2023/05/13 v2.17o AMS math features
\@mathmargin=\skip50
For additional information on amsmath, use the `?' option.
(c:/Users/luottoi/AppData/Roaming/TinyTeX/texmf-dist/tex/latex/amsmath/amstext.sty
Package: amstext 2021/08/26 v2.01 AMS text
(c:/Users/luottoi/AppData/Roaming/TinyTeX/texmf-dist/tex/latex/amsmath/amsgen.sty
File: amsgen.sty 1999/11/30 v2.0 generic functions
\@emptytoks=\toks17
\ex@=\dimen141
)) (c:/Users/luottoi/AppData/Roaming/TinyTeX/texmf-dist/tex/latex/amsmath/amsbsy.sty
Package: amsbsy 1999/11/29 v1.2d Bold Symbols
\pmbraise@=\dimen142
) (c:/Users/luottoi/AppData/Roaming/TinyTeX/texmf-dist/tex/latex/amsmath/amsopn.sty
Package: amsopn 2022/04/08 v2.04 operator names
)
\inf@bad=\count194
LaTeX Info: Redefining \frac on input line 234.
\uproot@=\count195
\leftroot@=\count196
LaTeX Info: Redefining \overline on input line 399.
LaTeX Info: Redefining \colon on input line 410.
\classnum@=\count197
\DOTSCASE@=\count198
LaTeX Info: Redefining \ldots on input line 496.
LaTeX Info: Redefining \dots on input line 499.
LaTeX Info: Redefining \cdots on input line 620.
\Mathstrutbox@=\box51
\strutbox@=\box52
LaTeX Info: Redefining \big on input line 722.
LaTeX Info: Redefining \Big on input line 723.
LaTeX Info: Redefining \bigg on input line 724.
LaTeX Info: Redefining \Bigg on input line 725.
\big@size=\dimen143
LaTeX Font Info:    Redeclaring font encoding OML on input line 743.
LaTeX Font Info:    Redeclaring font encoding OMS on input line 744.
\macc@depth=\count199
LaTeX Info: Redefining \bmod on input line 905.
LaTeX Info: Redefining \pmod on input line 910.
LaTeX Info: Redefining \smash on input line 940.
LaTeX Info: Redefining \relbar on input line 970.
LaTeX Info: Redefining \Relbar on input line 971.
\c@MaxMatrixCols=\count266
\dotsspace@=\muskip16
\c@parentequation=\count267
\dspbrk@lvl=\count268
\tag@help=\toks18
\row@=\count269
\column@=\count270
\maxfields@=\count271
\andhelp@=\toks19
\eqnshift@=\dimen144
\alignsep@=\dimen145
\tagshift@=\dimen146
\tagwidth@=\dimen147
\totwidth@=\dimen148
\lineht@=\dimen149
\@envbody=\toks20
\multlinegap=\skip51
\multlinetaggap=\skip52
\mathdisplay@stack=\toks21
LaTeX Info: Redefining \[ on input line 2953.
LaTeX Info: Redefining \] on input line 2954.
) (c:/Users/luottoi/AppData/Roaming/TinyTeX/texmf-dist/tex/latex/amsfonts/amssymb.sty
Package: amssymb 2013/01/14 v3.01 AMS font symbols
(c:/Users/luottoi/AppData/Roaming/TinyTeX/texmf-dist/tex/latex/amsfonts/amsfonts.sty
Package: amsfonts 2013/01/14 v3.01 Basic AMSFonts support
\symAMSa=\mathgroup4
\symAMSb=\mathgroup5
LaTeX Font Info:    Redeclaring math symbol \hbar on input line 98.
LaTeX Font Info:    Overwriting math alphabet `\mathfrak' in version `bold'
(Font)                  U/euf/m/n --> U/euf/b/n on input line 106.
)) (c:/Users/luottoi/AppData/Roaming/TinyTeX/texmf-dist/tex/latex/lm/lmodern.sty
Package: lmodern 2015/05/01 v1.6.1 Latin Modern Fonts
LaTeX Font Info:    Overwriting symbol font `operators' in version `normal'
(Font)                  OT1/cmr/m/n --> OT1/lmr/m/n on input line 22.
LaTeX Font Info:    Overwriting symbol font `letters' in version `normal'
(Font)                  OML/cmm/m/it --> OML/lmm/m/it on input line 23.
LaTeX Font Info:    Overwriting symbol font `symbols' in version `normal'
(Font)                  OMS/cmsy/m/n --> OMS/lmsy/m/n on input line 24.
LaTeX Font Info:    Overwriting symbol font `largesymbols' in version `normal'
(Font)                  OMX/cmex/m/n --> OMX/lmex/m/n on input line 25.
LaTeX Font Info:    Overwriting symbol font `operators' in version `bold'
(Font)                  OT1/cmr/bx/n --> OT1/lmr/bx/n on input line 26.
LaTeX Font Info:    Overwriting symbol font `letters' in version `bold'
(Font)                  OML/cmm/b/it --> OML/lmm/b/it on input line 27.
LaTeX Font Info:    Overwriting symbol font `symbols' in version `bold'
(Font)                  OMS/cmsy/b/n --> OMS/lmsy/b/n on input line 28.
LaTeX Font Info:    Overwriting symbol font `largesymbols' in version `bold'
(Font)                  OMX/cmex/m/n --> OMX/lmex/m/n on input line 29.
LaTeX Font Info:    Overwriting math alphabet `\mathbf' in version `normal'
(Font)                  OT1/cmr/bx/n --> OT1/lmr/bx/n on input line 31.
LaTeX Font Info:    Overwriting math alphabet `\mathsf' in version `normal'
(Font)                  OT1/cmss/m/n --> OT1/lmss/m/n on input line 32.
LaTeX Font Info:    Overwriting math alphabet `\mathit' in version `normal'
(Font)                  OT1/cmr/m/it --> OT1/lmr/m/it on input line 33.
LaTeX Font Info:    Overwriting math alphabet `\mathtt' in version `normal'
(Font)                  OT1/cmtt/m/n --> OT1/lmtt/m/n on input line 34.
LaTeX Font Info:    Overwriting math alphabet `\mathbf' in version `bold'
(Font)                  OT1/cmr/bx/n --> OT1/lmr/bx/n on input line 35.
LaTeX Font Info:    Overwriting math alphabet `\mathsf' in version `bold'
(Font)                  OT1/cmss/bx/n --> OT1/lmss/bx/n on input line 36.
LaTeX Font Info:    Overwriting math alphabet `\mathit' in version `bold'
(Font)                  OT1/cmr/bx/it --> OT1/lmr/bx/it on input line 37.
LaTeX Font Info:    Overwriting math alphabet `\mathtt' in version `bold'
(Font)                  OT1/cmtt/m/n --> OT1/lmtt/m/n on input line 38.
) (c:/Users/luottoi/AppData/Roaming/TinyTeX/texmf-dist/tex/generic/iftex/iftex.sty
Package: iftex 2022/02/03 v1.0f TeX engine tests
) (c:/Users/luottoi/AppData/Roaming/TinyTeX/texmf-dist/tex/latex/base/fontenc.sty
Package: fontenc 2021/04/29 v2.0v Standard LaTeX package
LaTeX Font Info:    Trying to load font information for T1+lmr on input line 112.
(c:/Users/luottoi/AppData/Roaming/TinyTeX/texmf-dist/tex/latex/lm/t1lmr.fd
File: t1lmr.fd 2015/05/01 v1.6.1 Font defs for Latin Modern
)) (c:/Users/luottoi/AppData/Roaming/TinyTeX/texmf-dist/tex/latex/base/inputenc.sty
Package: inputenc 2021/02/14 v1.3d Input encoding file
\inpenc@prehook=\toks22
\inpenc@posthook=\toks23
) (c:/Users/luottoi/AppData/Roaming/TinyTeX/texmf-dist/tex/latex/base/textcomp.sty
Package: textcomp 2020/02/02 v2.0n Standard LaTeX package
) (c:/Users/luottoi/AppData/Roaming/TinyTeX/texmf-dist/tex/latex/xcolor/xcolor.sty
Package: xcolor 2022/06/12 v2.14 LaTeX color extensions (UK)
(c:/Users/luottoi/AppData/Roaming/TinyTeX/texmf-dist/tex/latex/graphics-cfg/color.cfg
File: color.cfg 2016/01/02 v1.6 sample color configuration
)
Package xcolor Info: Driver file: pdftex.def on input line 227.
(c:/Users/luottoi/AppData/Roaming/TinyTeX/texmf-dist/tex/latex/graphics-def/pdftex.def
File: pdftex.def 2022/09/22 v1.2b Graphics/color driver for pdftex
) (c:/Users/luottoi/AppData/Roaming/TinyTeX/texmf-dist/tex/latex/graphics/mathcolor.ltx)
Package xcolor Info: Model `cmy' substituted by `cmy0' on input line 1353.
Package xcolor Info: Model `hsb' substituted by `rgb' on input line 1357.
Package xcolor Info: Model `RGB' extended on input line 1369.
Package xcolor Info: Model `HTML' substituted by `rgb' on input line 1371.
Package xcolor Info: Model `Hsb' substituted by `hsb' on input line 1372.
Package xcolor Info: Model `tHsb' substituted by `hsb' on input line 1373.
Package xcolor Info: Model `HSB' substituted by `hsb' on input line 1374.
Package xcolor Info: Model `Gray' substituted by `gray' on input line 1375.
Package xcolor Info: Model `wave' substituted by `hsb' on input line 1376.
) (c:/Users/luottoi/AppData/Roaming/TinyTeX/texmf-dist/tex/latex/fancyvrb/fancyvrb.sty
Package: fancyvrb 2023/01/19 4.5a verbatim text (tvz,hv)
(c:/Users/luottoi/AppData/Roaming/TinyTeX/texmf-dist/tex/latex/graphics/keyval.sty
Package: keyval 2022/05/29 v1.15 key=value parser (DPC)
\KV@toks@=\toks24
)
\FV@CodeLineNo=\count272
\FV@InFile=\read2
\FV@TabBox=\box53
\c@FancyVerbLine=\count273
\FV@StepNumber=\count274
\FV@OutFile=\write3
) (c:/Users/luottoi/AppData/Roaming/TinyTeX/texmf-dist/tex/latex/framed/framed.sty
Package: framed 2011/10/22 v 0.96: framed or shaded text with page breaks
\OuterFrameSep=\skip53
\fb@frw=\dimen150
\fb@frh=\dimen151
\FrameRule=\dimen152
\FrameSep=\dimen153
) (c:/Users/luottoi/AppData/Roaming/TinyTeX/texmf-dist/tex/latex/tools/longtable.sty
Package: longtable 2021-09-01 v4.17 Multi-page Table package (DPC)
\LTleft=\skip54
\LTright=\skip55
\LTpre=\skip56
\LTpost=\skip57
\LTchunksize=\count275
\LTcapwidth=\dimen154
\LT@head=\box54
\LT@firsthead=\box55
\LT@foot=\box56
\LT@lastfoot=\box57
\LT@gbox=\box58
\LT@cols=\count276
\LT@rows=\count277
\c@LT@tables=\count278
\c@LT@chunks=\count279
\LT@p@ftn=\toks25
) (c:/Users/luottoi/AppData/Roaming/TinyTeX/texmf-dist/tex/latex/booktabs/booktabs.sty
Package: booktabs 2020/01/12 v1.61803398 Publication quality tables
\heavyrulewidth=\dimen155
\lightrulewidth=\dimen156
\cmidrulewidth=\dimen157
\belowrulesep=\dimen158
\belowbottomsep=\dimen159
\aboverulesep=\dimen160
\abovetopsep=\dimen161
\cmidrulesep=\dimen162
\cmidrulekern=\dimen163
\defaultaddspace=\dimen164
\@cmidla=\count280
\@cmidlb=\count281
\@aboverulesep=\dimen165
\@belowrulesep=\dimen166
\@thisruleclass=\count282
\@lastruleclass=\count283
\@thisrulewidth=\dimen167
) (c:/Users/luottoi/AppData/Roaming/TinyTeX/texmf-dist/tex/latex/tools/array.sty
Package: array 2022/09/04 v2.5g Tabular extension package (FMi)
\col@sep=\dimen168
\ar@mcellbox=\box59
\extrarowheight=\dimen169
\NC@list=\toks26
\extratabsurround=\skip58
\backup@length=\skip59
\ar@cellbox=\box60
) (c:/Users/luottoi/AppData/Roaming/TinyTeX/texmf-dist/tex/latex/tools/calc.sty
Package: calc 2017/05/25 v4.3 Infix arithmetic (KKT,FJ)
\calc@Acount=\count284
\calc@Bcount=\count285
\calc@Adimen=\dimen170
\calc@Bdimen=\dimen171
\calc@Askip=\skip60
\calc@Bskip=\skip61
LaTeX Info: Redefining \setlength on input line 80.
LaTeX Info: Redefining \addtolength on input line 81.
\calc@Ccount=\count286
\calc@Cskip=\skip62
) (c:/Users/luottoi/AppData/Roaming/TinyTeX/texmf-dist/tex/latex/etoolbox/etoolbox.sty
Package: etoolbox 2020/10/05 v2.5k e-TeX tools for LaTeX (JAW)
\etb@tempcnta=\count287
) (c:/Users/luottoi/AppData/Roaming/TinyTeX/texmf-dist/tex/latex/mdwtools/footnote.sty
Package: footnote 1997/01/28 1.13 Save footnotes around boxes
\fn@notes=\box61
\fn@width=\dimen172
) (c:/Users/luottoi/AppData/Roaming/TinyTeX/texmf-dist/tex/latex/graphics/graphicx.sty
Package: graphicx 2021/09/16 v1.2d Enhanced LaTeX Graphics (DPC,SPQR)
(c:/Users/luottoi/AppData/Roaming/TinyTeX/texmf-dist/tex/latex/graphics/graphics.sty
Package: graphics 2022/03/10 v1.4e Standard LaTeX Graphics (DPC,SPQR)
(c:/Users/luottoi/AppData/Roaming/TinyTeX/texmf-dist/tex/latex/graphics/trig.sty
Package: trig 2021/08/11 v1.11 sin cos tan (DPC)
) (c:/Users/luottoi/AppData/Roaming/TinyTeX/texmf-dist/tex/latex/graphics-cfg/graphics.cfg
File: graphics.cfg 2016/06/04 v1.11 sample graphics configuration
)
Package graphics Info: Driver file: pdftex.def on input line 107.
)
\Gin@req@height=\dimen173
\Gin@req@width=\dimen174
)
\cslhangindent=\skip63
\csllabelwidth=\skip64
\cslentryspacingunit=\skip65
(c:/Users/luottoi/AppData/Roaming/TinyTeX/texmf-dist/tex/latex/amscls/amsthm.sty
Package: amsthm 2020/05/29 v2.20.6
\thm@style=\toks27
\thm@bodyfont=\toks28
\thm@headfont=\toks29
\thm@notefont=\toks30
\thm@headpunct=\toks31
\thm@preskip=\skip66
\thm@postskip=\skip67
\thm@headsep=\skip68
\dth@everypar=\toks32
) (c:/Users/luottoi/AppData/Roaming/TinyTeX/texmf-dist/tex/latex/tools/afterpage.sty
Package: afterpage 2014/10/28 v1.08 After-Page Package (DPC)
\AP@output=\toks33
\AP@partial=\box62
\AP@footins=\box63
) (c:/Users/luottoi/AppData/Roaming/TinyTeX/texmf-dist/tex/latex/sectsty/sectsty.sty
Package: sectsty 2002/02/25 v2.0.2 Commands to change all sectional heading styles

LaTeX Warning: Command \underbar  has changed.
               Check if current package is valid.


LaTeX Warning: Command \underline  has changed.
               Check if current package is valid.

) (c:/Users/luottoi/AppData/Roaming/TinyTeX/texmf-dist/tex/latex/fancyhdr/fancyhdr.sty
Package: fancyhdr 2022/11/09 v4.1 Extensive control of page headers and footers
\f@nch@headwidth=\skip69
\f@nch@O@elh=\skip70
\f@nch@O@erh=\skip71
\f@nch@O@olh=\skip72
\f@nch@O@orh=\skip73
\f@nch@O@elf=\skip74
\f@nch@O@erf=\skip75
\f@nch@O@olf=\skip76
\f@nch@O@orf=\skip77
) (c:/Users/luottoi/AppData/Roaming/TinyTeX/texmf-dist/tex/latex/pdfpages/pdfpages.sty
Package: pdfpages 2022/12/19 v0.5x Insert pages of external PDF documents (AM)
(c:/Users/luottoi/AppData/Roaming/TinyTeX/texmf-dist/tex/latex/base/ifthen.sty
Package: ifthen 2022/04/13 v1.1d Standard LaTeX ifthen package (DPC)
) (c:/Users/luottoi/AppData/Roaming/TinyTeX/texmf-dist/tex/latex/eso-pic/eso-pic.sty
Package: eso-pic 2023/05/03 v3.0c eso-pic (RN)
\ESO@tempdima=\dimen175
\ESO@tempdimb=\dimen176
)
\AM@pagewidth=\dimen177
\AM@pageheight=\dimen178
\AM@fboxrule=\dimen179
(c:/Users/luottoi/AppData/Roaming/TinyTeX/texmf-dist/tex/latex/pdfpages/pppdftex.def
File: pppdftex.def 2022/12/19 v0.5x Pdfpages driver for pdfTeX (AM)
)
\pdfpages@includegraphics@status=\count288
\AM@pagebox=\box64
\AM@global@opts=\toks34
\AM@pagecnt=\count289
\AM@toc@title=\toks35
\AM@lof@heading=\toks36
\c@AM@survey=\count290
\AM@templatesizebox=\box65
)

Package fancyhdr Warning: \fancyhead's `E' option without twoside option is useless.
(fancyhdr)                Please consider using the `twoside' option on input line 176.


Package fancyhdr Warning: \fancyhead's `E' option without twoside option is useless.
(fancyhdr)                Please consider using the `twoside' option on input line 178.

(c:/Users/luottoi/AppData/Roaming/TinyTeX/texmf-dist/tex/latex/tools/multicol.sty
Package: multicol 2023/03/30 v1.9f multicolumn formatting (FMi)
\c@tracingmulticols=\count291
\mult@box=\box66
\multicol@leftmargin=\dimen180
\c@unbalance=\count292
\c@collectmore=\count293
\doublecol@number=\count294
\multicoltolerance=\count295
\multicolpretolerance=\count296
\full@width=\dimen181
\page@free=\dimen182
\premulticols=\dimen183
\postmulticols=\dimen184
\multicolsep=\skip78
\multicolbaselineskip=\skip79
\partial@page=\box67
\last@line=\box68
\mc@boxedresult=\box69
\maxbalancingoverflow=\dimen185
\mult@rightbox=\box70
\mult@grightbox=\box71
\mult@firstbox=\box72
\mult@gfirstbox=\box73
\@tempa=\box74
\@tempa=\box75
\@tempa=\box76
\@tempa=\box77
\@tempa=\box78
\@tempa=\box79
\@tempa=\box80
\@tempa=\box81
\@tempa=\box82
\@tempa=\box83
\@tempa=\box84
\@tempa=\box85
\@tempa=\box86
\@tempa=\box87
\@tempa=\box88
\@tempa=\box89
\@tempa=\box90
\@tempa=\box91
\@tempa=\box92
\@tempa=\box93
\@tempa=\box94
\@tempa=\box95
\@tempa=\box96
\@tempa=\box97
\@tempa=\box98
\@tempa=\box99
\@tempa=\box100
\@tempa=\box101
\@tempa=\box102
\@tempa=\box103
\@tempa=\box104
\@tempa=\box105
\@tempa=\box106
\@tempa=\box107
\@tempa=\box108
\@tempa=\box109
\c@minrows=\count297
\c@columnbadness=\count298
\c@finalcolumnbadness=\count299
\last@try=\dimen186
\multicolovershoot=\dimen187
\multicolundershoot=\dimen188
\mult@nat@firstbox=\box110
\colbreak@box=\box111
\mc@col@check@num=\count300
) (c:/Users/luottoi/AppData/Roaming/TinyTeX/texmf-dist/tex/latex/hyperref/hyperref.sty
Package: hyperref 2023-07-08 v7.01b Hypertext links for LaTeX
(c:/Users/luottoi/AppData/Roaming/TinyTeX/texmf-dist/tex/generic/ltxcmds/ltxcmds.sty
Package: ltxcmds 2020-05-10 v1.25 LaTeX kernel commands for general use (HO)
) (c:/Users/luottoi/AppData/Roaming/TinyTeX/texmf-dist/tex/generic/pdftexcmds/pdftexcmds.sty
Package: pdftexcmds 2020-06-27 v0.33 Utility functions of pdfTeX for LuaTeX (HO)
(c:/Users/luottoi/AppData/Roaming/TinyTeX/texmf-dist/tex/generic/infwarerr/infwarerr.sty
Package: infwarerr 2019/12/03 v1.5 Providing info/warning/error messages (HO)
)
Package pdftexcmds Info: \pdf@primitive is available.
Package pdftexcmds Info: \pdf@ifprimitive is available.
Package pdftexcmds Info: \pdfdraftmode found.
) (c:/Users/luottoi/AppData/Roaming/TinyTeX/texmf-dist/tex/latex/kvsetkeys/kvsetkeys.sty
Package: kvsetkeys 2022-10-05 v1.19 Key value parser (HO)
) (c:/Users/luottoi/AppData/Roaming/TinyTeX/texmf-dist/tex/generic/kvdefinekeys/kvdefinekeys.sty
Package: kvdefinekeys 2019-12-19 v1.6 Define keys (HO)
) (c:/Users/luottoi/AppData/Roaming/TinyTeX/texmf-dist/tex/generic/pdfescape/pdfescape.sty
Package: pdfescape 2019/12/09 v1.15 Implements pdfTeX's escape features (HO)
) (c:/Users/luottoi/AppData/Roaming/TinyTeX/texmf-dist/tex/latex/hycolor/hycolor.sty
Package: hycolor 2020-01-27 v1.10 Color options for hyperref/bookmark (HO)
) (c:/Users/luottoi/AppData/Roaming/TinyTeX/texmf-dist/tex/latex/letltxmacro/letltxmacro.sty
Package: letltxmacro 2019/12/03 v1.6 Let assignment for LaTeX macros (HO)
) (c:/Users/luottoi/AppData/Roaming/TinyTeX/texmf-dist/tex/latex/auxhook/auxhook.sty
Package: auxhook 2019-12-17 v1.6 Hooks for auxiliary files (HO)
) (c:/Users/luottoi/AppData/Roaming/TinyTeX/texmf-dist/tex/latex/hyperref/nameref.sty
Package: nameref 2023-08-07 v2.53 Cross-referencing by name of section
(c:/Users/luottoi/AppData/Roaming/TinyTeX/texmf-dist/tex/latex/refcount/refcount.sty
Package: refcount 2019/12/15 v3.6 Data extraction from label references (HO)
) (c:/Users/luottoi/AppData/Roaming/TinyTeX/texmf-dist/tex/generic/gettitlestring/gettitlestring.sty
Package: gettitlestring 2019/12/15 v1.6 Cleanup title references (HO)
(c:/Users/luottoi/AppData/Roaming/TinyTeX/texmf-dist/tex/latex/kvoptions/kvoptions.sty
Package: kvoptions 2022-06-15 v3.15 Key value format for package options (HO)
))
\c@section@level=\count301
)
\@linkdim=\dimen189
\Hy@linkcounter=\count302
\Hy@pagecounter=\count303
(c:/Users/luottoi/AppData/Roaming/TinyTeX/texmf-dist/tex/latex/hyperref/pd1enc.def
File: pd1enc.def 2023-07-08 v7.01b Hyperref: PDFDocEncoding definition (HO)
Now handling font encoding PD1 ...
... no UTF-8 mapping file for font encoding PD1
) (c:/Users/luottoi/AppData/Roaming/TinyTeX/texmf-dist/tex/generic/intcalc/intcalc.sty
Package: intcalc 2019/12/15 v1.3 Expandable calculations with integers (HO)
)
\Hy@SavedSpaceFactor=\count304
(c:/Users/luottoi/AppData/Roaming/TinyTeX/texmf-dist/tex/latex/hyperref/puenc.def
File: puenc.def 2023-07-08 v7.01b Hyperref: PDF Unicode definition (HO)
Now handling font encoding PU ...
... no UTF-8 mapping file for font encoding PU
)
Package hyperref Info: Option `unicode' set `true' on input line 4050.
Package hyperref Info: Hyper figures OFF on input line 4167.
Package hyperref Info: Link nesting OFF on input line 4172.
Package hyperref Info: Hyper index ON on input line 4175.
Package hyperref Info: Plain pages OFF on input line 4182.
Package hyperref Info: Backreferencing OFF on input line 4187.
Package hyperref Info: Implicit mode ON; LaTeX internals redefined.
Package hyperref Info: Bookmarks ON on input line 4434.
\c@Hy@tempcnt=\count305
(c:/Users/luottoi/AppData/Roaming/TinyTeX/texmf-dist/tex/latex/url/url.sty
\Urlmuskip=\muskip17
Package: url 2013/09/16  ver 3.4  Verb mode for urls, etc.
)
LaTeX Info: Redefining \url on input line 4772.
\XeTeXLinkMargin=\dimen190
(c:/Users/luottoi/AppData/Roaming/TinyTeX/texmf-dist/tex/generic/bitset/bitset.sty
Package: bitset 2019/12/09 v1.3 Handle bit-vector datatype (HO)
(c:/Users/luottoi/AppData/Roaming/TinyTeX/texmf-dist/tex/generic/bigintcalc/bigintcalc.sty
Package: bigintcalc 2019/12/15 v1.5 Expandable calculations on big integers (HO)
))
\Fld@menulength=\count306
\Field@Width=\dimen191
\Fld@charsize=\dimen192
Package hyperref Info: Hyper figures OFF on input line 6051.
Package hyperref Info: Link nesting OFF on input line 6056.
Package hyperref Info: Hyper index ON on input line 6059.
Package hyperref Info: backreferencing OFF on input line 6066.
Package hyperref Info: Link coloring OFF on input line 6071.
Package hyperref Info: Link coloring with OCG OFF on input line 6076.
Package hyperref Info: PDF/A mode OFF on input line 6081.
(c:/Users/luottoi/AppData/Roaming/TinyTeX/texmf-dist/tex/latex/base/atbegshi-ltx.sty
Package: atbegshi-ltx 2021/01/10 v1.0c Emulation of the original atbegshi
package with kernel methods
)
\Hy@abspage=\count307
\c@Item=\count308
\c@Hfootnote=\count309
)
Package hyperref Info: Driver (autodetected): hpdftex.
(c:/Users/luottoi/AppData/Roaming/TinyTeX/texmf-dist/tex/latex/hyperref/hpdftex.def
File: hpdftex.def 2023-07-08 v7.01b Hyperref driver for pdfTeX
(c:/Users/luottoi/AppData/Roaming/TinyTeX/texmf-dist/tex/latex/base/atveryend-ltx.sty
Package: atveryend-ltx 2020/08/19 v1.0a Emulation of the original atveryend package
with kernel methods
)
\Fld@listcount=\count310
\c@bookmark@seq@number=\count311
(c:/Users/luottoi/AppData/Roaming/TinyTeX/texmf-dist/tex/latex/rerunfilecheck/rerunfilecheck.sty
Package: rerunfilecheck 2022-07-10 v1.10 Rerun checks for auxiliary files (HO)
(c:/Users/luottoi/AppData/Roaming/TinyTeX/texmf-dist/tex/generic/uniquecounter/uniquecounter.sty
Package: uniquecounter 2019/12/15 v1.4 Provide unlimited unique counter (HO)
)
Package uniquecounter Info: New unique counter `rerunfilecheck' on input line 285.
)
\Hy@SectionHShift=\skip80
) (c:/Users/luottoi/AppData/Roaming/TinyTeX/texmf-dist/tex/latex/multirow/multirow.sty
Package: multirow 2021/03/15 v2.8 Span multiple rows of a table
\multirow@colwidth=\skip81
\multirow@cntb=\count312
\multirow@dima=\skip82
\bigstrutjot=\dimen193
) (c:/Users/luottoi/AppData/Roaming/TinyTeX/texmf-dist/tex/latex/wrapfig/wrapfig.sty
\wrapoverhang=\dimen194
\WF@size=\dimen195
\c@WF@wrappedlines=\count313
\WF@box=\box112
\WF@everypar=\toks37
Package: wrapfig 2003/01/31  v 3.6
) (c:/Users/luottoi/AppData/Roaming/TinyTeX/texmf-dist/tex/latex/float/float.sty
Package: float 2001/11/08 v1.3d Float enhancements (AL)
\c@float@type=\count314
\float@exts=\toks38
\float@box=\box113
\@float@everytoks=\toks39
\@floatcapt=\box114
) (c:/Users/luottoi/AppData/Roaming/TinyTeX/texmf-dist/tex/latex/colortbl/colortbl.sty
Package: colortbl 2022/06/20 v1.0f Color table columns (DPC)
\everycr=\toks40
\minrowclearance=\skip83
\rownum=\count315
) (c:/Users/luottoi/AppData/Roaming/TinyTeX/texmf-dist/tex/latex/pdflscape/pdflscape.sty
Package: pdflscape 2022-10-27 v0.13 Display of landscape pages in PDF
(c:/Users/luottoi/AppData/Roaming/TinyTeX/texmf-dist/tex/latex/pdflscape/pdflscape-nometadata.sty
Package: pdflscape-nometadata 2022-10-28 v0.13 Display of landscape pages in PDF (HO)
(c:/Users/luottoi/AppData/Roaming/TinyTeX/texmf-dist/tex/latex/graphics/lscape.sty
Package: lscape 2020/05/28 v3.02 Landscape Pages (DPC)
)
Package pdflscape Info: Auto-detected driver: pdftex on input line 81.
)) (c:/Users/luottoi/AppData/Roaming/TinyTeX/texmf-dist/tex/latex/tabu/tabu.sty
Package: tabu 2019/01/11 v2.9 - flexible LaTeX tabulars (FC+tabu-fixed)
(c:/Users/luottoi/AppData/Roaming/TinyTeX/texmf-dist/tex/latex/varwidth/varwidth.sty
Package: varwidth 2009/03/30 ver 0.92;  Variable-width minipages
\@vwid@box=\box115
\sift@deathcycles=\count316
\@vwid@loff=\dimen196
\@vwid@roff=\dimen197
)
\c@taburow=\count317
\tabu@nbcols=\count318
\tabu@cnt=\count319
\tabu@Xcol=\count320
\tabu@alloc=\count321
\tabu@nested=\count322
\tabu@target=\dimen198
\tabu@spreadtarget=\dimen199
\tabu@naturalX=\dimen256
\tabucolX=\dimen257
\tabu@Xsum=\dimen258
\extrarowdepth=\dimen259
\abovetabulinesep=\dimen260
\belowtabulinesep=\dimen261
\tabustrutrule=\dimen262
\tabu@thebody=\toks41
\tabu@footnotes=\toks42
\tabu@box=\box116
\tabu@arstrutbox=\box117
\tabu@hleads=\box118
\tabu@vleads=\box119
\tabu@cellskip=\skip84
) (c:/Users/luottoi/AppData/Roaming/TinyTeX/texmf-dist/tex/latex/threeparttable/threeparttable.sty
Package: threeparttable 2003/06/13  v 3.0
\@tempboxb=\box120
) (c:/Users/luottoi/AppData/Roaming/TinyTeX/texmf-dist/tex/latex/adjustbox/adjustbox.sty
Package: adjustbox 2022/10/17 v1.3a Adjusting TeX boxes (trim, clip, ...)
(c:/Users/luottoi/AppData/Roaming/TinyTeX/texmf-dist/tex/latex/xkeyval/xkeyval.sty
Package: xkeyval 2022/06/16 v2.9 package option processing (HA)
(c:/Users/luottoi/AppData/Roaming/TinyTeX/texmf-dist/tex/generic/xkeyval/xkeyval.tex (c:/Users/luottoi/AppData/Roaming/TinyTeX/texmf-dist/tex/generic/xkeyval/xkvutils.tex
\XKV@toks=\toks43
\XKV@tempa@toks=\toks44
)
\XKV@depth=\count323
File: xkeyval.tex 2014/12/03 v2.7a key=value parser (HA)
)) (c:/Users/luottoi/AppData/Roaming/TinyTeX/texmf-dist/tex/latex/adjustbox/adjcalc.sty
Package: adjcalc 2012/05/16 v1.1 Provides advanced setlength with multiple back-ends (calc, etex, pgfmath)
) (c:/Users/luottoi/AppData/Roaming/TinyTeX/texmf-dist/tex/latex/adjustbox/trimclip.sty
Package: trimclip 2020/08/19 v1.2 Trim and clip general TeX material
(c:/Users/luottoi/AppData/Roaming/TinyTeX/texmf-dist/tex/latex/collectbox/collectbox.sty
Package: collectbox 2022/10/17 v0.4c Collect macro arguments as boxes
\collectedbox=\box121
)
\tc@llx=\dimen263
\tc@lly=\dimen264
\tc@urx=\dimen265
\tc@ury=\dimen266
Package trimclip Info: Using driver 'tc-pdftex.def'.
(c:/Users/luottoi/AppData/Roaming/TinyTeX/texmf-dist/tex/latex/adjustbox/tc-pdftex.def
File: tc-pdftex.def 2019/01/04 v2.2 Clipping driver for pdftex
))
\adjbox@Width=\dimen267
\adjbox@Height=\dimen268
\adjbox@Depth=\dimen269
\adjbox@Totalheight=\dimen270
\adjbox@pwidth=\dimen271
\adjbox@pheight=\dimen272
\adjbox@pdepth=\dimen273
\adjbox@ptotalheight=\dimen274
) (c:/Users/luottoi/AppData/Roaming/TinyTeX/texmf-dist/tex/latex/graphics/rotating.sty
Package: rotating 2016/08/11 v2.16d rotated objects in LaTeX
\c@r@tfl@t=\count324
\rotFPtop=\skip85
\rotFPbot=\skip86
\rot@float@box=\box122
\rot@mess@toks=\toks45
) (c:/Users/luottoi/AppData/Roaming/TinyTeX/texmf-dist/tex/latex/tablefootnote/tablefootnote.sty
Package: tablefootnote 2014/01/26 v1.1c Table foot notes (HMM)
(c:/Users/luottoi/AppData/Roaming/TinyTeX/texmf-dist/tex/latex/xifthen/xifthen.sty
Package: xifthen 2015/11/05 v1.4.0 Extended ifthen features
(c:/Users/luottoi/AppData/Roaming/TinyTeX/texmf-dist/tex/latex/ifmtarg/ifmtarg.sty
Package: ifmtarg 2018/04/16 v1.2b check for an empty argument
))) (c:/Users/luottoi/AppData/Roaming/TinyTeX/texmf-dist/tex/generic/ulem/ulem.sty
\UL@box=\box123
\UL@hyphenbox=\box124
\UL@skip=\skip87
\UL@hook=\toks46
\UL@height=\dimen275
\UL@pe=\count325
\UL@pixel=\dimen276
\ULC@box=\box125
Package: ulem 2019/11/18
\ULdepth=\dimen277
) (c:/Users/luottoi/AppData/Roaming/TinyTeX/texmf-dist/tex/latex/emptypage/emptypage.sty
Package: emptypage 2010/05/30 v1.2 Suppress page numbers and headings on empty pages
) (c:/Users/luottoi/AppData/Roaming/TinyTeX/texmf-dist/tex/latex/cite/chapterbib.sty
\c@inputfile=\count326
Package: chapterbib 2010/09/18  v 1.17
) (c:/Users/luottoi/AppData/Roaming/TinyTeX/texmf-dist/tex/latex/nomencl/nomencl.sty
Package: nomencl 2021/11/10 v5.6 Nomenclature package
(c:/Users/luottoi/AppData/Roaming/TinyTeX/texmf-dist/tex/latex/koma-script/tocbasic.sty
Package: tocbasic 2023/07/07 v3.41 KOMA-Script package (handling toc-files)
(c:/Users/luottoi/AppData/Roaming/TinyTeX/texmf-dist/tex/latex/koma-script/scrbase.sty
Package: scrbase 2023/07/07 v3.41 KOMA-Script package (KOMA-Script-independent basics and keyval usage)
(c:/Users/luottoi/AppData/Roaming/TinyTeX/texmf-dist/tex/latex/koma-script/scrlfile.sty
Package: scrlfile 2023/07/07 v3.41 KOMA-Script package (file load hooks)
(c:/Users/luottoi/AppData/Roaming/TinyTeX/texmf-dist/tex/latex/koma-script/scrlfile-hook.sty
Package: scrlfile-hook 2023/07/07 v3.41 KOMA-Script package (using LaTeX hooks)
(c:/Users/luottoi/AppData/Roaming/TinyTeX/texmf-dist/tex/latex/koma-script/scrlogo.sty
Package: scrlogo 2023/07/07 v3.41 KOMA-Script package (logo)
)))
Applying: [2021/05/01] Usage of raw or classic option list on input line 252.
Already applied: [0000/00/00] Usage of raw or classic option list on input line 368.
)
\scr@dte@tocline@numberwidth=\skip88
\scr@dte@tocline@numbox=\box126
)
Package tocbasic Info: omitting babel extension for `nlo'
(tocbasic)             because of missing \bbl@set@language on input line 187.
Package tocbasic Info: omitting babel extension for `nls'
(tocbasic)             because of missing \bbl@set@language on input line 188.
\nomlabelwidth=\dimen278
\nom@tempdim=\dimen279
\nomitemsep=\skip89
)
\@nomenclaturefile=\write4
\openout4 = `GSNmap_Technical_Manual.nlo'.

Package nomencl Info: Writing nomenclature file GSNmap_Technical_Manual.nlo on input line 209.
(c:/Users/luottoi/AppData/Roaming/TinyTeX/texmf-dist/tex/latex/imakeidx/imakeidx.sty
Package: imakeidx 2016/10/15 v1.3e Package for typesetting indices in a synchronous mode
(c:/Users/luottoi/AppData/Roaming/TinyTeX/texmf-dist/tex/generic/iftex/ifxetex.sty
Package: ifxetex 2019/10/25 v0.7 ifxetex legacy package. Use iftex instead.
) (c:/Users/luottoi/AppData/Roaming/TinyTeX/texmf-dist/tex/generic/iftex/ifluatex.sty
Package: ifluatex 2019/10/25 v1.5 ifluatex legacy package. Use iftex instead.
))
\GSNmap_Technical_Manual@idxfile=\write5
\openout5 = `GSNmap_Technical_Manual.idx'.

Writing index file GSNmap_Technical_Manual.idx
(c:/Users/luottoi/AppData/Roaming/TinyTeX/texmf-dist/tex/latex/tools/xspace.sty
Package: xspace 2014/10/28 v1.13 Space after command names (DPC,MH)
)
Package hyperref Info: Option `colorlinks' set `true' on input line 229.
(c:/Users/luottoi/AppData/Roaming/TinyTeX/texmf-dist/tex/latex/titling/titling.sty
Package: titling 2009/09/04 v2.1d maketitle typesetting
\thanksmarkwidth=\skip90
\thanksmargin=\skip91
\droptitle=\skip92
) (c:/Users/luottoi/AppData/Roaming/TinyTeX/texmf-dist/tex/latex/natbib/natbib.sty
Package: natbib 2010/09/13 8.31b (PWD, AO)
\bibhang=\skip93
\bibsep=\skip94
LaTeX Info: Redefining \cite on input line 694.
\c@NAT@ctr=\count327
) (c:/Users/luottoi/AppData/Roaming/TinyTeX/texmf-dist/tex/latex/subfig/subfig.sty
Package: subfig 2005/06/28 ver: 1.3 subfig package
(c:/Users/luottoi/AppData/Roaming/TinyTeX/texmf-dist/tex/latex/caption/caption.sty
Package: caption 2023/07/31 v3.6n Customizing captions (AR)
(c:/Users/luottoi/AppData/Roaming/TinyTeX/texmf-dist/tex/latex/caption/caption3.sty
Package: caption3 2023/07/31 v2.4d caption3 kernel (AR)
\caption@tempdima=\dimen280
\captionmargin=\dimen281
\caption@leftmargin=\dimen282
\caption@rightmargin=\dimen283
\caption@width=\dimen284
\caption@indent=\dimen285
\caption@parindent=\dimen286
\caption@hangindent=\dimen287
Package caption Info: Standard document class detected.
)
\c@caption@flags=\count328
\c@continuedfloat=\count329
Package caption Info: float package is loaded.
Package caption Info: hyperref package is loaded.
Package caption Info: longtable package is loaded.
(c:/Users/luottoi/AppData/Roaming/TinyTeX/texmf-dist/tex/latex/caption/ltcaption.sty
Package: ltcaption 2021/01/08 v1.4c longtable captions (AR)
)
Package caption Info: rotating package is loaded.
Package caption Info: threeparttable package is loaded.
Package caption Info: wrapfig package is loaded.
)
\c@KVtest=\count330
\sf@farskip=\skip95
\sf@captopadj=\dimen288
\sf@capskip=\skip96
\sf@nearskip=\skip97
\c@subfigure=\count331
\c@subfigure@save=\count332
\c@lofdepth=\count333
\c@subtable=\count334
\c@subtable@save=\count335
\c@lotdepth=\count336
\sf@top=\skip98
\sf@bottom=\skip99
) (c:/Users/luottoi/AppData/Roaming/TinyTeX/texmf-dist/tex/latex/bookmark/bookmark.sty
Package: bookmark 2020-11-06 v1.29 PDF bookmarks (HO)
(c:/Users/luottoi/AppData/Roaming/TinyTeX/texmf-dist/tex/latex/bookmark/bkm-pdftex.def
File: bkm-pdftex.def 2020-11-06 v1.29 bookmark driver for pdfTeX (HO)
\BKM@id=\count337
)) (c:/Users/luottoi/AppData/Roaming/TinyTeX/texmf-dist/tex/latex/threeparttablex/threeparttablex.sty
Package: threeparttablex 2013/07/23 v0.3 by daleif
(c:/Users/luottoi/AppData/Roaming/TinyTeX/texmf-dist/tex/latex/environ/environ.sty
Package: environ 2014/05/04 v0.3 A new way to define environments
(c:/Users/luottoi/AppData/Roaming/TinyTeX/texmf-dist/tex/latex/trimspaces/trimspaces.sty
Package: trimspaces 2009/09/17 v1.1 Trim spaces around a token list
))
\TPTL@width=\skip100
) (c:/Users/luottoi/AppData/Roaming/TinyTeX/texmf-dist/tex/latex/makecell/makecell.sty
Package: makecell 2009/08/03 V0.1e Managing of Tab Column Heads and Cells
\rotheadsize=\dimen289
\c@nlinenum=\count338
\TeXr@lab=\toks47
)
   defining Unicode char U+2212 (decimal 8722)
(c:/Users/luottoi/AppData/Roaming/TinyTeX/texmf-dist/tex/latex/listings/listings.sty
\lst@mode=\count339
\lst@gtempboxa=\box127
\lst@token=\toks48
\lst@length=\count340
\lst@currlwidth=\dimen290
\lst@column=\count341
\lst@pos=\count342
\lst@lostspace=\dimen291
\lst@width=\dimen292
\lst@newlines=\count343
\lst@lineno=\count344
\lst@maxwidth=\dimen293
(c:/Users/luottoi/AppData/Roaming/TinyTeX/texmf-dist/tex/latex/listings/lstmisc.sty
File: lstmisc.sty 2023/02/27 1.9 (Carsten Heinz)
\c@lstnumber=\count345
\lst@skipnumbers=\count346
\lst@framebox=\box128
) (c:/Users/luottoi/AppData/Roaming/TinyTeX/texmf-dist/tex/latex/listings/listings.cfg
File: listings.cfg 2023/02/27 1.9 listings configuration
))
Package: listings 2023/02/27 1.9 (Carsten Heinz)
(c:/Users/luottoi/AppData/Roaming/TinyTeX/texmf-dist/tex/latex/l3backend/l3backend-pdftex.def
File: l3backend-pdftex.def 2023-04-19 L3 backend support: PDF output (pdfTeX)
\l__color_backend_stack_int=\count347
\l__pdf_internal_box=\box129
) (./GSNmap_Technical_Manual.aux

LaTeX Warning: Label `tab:covs1' multiply defined.


LaTeX Warning: Label `tab:covs1' multiply defined.


LaTeX Warning: Label `tab:products' multiply defined.


LaTeX Warning: Label `tab:ranges' multiply defined.

)
\openout1 = `GSNmap_Technical_Manual.aux'.

LaTeX Font Info:    Checking defaults for OML/cmm/m/it on input line 295.
LaTeX Font Info:    ... okay on input line 295.
LaTeX Font Info:    Checking defaults for OMS/cmsy/m/n on input line 295.
LaTeX Font Info:    ... okay on input line 295.
LaTeX Font Info:    Checking defaults for OT1/cmr/m/n on input line 295.
LaTeX Font Info:    ... okay on input line 295.
LaTeX Font Info:    Checking defaults for T1/cmr/m/n on input line 295.
LaTeX Font Info:    ... okay on input line 295.
LaTeX Font Info:    Checking defaults for TS1/cmr/m/n on input line 295.
LaTeX Font Info:    ... okay on input line 295.
LaTeX Font Info:    Checking defaults for OMX/cmex/m/n on input line 295.
LaTeX Font Info:    ... okay on input line 295.
LaTeX Font Info:    Checking defaults for U/cmr/m/n on input line 295.
LaTeX Font Info:    ... okay on input line 295.
LaTeX Font Info:    Checking defaults for PD1/pdf/m/n on input line 295.
LaTeX Font Info:    ... okay on input line 295.
LaTeX Font Info:    Checking defaults for PU/pdf/m/n on input line 295.
LaTeX Font Info:    ... okay on input line 295.
(c:/Users/luottoi/AppData/Roaming/TinyTeX/texmf-dist/tex/latex/epstopdf-pkg/epstopdf-base.sty
Package: epstopdf-base 2020-01-24 v2.11 Base part for package epstopdf
Package epstopdf-base Info: Redefining graphics rule for `.eps' on input line 485.
(c:/Users/luottoi/AppData/Roaming/TinyTeX/texmf-dist/tex/latex/latexconfig/epstopdf-sys.cfg
File: epstopdf-sys.cfg 2010/07/13 v1.3 Configuration of (r)epstopdf for TeX Live
))
Package hyperref Info: Link coloring OFF on input line 295.
Package chapterbib Info: The sectionbib option changes "\chapter *" to "\section *" in \thebibliography on input line 295.
Package caption Info: Begin \AtBeginDocument code.
Package caption Info: subfig package v1.3 is loaded.
Package caption Info: listings package is loaded.
Package caption Info: End \AtBeginDocument code.
\c@lstlisting=\count348


pdfTeX warning: pdflatex.exe (file ./images/frontcover.pdf): PDF inclusion: found PDF version <1.6>, but at most version <1.5> allowed
<images/frontcover.pdf, id=4, 597.50829pt x 845.0471pt>
File: images/frontcover.pdf Graphic file (type pdf)
<use images/frontcover.pdf>
Package pdftex.def Info: images/frontcover.pdf  used on input line 299.
(pdftex.def)             Requested size: 329.4967pt x 466.0023pt.


pdfTeX warning: pdflatex.exe (file ./images/frontcover.pdf): PDF inclusion: found PDF version <1.6>, but at most version <1.5> allowed
File: images/frontcover.pdf Graphic file (type pdf)
<use images/frontcover.pdf>
Package pdftex.def Info: images/frontcover.pdf  used on input line 299.
(pdftex.def)             Requested size: 329.4967pt x 466.0023pt.


pdfTeX warning: pdflatex.exe (file ./images/frontcover.pdf): PDF inclusion: found PDF version <1.6>, but at most version <1.5> allowed


pdfTeX warning: pdflatex.exe (file ./images/frontcover.pdf): PDF inclusion: found PDF version <1.6>, but at most version <1.5> allowed
<images/frontcover.pdf, id=7, page=1, 597.50829pt x 845.0471pt>
File: images/frontcover.pdf Graphic file (type pdf)
<use images/frontcover.pdf, page 1>
Package pdftex.def Info: images/frontcover.pdf , page1 used on input line 299.
(pdftex.def)             Requested size: 597.50682pt x 845.04504pt.
File: images/frontcover.pdf Graphic file (type pdf)
<use images/frontcover.pdf, page 1>
Package pdftex.def Info: images/frontcover.pdf , page1 used on input line 299.
(pdftex.def)             Requested size: 501.19238pt x 708.82898pt.
File: images/frontcover.pdf Graphic file (type pdf)
<use images/frontcover.pdf, page 1>
Package pdftex.def Info: images/frontcover.pdf , page1 used on input line 299.
(pdftex.def)             Requested size: 501.19238pt x 708.82898pt.
File: images/frontcover.pdf Graphic file (type pdf)
<use images/frontcover.pdf, page 1>
Package pdftex.def Info: images/frontcover.pdf , page1 used on input line 299.
(pdftex.def)             Requested size: 501.19238pt x 708.82898pt.
File: images/frontcover.pdf Graphic file (type pdf)
<use images/frontcover.pdf, page 1>
Package pdftex.def Info: images/frontcover.pdf , page1 used on input line 299.
(pdftex.def)             Requested size: 501.19238pt x 708.82898pt.
[1

 <./images/frontcover.pdf>]
pdfTeX warning (ext4): destination with the same identifier (name{page.1}) has been already used, duplicate ignored
<to be read again> 
                   \relax 
l.302 \begin{titlepage}
                        [1

]
pdfTeX warning (ext4): destination with the same identifier (name{page.1}) has been already used, duplicate ignored
<to be read again> 
                   \relax 
l.318 \end{titlepage}
                      [1{c:/Users/luottoi/AppData/Roaming/TinyTeX/texmf-var/fonts/map/pdftex/updmap/pdftex.map}{c:/Users/luottoi/AppData/Roaming/TinyTeX/texmf-dist/fonts/enc/dvips/lm/lm-ec.enc}]
<images/CB9015EN_Copyright Disclaimer_v2.pdf, id=307, 597.31157pt x 845.19763pt>
File: images/CB9015EN_Copyright Disclaimer_v2.pdf Graphic file (type pdf)
<use images/CB9015EN_Copyright Disclaimer_v2.pdf>
Package pdftex.def Info: images/CB9015EN_Copyright Disclaimer_v2.pdf  used on input line 319.
(pdftex.def)             Requested size: 329.32443pt x 465.99504pt.
File: images/CB9015EN_Copyright Disclaimer_v2.pdf Graphic file (type pdf)
<use images/CB9015EN_Copyright Disclaimer_v2.pdf>
Package pdftex.def Info: images/CB9015EN_Copyright Disclaimer_v2.pdf  used on input line 319.
(pdftex.def)             Requested size: 329.32443pt x 465.99504pt.
<images/CB9015EN_Copyright Disclaimer_v2.pdf, id=310, page=1, 597.31157pt x 845.19763pt>
File: images/CB9015EN_Copyright Disclaimer_v2.pdf Graphic file (type pdf)
<use images/CB9015EN_Copyright Disclaimer_v2.pdf, page 1>
Package pdftex.def Info: images/CB9015EN_Copyright Disclaimer_v2.pdf , page1 used on input line 319.
(pdftex.def)             Requested size: 597.3101pt x 845.19557pt.
File: images/CB9015EN_Copyright Disclaimer_v2.pdf Graphic file (type pdf)
<use images/CB9015EN_Copyright Disclaimer_v2.pdf, page 1>
Package pdftex.def Info: images/CB9015EN_Copyright Disclaimer_v2.pdf , page1 used on input line 319.
(pdftex.def)             Requested size: 501.02739pt x 708.95523pt.
File: images/CB9015EN_Copyright Disclaimer_v2.pdf Graphic file (type pdf)
<use images/CB9015EN_Copyright Disclaimer_v2.pdf, page 1>
Package pdftex.def Info: images/CB9015EN_Copyright Disclaimer_v2.pdf , page1 used on input line 319.
(pdftex.def)             Requested size: 501.02739pt x 708.95523pt.
File: images/CB9015EN_Copyright Disclaimer_v2.pdf Graphic file (type pdf)
<use images/CB9015EN_Copyright Disclaimer_v2.pdf, page 1>
Package pdftex.def Info: images/CB9015EN_Copyright Disclaimer_v2.pdf , page1 used on input line 319.
(pdftex.def)             Requested size: 501.02739pt x 708.95523pt.

pdfTeX warning (ext4): destination with the same identifier (name{page.1}) has been already used, duplicate ignored
<to be read again> 
                   \relax 
l.319 ...ges/CB9015EN_Copyright Disclaimer_v2.pdf}
                                                  
File: images/CB9015EN_Copyright Disclaimer_v2.pdf Graphic file (type pdf)
<use images/CB9015EN_Copyright Disclaimer_v2.pdf, page 1>
Package pdftex.def Info: images/CB9015EN_Copyright Disclaimer_v2.pdf , page1 used on input line 319.
(pdftex.def)             Requested size: 501.02739pt x 708.95523pt.
[1 <./images/CB9015EN_Copyright Disclaimer_v2.pdf>]
LaTeX Font Info:    Trying to load font information for T1+lmss on input line 328.
(c:/Users/luottoi/AppData/Roaming/TinyTeX/texmf-dist/tex/latex/lm/t1lmss.fd
File: t1lmss.fd 2015/05/01 v1.6.1 Font defs for Latin Modern
) (./GSNmap_Technical_Manual.toc
LaTeX Font Info:    Trying to load font information for OT1+lmr on input line 6.
(c:/Users/luottoi/AppData/Roaming/TinyTeX/texmf-dist/tex/latex/lm/ot1lmr.fd
File: ot1lmr.fd 2015/05/01 v1.6.1 Font defs for Latin Modern
)
LaTeX Font Info:    Trying to load font information for OML+lmm on input line 6.
(c:/Users/luottoi/AppData/Roaming/TinyTeX/texmf-dist/tex/latex/lm/omllmm.fd
File: omllmm.fd 2015/05/01 v1.6.1 Font defs for Latin Modern
)
LaTeX Font Info:    Trying to load font information for OMS+lmsy on input line 6.
(c:/Users/luottoi/AppData/Roaming/TinyTeX/texmf-dist/tex/latex/lm/omslmsy.fd
File: omslmsy.fd 2015/05/01 v1.6.1 Font defs for Latin Modern
)
LaTeX Font Info:    Trying to load font information for OMX+lmex on input line 6.
(c:/Users/luottoi/AppData/Roaming/TinyTeX/texmf-dist/tex/latex/lm/omxlmex.fd
File: omxlmex.fd 2015/05/01 v1.6.1 Font defs for Latin Modern
)
LaTeX Font Info:    External font `lmex10' loaded for size
(Font)              <10> on input line 6.
LaTeX Font Info:    External font `lmex10' loaded for size
(Font)              <7> on input line 6.
LaTeX Font Info:    External font `lmex10' loaded for size
(Font)              <5> on input line 6.
LaTeX Font Info:    Trying to load font information for U+msa on input line 6.
(c:/Users/luottoi/AppData/Roaming/TinyTeX/texmf-dist/tex/latex/amsfonts/umsa.fd
File: umsa.fd 2013/01/14 v3.01 AMS symbols A
)
LaTeX Font Info:    Trying to load font information for U+msb on input line 6.
(c:/Users/luottoi/AppData/Roaming/TinyTeX/texmf-dist/tex/latex/amsfonts/umsb.fd
File: umsb.fd 2013/01/14 v3.01 AMS symbols B
) [1


] [2] [3])
\tf@toc=\write6
\openout6 = `GSNmap_Technical_Manual.toc'.

[4] (./GSNmap_Technical_Manual.lof)
\tf@lof=\write7
\openout7 = `GSNmap_Technical_Manual.lof'.

[5

] (./GSNmap_Technical_Manual.lot)
\tf@lot=\write8
\openout8 = `GSNmap_Technical_Manual.lot'.

<images/frontcover.jpg, id=561, 597.6729pt x 845.0772pt>
File: images/frontcover.jpg Graphic file (type jpg)
<use images/frontcover.jpg>
Package pdftex.def Info: images/frontcover.jpg  used on input line 333.
(pdftex.def)             Requested size: 329.57835pt x 466.00601pt.
[6

]
Overfull \vbox (42.50601pt too high) has occurred while \output is active []

[7 <./images/frontcover.jpg>] [8

] [9

]
Underfull \hbox (badness 10000) in paragraph at lines 386--387

 []


Underfull \hbox (badness 10000) in paragraph at lines 390--391

 []

[10

]
Chapter 1.

pdfTeX warning (ext4): destination with the same identifier (name{page.1}) has been already used, duplicate ignored
<to be read again> 
                   \relax 
l.409 
       [1


] [2]
LaTeX Font Info:    Trying to load font information for TS1+lmr on input line 427.
(c:/Users/luottoi/AppData/Roaming/TinyTeX/texmf-dist/tex/latex/lm/ts1lmr.fd
File: ts1lmr.fd 2015/05/01 v1.6.1 Font defs for Latin Modern
) [3{c:/Users/luottoi/AppData/Roaming/TinyTeX/texmf-dist/fonts/enc/dvips/lm/lm-ts1.enc}]
<images/Manual-Workflow.png, id=639, 487.8225pt x 316.3017pt>
File: images/Manual-Workflow.png Graphic file (type png)
<use images/Manual-Workflow.png>
Package pdftex.def Info: images/Manual-Workflow.png  used on input line 465.
(pdftex.def)             Requested size: 345.00166pt x 223.69737pt.
[4] [5 <./images/Manual-Workflow.png>]
LaTeX Font Info:    Trying to load font information for T1+lmtt on input line 493.
(c:/Users/luottoi/AppData/Roaming/TinyTeX/texmf-dist/tex/latex/lm/t1lmtt.fd
File: t1lmtt.fd 2015/05/01 v1.6.1 Font defs for Latin Modern
) [6]
Chapter 2.
[7

] [8] [9]
Chapter 3.
[10

]
<images/2_RStudio-interface.png, id=714, 1028.34187pt x 548.0475pt>
File: images/2_RStudio-interface.png Graphic file (type png)
<use images/2_RStudio-interface.png>
Package pdftex.def Info: images/2_RStudio-interface.png  used on input line 597.
(pdftex.def)             Requested size: 345.0027pt x 183.86673pt.
[11]
Underfull \hbox (badness 5592) in paragraph at lines 617--618
[]\T1/lmr/m/n/10 Stackoverflow \T1/lmr/bx/n/10 R \T1/lmr/m/n/10 com-mu-nity: []$https : / / stackover^^]ow . com / questions /
 []

[12 <./images/2_RStudio-interface.PNG>]

LaTeX Warning: Reference `fig:GEE' on page 13 undefined on input line 640.

[13]
<images/2.1_GEE_codeeditor.png, id=754, 1446.90562pt x 709.14937pt>
File: images/2.1_GEE_codeeditor.png Graphic file (type png)
<use images/2.1_GEE_codeeditor.png>
Package pdftex.def Info: images/2.1_GEE_codeeditor.png  used on input line 646.
(pdftex.def)             Requested size: 344.99042pt x 169.0848pt.
[14 <./images/2.1_GEE_codeeditor.png>]
Chapter 4.
[15

{c:/Users/luottoi/AppData/Roaming/TinyTeX/texmf-dist/fonts/enc/dvips/lm/lm-mathit.enc}{c:/Users/luottoi/AppData/Roaming/TinyTeX/texmf-dist/fonts/enc/dvips/lm/lm-rm.enc}] [16]
<images/workflow_lat_long_data.png, id=797, 821.0675pt x 966.61125pt>
File: images/workflow_lat_long_data.png Graphic file (type png)
<use images/workflow_lat_long_data.png>
Package pdftex.def Info: images/workflow_lat_long_data.png  used on input line 685.
(pdftex.def)             Requested size: 344.99634pt x 406.15096pt.
[17] [18 <./images/workflow_lat_long_data.png (PNG copy)>]
Chapter 5.
[19

] [20] [21]
Overfull \hbox (46.44379pt too wide) in paragraph at lines 814--832
 [][] 
 []

[22]
Overfull \hbox (59.50078pt too wide) in paragraph at lines 859--874
 [] 
 []

[23]
<images/file-explorer.png, id=862, 944.02687pt x 486.31688pt>
File: images/file-explorer.png Graphic file (type png)
<use images/file-explorer.png>
Package pdftex.def Info: images/file-explorer.png  used on input line 890.
(pdftex.def)             Requested size: 345.00629pt x 177.73051pt.

Overfull \hbox (83.6924pt too wide) in paragraph at lines 893--894
[]\T1/lmr/m/n/10 The file path will ap-pear with the fol-low-ing for-mat: \T1/lmtt/m/n/10 C:\Users\GSNmap-TM\Digital-Soil-Mapping\T1/lmr/m/n/10 .
 []

[24 <./images/file-explorer.PNG>]
LaTeX Font Info:    Trying to load font information for TS1+lmtt on input line 899.
(c:/Users/luottoi/AppData/Roaming/TinyTeX/texmf-dist/tex/latex/lm/ts1lmtt.fd
File: ts1lmtt.fd 2015/05/01 v1.6.1 Font defs for Latin Modern
) [25]
Overfull \hbox (90.74873pt too wide) in paragraph at lines 945--945
[]\T1/lmtt/m/n/10 ## -- Column specification --------------------------------------------------------[] 
 []


Overfull \hbox (43.49887pt too wide) in paragraph at lines 945--945
[]\T1/lmtt/m/n/10 ## i Use `spec()` to retrieve the full column specification for this data.[] 
 []


Overfull \hbox (95.99872pt too wide) in paragraph at lines 945--945
[]\T1/lmtt/m/n/10 ## i Specify the column types or set `show_col_types = FALSE` to quiet this message.[] 
 []

[26]
Chapter 6.
[27

]
LaTeX Font Info:    Font shape `T1/lmtt/bx/n' in size <10> not available
(Font)              Font shape `T1/lmtt/b/n' tried instead on input line 1021.

LaTeX Font Warning: Font shape `T1/lmtt/bx/it' in size <10> not available
(Font)              Font shape `T1/lmtt/b/sl' tried instead on input line 1021.

[28]
Overfull \hbox (32.9989pt too wide) in paragraph at lines 1062--1062
[]\T1/lmtt/m/n/10 ## [1] "id_prof" "id_hor"  "top"     "bottom"  "ph_h2o"  "k"       "soc"[] 
 []

[29]
Overfull \hbox (1.499pt too wide) in paragraph at lines 1114--1114
[]\T1/lmtt/m/n/10 ##  Min.   :  51   Min.   :12230   Min.   :  0.00   Min.   :  5.00[] 
 []


Overfull \hbox (1.499pt too wide) in paragraph at lines 1114--1114
[]\T1/lmtt/m/n/10 ##  1st Qu.:6512   1st Qu.:29161   1st Qu.: 15.00   1st Qu.: 28.00[] 
 []


Overfull \hbox (1.499pt too wide) in paragraph at lines 1114--1114
[]\T1/lmtt/m/n/10 ##  Median :6948   Median :31464   Median : 35.00   Median : 55.00[] 
 []


Overfull \hbox (1.499pt too wide) in paragraph at lines 1114--1114
[]\T1/lmtt/m/n/10 ##  Mean   :6166   Mean   :28491   Mean   : 42.67   Mean   : 62.14[] 
 []


Overfull \hbox (1.499pt too wide) in paragraph at lines 1114--1114
[]\T1/lmtt/m/n/10 ##  3rd Qu.:7385   3rd Qu.:33766   3rd Qu.: 65.00   3rd Qu.: 88.00[] 
 []


Overfull \hbox (1.499pt too wide) in paragraph at lines 1114--1114
[]\T1/lmtt/m/n/10 ##  Max.   :8128   Max.   :37674   Max.   :190.00   Max.   :230.00[] 
 []


Overfull \hbox (1.499pt too wide) in paragraph at lines 1114--1114
[]\T1/lmtt/m/n/10 ##  Min.   : 5.00   Min.   : 0.200   Min.   : 0.020   Min.   :0.87[] 
 []


Overfull \hbox (1.499pt too wide) in paragraph at lines 1114--1114
[]\T1/lmtt/m/n/10 ##  1st Qu.: 6.70   1st Qu.: 1.400   1st Qu.: 0.250   1st Qu.:1.16[] 
 []


Overfull \hbox (1.499pt too wide) in paragraph at lines 1114--1114
[]\T1/lmtt/m/n/10 ##  Median : 7.40   Median : 1.900   Median : 0.720   Median :1.26[] 
 []


Overfull \hbox (1.499pt too wide) in paragraph at lines 1114--1114
[]\T1/lmtt/m/n/10 ##  Mean   : 7.59   Mean   : 1.994   Mean   : 1.457   Mean   :1.26[] 
 []


Overfull \hbox (1.499pt too wide) in paragraph at lines 1114--1114
[]\T1/lmtt/m/n/10 ##  3rd Qu.: 8.50   3rd Qu.: 2.500   3rd Qu.: 2.360   3rd Qu.:1.38[] 
 []


Overfull \hbox (1.499pt too wide) in paragraph at lines 1114--1114
[]\T1/lmtt/m/n/10 ##  Max.   :10.30   Max.   :16.800   Max.   :19.000   Max.   :1.49[] 
 []


Overfull \hbox (1.499pt too wide) in paragraph at lines 1114--1114
[]\T1/lmtt/m/n/10 ##  NA's   :318     NA's   :331      NA's   :358      NA's   :1804[] 
 []

[30] [31] [32]
<GSNmap_Technical_Manual_files/figure-latex/unnamed-chunk-7-1.pdf, id=916, 469.755pt x 325.215pt>
File: GSNmap_Technical_Manual_files/figure-latex/unnamed-chunk-7-1.pdf Graphic file (type pdf)
<use GSNmap_Technical_Manual_files/figure-latex/unnamed-chunk-7-1.pdf>
Package pdftex.def Info: GSNmap_Technical_Manual_files/figure-latex/unnamed-chunk-7-1.pdf  used on input line 1232.
(pdftex.def)             Requested size: 344.997pt x 238.84406pt.
[33] [34 <./GSNmap_Technical_Manual_files/figure-latex/unnamed-chunk-7-1.pdf>] [35] [36]
Overfull \hbox (80.24876pt too wide) in paragraph at lines 1366--1366
[]\T1/lmtt/m/n/10 ## dropping profiles with invalid depth logic, see `metadata(x)$removed.profiles`[] 
 []


Underfull \hbox (badness 10000) in paragraph at lines 1402--1403
\T1/lmr/m/n/10 (e.g. []$https : / / hbctraining . github . io / Intro -[] to -[] R / lessons / 03 _ introR -[] functions -[]
 []

[37] [38]
Overfull \hbox (48.74886pt too wide) in paragraph at lines 1476--1476
[]\T1/lmtt/m/n/10 ##      SOC BD_observed Saini1996 Drew1973 Jeffrey1979 Grigal1989 Adams1973[] 
 []


Overfull \hbox (48.74886pt too wide) in paragraph at lines 1476--1476
[]\T1/lmtt/m/n/10 ## 367 1.64        1.16  1.450358 1.371991   0.7767016   1.463173  2.072261[] 
 []


Overfull \hbox (48.74886pt too wide) in paragraph at lines 1476--1476
[]\T1/lmtt/m/n/10 ## 373 2.38        1.26  1.373813 1.290451   0.5239880   1.404651  1.886665[] 
 []


Overfull \hbox (48.74886pt too wide) in paragraph at lines 1476--1476
[]\T1/lmtt/m/n/10 ## 374 0.50        1.49  1.568280 1.519946   1.5827721   1.562569  2.442399[] 
 []


Overfull \hbox (48.74886pt too wide) in paragraph at lines 1476--1476
[]\T1/lmtt/m/n/10 ## 376 2.05        1.14  1.407948 1.325584   0.6252763   1.430196  1.965153[] 
 []


Overfull \hbox (48.74886pt too wide) in paragraph at lines 1476--1476
[]\T1/lmtt/m/n/10 ## 377 0.44        1.36  1.574486 1.528622   1.6695198   1.568132  2.465577[] 
 []


Overfull \hbox (48.74886pt too wide) in paragraph at lines 1476--1476
[]\T1/lmtt/m/n/10 ## 386 0.75        1.43  1.542420 1.484831   1.3076235   1.539757  2.350336[] 
 []


Overfull \hbox (48.74886pt too wide) in paragraph at lines 1476--1476
[]\T1/lmtt/m/n/10 ## 387 0.75        1.38  1.542420 1.484831   1.3076235   1.539757  2.350336[] 
 []


Overfull \hbox (48.74886pt too wide) in paragraph at lines 1476--1476
[]\T1/lmtt/m/n/10 ## 389 3.20        0.87  1.288992 1.210718   0.3230883   1.344826  1.716329[] 
 []


Overfull \hbox (48.74886pt too wide) in paragraph at lines 1476--1476
[]\T1/lmtt/m/n/10 ## 394 1.11        1.25  1.505182 1.437024   1.0415837   1.507928  2.229331[] 
 []

[39]
Overfull \hbox (48.74886pt too wide) in paragraph at lines 1504--1504
[]\T1/lmtt/m/n/10 ##   Jeffrey1979       Grigal1989      Adams1973     Honeyset_Ratkowsky1989[] 
 []


Overfull \hbox (1.499pt too wide) in paragraph at lines 1504--1504
[]\T1/lmtt/m/n/10 ##  Min.   :0.3231   Min.   :1.345   Min.   :1.716   Min.   :1.148[] 
 []


Overfull \hbox (1.499pt too wide) in paragraph at lines 1504--1504
[]\T1/lmtt/m/n/10 ##  1st Qu.:0.6253   1st Qu.:1.430   1st Qu.:1.965   1st Qu.:1.315[] 
 []


Overfull \hbox (1.499pt too wide) in paragraph at lines 1504--1504
[]\T1/lmtt/m/n/10 ##  Median :1.0416   Median :1.508   Median :2.229   Median :1.492[] 
 []


Overfull \hbox (1.499pt too wide) in paragraph at lines 1504--1504
[]\T1/lmtt/m/n/10 ##  Mean   :1.0176   Mean   :1.485   Mean   :2.164   Mean   :1.448[] 
 []


Overfull \hbox (1.499pt too wide) in paragraph at lines 1504--1504
[]\T1/lmtt/m/n/10 ##  3rd Qu.:1.3076   3rd Qu.:1.540   3rd Qu.:2.350   3rd Qu.:1.573[] 
 []


Overfull \hbox (1.499pt too wide) in paragraph at lines 1504--1504
[]\T1/lmtt/m/n/10 ##  Max.   :1.6695   Max.   :1.568   Max.   :2.466   Max.   :1.650[] 
 []

[40]
<GSNmap_Technical_Manual_files/figure-latex/unnamed-chunk-11-1.pdf, id=962, 469.755pt x 325.215pt>
File: GSNmap_Technical_Manual_files/figure-latex/unnamed-chunk-11-1.pdf Graphic file (type pdf)
<use GSNmap_Technical_Manual_files/figure-latex/unnamed-chunk-11-1.pdf>
Package pdftex.def Info: GSNmap_Technical_Manual_files/figure-latex/unnamed-chunk-11-1.pdf  used on input line 1523.
(pdftex.def)             Requested size: 344.997pt x 238.84406pt.
[41 <./GSNmap_Technical_Manual_files/figure-latex/unnamed-chunk-11-1.pdf>]
<GSNmap_Technical_Manual_files/figure-latex/unnamed-chunk-11-4.pdf, id=973, 469.755pt x 325.215pt>
File: GSNmap_Technical_Manual_files/figure-latex/unnamed-chunk-11-4.pdf Graphic file (type pdf)
<use GSNmap_Technical_Manual_files/figure-latex/unnamed-chunk-11-4.pdf>
Package pdftex.def Info: GSNmap_Technical_Manual_files/figure-latex/unnamed-chunk-11-4.pdf  used on input line 1550.
(pdftex.def)             Requested size: 344.997pt x 238.84406pt.
[42 <./GSNmap_Technical_Manual_files/figure-latex/unnamed-chunk-11-4.pdf>]
Overfull \hbox (59.24883pt too wide) in paragraph at lines 1600--1600
[]\T1/lmtt/m/n/10 ## Warning: Removed 356 rows containing non-finite values (`stat_density()`).[] 
 []

<GSNmap_Technical_Manual_files/figure-latex/unnamed-chunk-12-1.pdf, id=983, 469.755pt x 325.215pt>
File: GSNmap_Technical_Manual_files/figure-latex/unnamed-chunk-12-1.pdf Graphic file (type pdf)
<use GSNmap_Technical_Manual_files/figure-latex/unnamed-chunk-12-1.pdf>
Package pdftex.def Info: GSNmap_Technical_Manual_files/figure-latex/unnamed-chunk-12-1.pdf  used on input line 1602.
(pdftex.def)             Requested size: 344.997pt x 238.84406pt.
[43] [44 <./GSNmap_Technical_Manual_files/figure-latex/unnamed-chunk-12-1.pdf>]
Overfull \hbox (74.99878pt too wide) in paragraph at lines 1662--1662
[]\T1/lmtt/m/n/10 ##   [1]   1   2   3   4   5   6   7   8   9  10  11  12  13  14  15  16  17  18[] 
 []


Overfull \hbox (74.99878pt too wide) in paragraph at lines 1662--1662
[]\T1/lmtt/m/n/10 ##  [19]  19  20  21  22  23  24  25  26  27  28  29  30  31  32  33  34  35  36[] 
 []


Overfull \hbox (74.99878pt too wide) in paragraph at lines 1662--1662
[]\T1/lmtt/m/n/10 ##  [37]  37  38  39  40  41  42  43  44  45  46  47  48  49  50  51  52  53  54[] 
 []


Overfull \hbox (74.99878pt too wide) in paragraph at lines 1662--1662
[]\T1/lmtt/m/n/10 ##  [55]  55  56  57  58  59  60  61  62  63  64  65  66  67  68  69  70  71  72[] 
 []


Overfull \hbox (74.99878pt too wide) in paragraph at lines 1662--1662
[]\T1/lmtt/m/n/10 ##  [73]  73  74  75  76  77  78  79  80  81  82  83  84  85  86  87  88  89  90[] 
 []


Overfull \hbox (74.99878pt too wide) in paragraph at lines 1662--1662
[]\T1/lmtt/m/n/10 ##  [91]  91  92  93  94  95  96  97  98  99 100 101 102 103 104 105 106 107 108[] 
 []


Overfull \hbox (74.99878pt too wide) in paragraph at lines 1662--1662
[]\T1/lmtt/m/n/10 ## [109] 109 110 111 112 113 114 115 116 117 118 119 120 121 122 124 125 126 127[] 
 []


Overfull \hbox (74.99878pt too wide) in paragraph at lines 1662--1662
[]\T1/lmtt/m/n/10 ## [127] 128 129 130 131 132 133 134 135 136 137 138 139 140 141 142 143 144 145[] 
 []


Overfull \hbox (74.99878pt too wide) in paragraph at lines 1662--1662
[]\T1/lmtt/m/n/10 ## [145] 146 147 148 149 150 151 152 153 154 155 156 157 158 159 160 161 162 163[] 
 []


Overfull \hbox (74.99878pt too wide) in paragraph at lines 1662--1662
[]\T1/lmtt/m/n/10 ## [163] 164 165 166 167 168 169 170 171 172 173 174 175 176 177 178 179 180 181[] 
 []


Overfull \hbox (74.99878pt too wide) in paragraph at lines 1662--1662
[]\T1/lmtt/m/n/10 ## [181] 182 183 184 185 186 187 188 189 190 191 192 193 194 195 196 197 198 199[] 
 []


Overfull \hbox (74.99878pt too wide) in paragraph at lines 1662--1662
[]\T1/lmtt/m/n/10 ## [199] 200 201 202 203 204 205 206 207 208 209 210 211 212 213 214 215 216 217[] 
 []


Overfull \hbox (74.99878pt too wide) in paragraph at lines 1662--1662
[]\T1/lmtt/m/n/10 ## [217] 218 219 220 221 222 223 224 225 226 227 228 229 230 231 232 233 234 235[] 
 []


Overfull \hbox (74.99878pt too wide) in paragraph at lines 1662--1662
[]\T1/lmtt/m/n/10 ## [235] 236 237 238 239 240 241 242 243 244 245 246 247 248 249 250 251 252 253[] 
 []


Overfull \hbox (74.99878pt too wide) in paragraph at lines 1662--1662
[]\T1/lmtt/m/n/10 ## [253] 254 255 256 257 258 259 260 261 262 263 264 265 266 267 268 269 270 271[] 
 []


Overfull \hbox (74.99878pt too wide) in paragraph at lines 1662--1662
[]\T1/lmtt/m/n/10 ## [271] 272 273 274 275 276 277 278 279 280 281 282 283 284 285 286 287 288 289[] 
 []


Overfull \hbox (74.99878pt too wide) in paragraph at lines 1662--1662
[]\T1/lmtt/m/n/10 ## [289] 290 291 292 293 294 295 296 297 298 299 300 301 302 303 304 305 306 307[] 
 []


Overfull \hbox (74.99878pt too wide) in paragraph at lines 1662--1662
[]\T1/lmtt/m/n/10 ## [307] 308 309 310 311 312 313 314 315 316 317 318 319 320 321 322 323 324 325[] 
 []

[45]
Overfull \hbox (74.99878pt too wide) in paragraph at lines 1662--1662
[]\T1/lmtt/m/n/10 ## [325] 326 327 328 329 330 331 332 333 334 335 336 337 339 340 341 342 343 344[] 
 []

<GSNmap_Technical_Manual_files/figure-latex/unnamed-chunk-13-1.pdf, id=1004, 469.755pt x 325.215pt>
File: GSNmap_Technical_Manual_files/figure-latex/unnamed-chunk-13-1.pdf Graphic file (type pdf)
<use GSNmap_Technical_Manual_files/figure-latex/unnamed-chunk-13-1.pdf>
Package pdftex.def Info: GSNmap_Technical_Manual_files/figure-latex/unnamed-chunk-13-1.pdf  used on input line 1698.
(pdftex.def)             Requested size: 344.997pt x 238.84406pt.
[46] [47 <./GSNmap_Technical_Manual_files/figure-latex/unnamed-chunk-13-1.pdf>] [48] [49] [50]
Chapter 7.

Overfull \hbox (38.36668pt too wide) in alignment at lines 1844--1849
 [] [] [] 
 []


Overfull \hbox (38.36668pt too wide) in alignment at lines 1849--1854
 [] [] [] 
 []


Overfull \hbox (38.36668pt too wide) in alignment at lines 1854--1856
 [] [] [] 
 []


Overfull \hbox (38.36668pt too wide) in alignment at lines 1856--1858
 [] [] [] 
 []


Overfull \hbox (38.36668pt too wide) in alignment at lines 1858--1961
 [] [] [] 
 []

[51

] [52] [53]
<images/javaScript_GEE.png, id=1056, 927.96687pt x 374.90062pt>
File: images/javaScript_GEE.png Graphic file (type png)
<use images/javaScript_GEE.png>
Package pdftex.def Info: images/javaScript_GEE.png  used on input line 1972.
(pdftex.def)             Requested size: 344.99904pt x 139.38036pt.
[54 <./images/javaScript_GEE.png>] [55]
Underfull \vbox (badness 10000) detected at line 2062
 []


Underfull \vbox (badness 10000) detected at line 2062
 []

[56] [57] [58] [59] [60] [61] [62] [63]
<images/GEE_export.png, id=1110, 949.04562pt x 451.6875pt>
File: images/GEE_export.png Graphic file (type png)
<use images/GEE_export.png>
Package pdftex.def Info: images/GEE_export.png  used on input line 2293.
(pdftex.def)             Requested size: 345.00133pt x 164.19946pt.

Underfull \hbox (badness 1803) in paragraph at lines 2296--2297
[]\T1/lmr/m/n/10 To run a task for ex-port-ing files to Google Drive in GEE, the Ex-
 []

[64 <./images/GEE_export.png>]
Chapter 8.
[65

] [66]
Overfull \vbox (1.01271pt too high) detected at line 2377
 []

[67] [68] [69]
<images/importance_n_0_30.png, id=1148, 426.75435pt x 711.25725pt>
File: images/importance_n_0_30.png Graphic file (type png)
<use images/importance_n_0_30.png>
Package pdftex.def Info: images/importance_n_0_30.png  used on input line 2455.
(pdftex.def)             Requested size: 279.60103pt x 466.00172pt.

LaTeX Warning: Float too large for page by 22.00172pt on input line 2456.

[70] [71 <./images/importance_n_0_30.png>] [72]
<images/cv.pdf, id=1165, 722.7pt x 542.025pt>
File: images/cv.pdf Graphic file (type pdf)
<use images/cv.pdf>
Package pdftex.def Info: images/cv.pdf  used on input line 2478.
(pdftex.def)             Requested size: 344.99533pt x 258.74649pt.
[73] [74 <./images/cv.pdf>] [75] [76{c:/Users/luottoi/AppData/Roaming/TinyTeX/texmf-dist/fonts/enc/dvips/lm/lm-mathsy.enc}{c:/Users/luottoi/AppData/Roaming/TinyTeX/texmf-dist/fonts/enc/dvips/lm/lm-mathex.enc}] [77]
<GSNmap_Technical_Manual_files/figure-latex/unnamed-chunk-25-1.pdf, id=2080, 469.755pt x 325.215pt>
File: GSNmap_Technical_Manual_files/figure-latex/unnamed-chunk-25-1.pdf Graphic file (type pdf)
<use GSNmap_Technical_Manual_files/figure-latex/unnamed-chunk-25-1.pdf>
Package pdftex.def Info: GSNmap_Technical_Manual_files/figure-latex/unnamed-chunk-25-1.pdf  used on input line 2617.
(pdftex.def)             Requested size: 344.997pt x 238.84406pt.
[78] [79 <./GSNmap_Technical_Manual_files/figure-latex/unnamed-chunk-25-1.pdf>] [80] [81] [82]
<GSNmap_Technical_Manual_files/figure-latex/unnamed-chunk-32-1.pdf, id=2113, 469.755pt x 325.215pt>
File: GSNmap_Technical_Manual_files/figure-latex/unnamed-chunk-32-1.pdf Graphic file (type pdf)
<use GSNmap_Technical_Manual_files/figure-latex/unnamed-chunk-32-1.pdf>
Package pdftex.def Info: GSNmap_Technical_Manual_files/figure-latex/unnamed-chunk-32-1.pdf  used on input line 2765.
(pdftex.def)             Requested size: 344.997pt x 238.84406pt.
[83 <./GSNmap_Technical_Manual_files/figure-latex/unnamed-chunk-32-1.pdf>] [84]
Chapter 9.
[85

]
Underfull \vbox (badness 10000) detected at line 2895
 []


Underfull \vbox (badness 10000) detected at line 2895
 []

[86] [87]
Chapter 10.
[88

] [89] [90

]
Underfull \vbox (badness 10000) detected at line 3210
 []


Underfull \vbox (badness 10000) detected at line 3210
 []

[91]
Underfull \vbox (badness 10000) detected at line 3210
 []


Underfull \vbox (badness 10000) detected at line 3210
 []

[92]
Underfull \vbox (badness 10000) detected at line 3210
 []


Underfull \vbox (badness 10000) detected at line 3210
 []

[93]
Overfull \vbox (2.22223pt too high) detected at line 3210
 []

[94]
Underfull \vbox (badness 10000) detected at line 3210
 []


Underfull \vbox (badness 10000) detected at line 3210
 []

[95]
Underfull \vbox (badness 10000) detected at line 3210
 []


Underfull \vbox (badness 10000) detected at line 3210
 []

[96] [97]
Underfull \vbox (badness 10000) detected at line 3614
 []


Underfull \vbox (badness 10000) detected at line 3614
 []

[98]
Underfull \vbox (badness 10000) detected at line 3614
 []


Underfull \vbox (badness 10000) detected at line 3614
 []

[99]
Underfull \vbox (badness 10000) detected at line 3614
 []


Underfull \vbox (badness 10000) detected at line 3614
 []

[100]
Underfull \vbox (badness 10000) detected at line 3614
 []


Underfull \vbox (badness 10000) detected at line 3614
 []

[101]
Underfull \vbox (badness 10000) detected at line 3614
 []


Underfull \vbox (badness 10000) detected at line 3614
 []

[102]
Underfull \vbox (badness 10000) detected at line 3614
 []


Underfull \vbox (badness 10000) detected at line 3614
 []

[103]
Underfull \vbox (badness 10000) detected at line 3614
 []


Underfull \vbox (badness 10000) detected at line 3614
 []

[104]
Underfull \vbox (badness 10000) detected at line 3614
 []


Underfull \vbox (badness 10000) detected at line 3614
 []

[105]
Underfull \vbox (badness 10000) detected at line 3614
 []


Underfull \vbox (badness 10000) detected at line 3614
 []

[106] [107] [108]
Underfull \vbox (badness 10000) detected at line 3843
 []


Underfull \vbox (badness 10000) detected at line 3843
 []

[109]
Underfull \vbox (badness 10000) detected at line 3843
 []


Underfull \vbox (badness 10000) detected at line 3843
 []

[110]
Underfull \vbox (badness 10000) detected at line 3843
 []


Underfull \vbox (badness 10000) detected at line 3843
 []

[111]
Underfull \vbox (badness 10000) detected at line 3843
 []


Underfull \vbox (badness 10000) detected at line 3843
 []

[112] [113] [114]
Underfull \vbox (badness 10000) detected at line 4205
 []


Underfull \vbox (badness 10000) detected at line 4205
 []

[115]
Underfull \vbox (badness 10000) detected at line 4205
 []


Underfull \vbox (badness 10000) detected at line 4205
 []

[116]
Underfull \vbox (badness 10000) detected at line 4205
 []


Underfull \vbox (badness 10000) detected at line 4205
 []

[117]
Underfull \vbox (badness 10000) detected at line 4205
 []


Underfull \vbox (badness 10000) detected at line 4205
 []

[118]
Overfull \vbox (2.1655pt too high) detected at line 4205
 []

[119]
Underfull \vbox (badness 10000) detected at line 4205
 []


Underfull \vbox (badness 10000) detected at line 4205
 []

[120]
Underfull \vbox (badness 10000) detected at line 4205
 []


Underfull \vbox (badness 10000) detected at line 4205
 []

[121]
Underfull \vbox (badness 10000) detected at line 4205
 []


Underfull \vbox (badness 10000) detected at line 4205
 []

[122] [123] [124

] [125] [126]
Underfull \vbox (badness 10000) detected at line 4437
 []


Underfull \vbox (badness 10000) detected at line 4437
 []

[127]
Underfull \vbox (badness 10000) detected at line 4437
 []


Underfull \vbox (badness 10000) detected at line 4437
 []

[128] [129]
<images/workflow_county_data.png, id=2344, 1163.34625pt x 1263.72125pt>
File: images/workflow_county_data.png Graphic file (type png)
<use images/workflow_county_data.png>
Package pdftex.def Info: images/workflow_county_data.png  used on input line 4446.
(pdftex.def)             Requested size: 344.9948pt x 374.76138pt.
[130

] [131 <./images/workflow_county_data.png (PNG copy)>] [132] [133] [134]
Underfull \vbox (badness 10000) detected at line 4656
 []


Underfull \vbox (badness 10000) detected at line 4656
 []

[135]
Underfull \vbox (badness 10000) detected at line 4656
 []


Underfull \vbox (badness 10000) detected at line 4656
 []

[136] [137] [138] [139] [140] [141]
<images/QA_QC.png, id=2400, 224.57054pt x 168.79167pt>
File: images/QA_QC.png Graphic file (type png)
<use images/QA_QC.png>
Package pdftex.def Info: images/QA_QC.png  used on input line 4830.
(pdftex.def)             Requested size: 224.58026pt x 168.79898pt.

LaTeX Warning: Reference `(' on page 142 undefined on input line 4839.

[142

] [143 <./images/QA_QC.png>] [144]
Overfull \hbox (89.03592pt too wide) in paragraph at lines 4909--4929
 [][] 
 []

[145]
Underfull \vbox (badness 10000) detected at line 5073
 []


Underfull \vbox (badness 10000) detected at line 5073
 []

[146]
Underfull \vbox (badness 10000) detected at line 5073
 []


Underfull \vbox (badness 10000) detected at line 5073
 []

[147] [148] [149] [150

]
Underfull \hbox (badness 2103) in paragraph at lines 5120--5122
[]\T1/lmr/bx/n/10 Hengl, T., Leenaars, J.G.B., Shep-herd, K.D., Walsh, M.G.,
 []


Underfull \hbox (badness 3029) in paragraph at lines 5120--5122
\T1/lmr/bx/n/10 Heuvelink, G.B.M., Mamo, T., Tilahun, H., Berkhout, E.,
 []


Underfull \hbox (badness 1122) in paragraph at lines 5120--5122
\T1/lmr/m/n/10 tent at 250 m spa-tial res-o-lu-tion us-ing ma-chine learn-ing, 109: 77--102.
 []

[151]

pdfTeX warning: pdflatex.exe (file ./images/backcover.pdf): PDF inclusion: found PDF version <1.7>, but at most version <1.5> allowed
<images/backcover.pdf, id=2464, 597.23125pt x 772.8875pt>
File: images/backcover.pdf Graphic file (type pdf)
<use images/backcover.pdf>
Package pdftex.def Info: images/backcover.pdf  used on input line 5189.
(pdftex.def)             Requested size: 345.00008pt x 446.47069pt.


pdfTeX warning: pdflatex.exe (file ./images/backcover.pdf): PDF inclusion: found PDF version <1.7>, but at most version <1.5> allowed
File: images/backcover.pdf Graphic file (type pdf)
<use images/backcover.pdf>
Package pdftex.def Info: images/backcover.pdf  used on input line 5189.
(pdftex.def)             Requested size: 345.00008pt x 446.47069pt.


pdfTeX warning: pdflatex.exe (file ./images/backcover.pdf): PDF inclusion: found PDF version <1.7>, but at most version <1.5> allowed


pdfTeX warning: pdflatex.exe (file ./images/backcover.pdf): PDF inclusion: found PDF version <1.7>, but at most version <1.5> allowed
<images/backcover.pdf, id=2467, page=1, 597.23125pt x 772.8875pt>
File: images/backcover.pdf Graphic file (type pdf)
<use images/backcover.pdf, page 1>
Package pdftex.def Info: images/backcover.pdf , page1 used on input line 5189.
(pdftex.def)             Requested size: 597.22978pt x 772.8856pt.
File: images/backcover.pdf Graphic file (type pdf)
<use images/backcover.pdf, page 1>
Package pdftex.def Info: images/backcover.pdf , page1 used on input line 5189.
(pdftex.def)             Requested size: 500.96pt x 648.3012pt.
[152]
File: images/backcover.pdf Graphic file (type pdf)
<use images/backcover.pdf, page 1>
Package pdftex.def Info: images/backcover.pdf , page1 used on input line 5189.
(pdftex.def)             Requested size: 500.96pt x 648.3012pt.
File: images/backcover.pdf Graphic file (type pdf)
<use images/backcover.pdf, page 1>
Package pdftex.def Info: images/backcover.pdf , page1 used on input line 5189.
(pdftex.def)             Requested size: 500.96pt x 648.3012pt.
File: images/backcover.pdf Graphic file (type pdf)
<use images/backcover.pdf, page 1>
Package pdftex.def Info: images/backcover.pdf , page1 used on input line 5189.
(pdftex.def)             Requested size: 500.96pt x 648.3012pt.
[153 <./images/backcover.pdf>] (./GSNmap_Technical_Manual.aux)
 ***********
LaTeX2e <2023-06-01> patch level 1
L3 programming layer <2023-08-29>
 ***********

LaTeX Warning: There were undefined references.


LaTeX Warning: There were multiply-defined labels.

 ) 
Here is how much of TeX's memory you used:
 20655 strings out of 476893
 344025 string characters out of 5807354
 1958801 words of memory out of 5000000
 41136 multiletter control sequences out of 15000+600000
 631258 words of font info for 79 fonts, out of 8000000 for 9000
 14 hyphenation exceptions out of 8191
 110i,17n,133p,1380b,613s stack positions out of 10000i,1000n,20000p,200000b,200000s
<c:/Users/luottoi/AppData/Roaming/TinyTeX/texmf-dist/fonts/type1/public/lm/lmbx10.pfb><c:/Users/luottoi/AppData/Roaming/TinyTeX/texmf-dist/fonts/type1/public/lm/lmbx12.pfb><c:/Users/luottoi/AppData/Roaming/TinyTeX/texmf-dist/fonts/type1/public/lm/lmbx7.pfb><c:/Users/luottoi/AppData/Roaming/TinyTeX/texmf-dist/fonts/type1/public/lm/lmex10.pfb><c:/Users/luottoi/AppData/Roaming/TinyTeX/texmf-dist/fonts/type1/public/lm/lmmi10.pfb><c:/Users/luottoi/AppData/Roaming/TinyTeX/texmf-dist/fonts/type1/public/lm/lmmi7.pfb><c:/Users/luottoi/AppData/Roaming/TinyTeX/texmf-dist/fonts/type1/public/lm/lmr10.pfb><c:/Users/luottoi/AppData/Roaming/TinyTeX/texmf-dist/fonts/type1/public/lm/lmr5.pfb><c:/Users/luottoi/AppData/Roaming/TinyTeX/texmf-dist/fonts/type1/public/lm/lmr7.pfb><c:/Users/luottoi/AppData/Roaming/TinyTeX/texmf-dist/fonts/type1/public/lm/lmri10.pfb><c:/Users/luottoi/AppData/Roaming/TinyTeX/texmf-dist/fonts/type1/public/lm/lmri7.pfb><c:/Users/luottoi/AppData/Roaming/TinyTeX/texmf-dist/fonts/type1/public/lm/lmssbx10.pfb><c:/Users/luottoi/AppData/Roaming/TinyTeX/texmf-dist/fonts/type1/public/lm/lmsy10.pfb><c:/Users/luottoi/AppData/Roaming/TinyTeX/texmf-dist/fonts/type1/public/lm/lmtk10.pfb><c:/Users/luottoi/AppData/Roaming/TinyTeX/texmf-dist/fonts/type1/public/lm/lmtko10.pfb><c:/Users/luottoi/AppData/Roaming/TinyTeX/texmf-dist/fonts/type1/public/lm/lmtt10.pfb><c:/Users/luottoi/AppData/Roaming/TinyTeX/texmf-dist/fonts/type1/public/lm/lmtti10.pfb>
Output written on GSNmap_Technical_Manual.pdf (167 pages, 13161900 bytes).
PDF statistics:
 2893 PDF objects out of 2984 (max. 8388607)
 2441 compressed objects within 25 object streams
 403 named destinations out of 1000 (max. 500000)
 772 words of extra memory for PDF output out of 10000 (max. 10000000)

