This is pdfTeX, Version 3.141592653-2.6-1.40.24 (TeX Live 2022) (preloaded format=pdflatex 2022.8.16)  22 AUG 2022 11:26
entering extended mode
 restricted \write18 enabled.
 %&-line parsing enabled.
**DSM_CG.tex
(./DSM_CG.tex
LaTeX2e <2022-06-01> patch level 5
L3 programming layer <2022-08-05> (c:/texlive/2022/texmf-dist/tex/latex/base/bo
ok.cls
Document Class: book 2021/10/04 v1.4n Standard LaTeX document class
(c:/texlive/2022/texmf-dist/tex/latex/base/bk10.clo
File: bk10.clo 2021/10/04 v1.4n Standard LaTeX file (size option)
)
\c@part=\count185
\c@chapter=\count186
\c@section=\count187
\c@subsection=\count188
\c@subsubsection=\count189
\c@paragraph=\count190
\c@subparagraph=\count191
\c@figure=\count192
\c@table=\count193
\abovecaptionskip=\skip47
\belowcaptionskip=\skip48
\bibindent=\dimen138
) (c:/texlive/2022/texmf-dist/tex/latex/amsmath/amsmath.sty
Package: amsmath 2022/04/08 v2.17n AMS math features
\@mathmargin=\skip49
For additional information on amsmath, use the `?' option.
(c:/texlive/2022/texmf-dist/tex/latex/amsmath/amstext.sty
Package: amstext 2021/08/26 v2.01 AMS text
(c:/texlive/2022/texmf-dist/tex/latex/amsmath/amsgen.sty
File: amsgen.sty 1999/11/30 v2.0 generic functions
\@emptytoks=\toks16
\ex@=\dimen139
)) (c:/texlive/2022/texmf-dist/tex/latex/amsmath/amsbsy.sty
Package: amsbsy 1999/11/29 v1.2d Bold Symbols
\pmbraise@=\dimen140
) (c:/texlive/2022/texmf-dist/tex/latex/amsmath/amsopn.sty
Package: amsopn 2022/04/08 v2.04 operator names
)
\inf@bad=\count194
LaTeX Info: Redefining \frac on input line 234.
\uproot@=\count195
\leftroot@=\count196
LaTeX Info: Redefining \overline on input line 399.
LaTeX Info: Redefining \colon on input line 410.
\classnum@=\count197
\DOTSCASE@=\count198
LaTeX Info: Redefining \ldots on input line 496.
LaTeX Info: Redefining \dots on input line 499.
LaTeX Info: Redefining \cdots on input line 620.
\Mathstrutbox@=\box51
\strutbox@=\box52
LaTeX Info: Redefining \big on input line 722.
LaTeX Info: Redefining \Big on input line 723.
LaTeX Info: Redefining \bigg on input line 724.
LaTeX Info: Redefining \Bigg on input line 725.
\big@size=\dimen141
LaTeX Font Info:    Redeclaring font encoding OML on input line 743.
LaTeX Font Info:    Redeclaring font encoding OMS on input line 744.
\macc@depth=\count199
LaTeX Info: Redefining \bmod on input line 905.
LaTeX Info: Redefining \pmod on input line 910.
LaTeX Info: Redefining \smash on input line 940.
LaTeX Info: Redefining \relbar on input line 970.
LaTeX Info: Redefining \Relbar on input line 971.
\c@MaxMatrixCols=\count266
\dotsspace@=\muskip16
\c@parentequation=\count267
\dspbrk@lvl=\count268
\tag@help=\toks17
\row@=\count269
\column@=\count270
\maxfields@=\count271
\andhelp@=\toks18
\eqnshift@=\dimen142
\alignsep@=\dimen143
\tagshift@=\dimen144
\tagwidth@=\dimen145
\totwidth@=\dimen146
\lineht@=\dimen147
\@envbody=\toks19
\multlinegap=\skip50
\multlinetaggap=\skip51
\mathdisplay@stack=\toks20
LaTeX Info: Redefining \[ on input line 2953.
LaTeX Info: Redefining \] on input line 2954.
) (c:/texlive/2022/texmf-dist/tex/latex/amsfonts/amssymb.sty
Package: amssymb 2013/01/14 v3.01 AMS font symbols
(c:/texlive/2022/texmf-dist/tex/latex/amsfonts/amsfonts.sty
Package: amsfonts 2013/01/14 v3.01 Basic AMSFonts support
\symAMSa=\mathgroup4
\symAMSb=\mathgroup5
LaTeX Font Info:    Redeclaring math symbol \hbar on input line 98.
LaTeX Font Info:    Overwriting math alphabet `\mathfrak' in version `bold'
(Font)                  U/euf/m/n --> U/euf/b/n on input line 106.
)) (c:/texlive/2022/texmf-dist/tex/latex/lm/lmodern.sty
Package: lmodern 2015/05/01 v1.6.1 Latin Modern Fonts
LaTeX Font Info:    Overwriting symbol font `operators' in version `normal'
(Font)                  OT1/cmr/m/n --> OT1/lmr/m/n on input line 22.
LaTeX Font Info:    Overwriting symbol font `letters' in version `normal'
(Font)                  OML/cmm/m/it --> OML/lmm/m/it on input line 23.
LaTeX Font Info:    Overwriting symbol font `symbols' in version `normal'
(Font)                  OMS/cmsy/m/n --> OMS/lmsy/m/n on input line 24.
LaTeX Font Info:    Overwriting symbol font `largesymbols' in version `normal'
(Font)                  OMX/cmex/m/n --> OMX/lmex/m/n on input line 25.
LaTeX Font Info:    Overwriting symbol font `operators' in version `bold'
(Font)                  OT1/cmr/bx/n --> OT1/lmr/bx/n on input line 26.
LaTeX Font Info:    Overwriting symbol font `letters' in version `bold'
(Font)                  OML/cmm/b/it --> OML/lmm/b/it on input line 27.
LaTeX Font Info:    Overwriting symbol font `symbols' in version `bold'
(Font)                  OMS/cmsy/b/n --> OMS/lmsy/b/n on input line 28.
LaTeX Font Info:    Overwriting symbol font `largesymbols' in version `bold'
(Font)                  OMX/cmex/m/n --> OMX/lmex/m/n on input line 29.
LaTeX Font Info:    Overwriting math alphabet `\mathbf' in version `normal'
(Font)                  OT1/cmr/bx/n --> OT1/lmr/bx/n on input line 31.
LaTeX Font Info:    Overwriting math alphabet `\mathsf' in version `normal'
(Font)                  OT1/cmss/m/n --> OT1/lmss/m/n on input line 32.
LaTeX Font Info:    Overwriting math alphabet `\mathit' in version `normal'
(Font)                  OT1/cmr/m/it --> OT1/lmr/m/it on input line 33.
LaTeX Font Info:    Overwriting math alphabet `\mathtt' in version `normal'
(Font)                  OT1/cmtt/m/n --> OT1/lmtt/m/n on input line 34.
LaTeX Font Info:    Overwriting math alphabet `\mathbf' in version `bold'
(Font)                  OT1/cmr/bx/n --> OT1/lmr/bx/n on input line 35.
LaTeX Font Info:    Overwriting math alphabet `\mathsf' in version `bold'
(Font)                  OT1/cmss/bx/n --> OT1/lmss/bx/n on input line 36.
LaTeX Font Info:    Overwriting math alphabet `\mathit' in version `bold'
(Font)                  OT1/cmr/bx/it --> OT1/lmr/bx/it on input line 37.
LaTeX Font Info:    Overwriting math alphabet `\mathtt' in version `bold'
(Font)                  OT1/cmtt/m/n --> OT1/lmtt/m/n on input line 38.
) (c:/texlive/2022/texmf-dist/tex/generic/iftex/iftex.sty
Package: iftex 2022/02/03 v1.0f TeX engine tests
) (c:/texlive/2022/texmf-dist/tex/latex/base/fontenc.sty
Package: fontenc 2021/04/29 v2.0v Standard LaTeX package
LaTeX Font Info:    Trying to load font information for T1+lmr on input line 11
2.
(c:/texlive/2022/texmf-dist/tex/latex/lm/t1lmr.fd
File: t1lmr.fd 2015/05/01 v1.6.1 Font defs for Latin Modern
)) (c:/texlive/2022/texmf-dist/tex/latex/base/inputenc.sty
Package: inputenc 2021/02/14 v1.3d Input encoding file
\inpenc@prehook=\toks21
\inpenc@posthook=\toks22
) (c:/texlive/2022/texmf-dist/tex/latex/base/textcomp.sty
Package: textcomp 2020/02/02 v2.0n Standard LaTeX package
) (c:/texlive/2022/texmf-dist/tex/latex/upquote/upquote.sty
Package: upquote 2012/04/19 v1.3 upright-quote and grave-accent glyphs in verba
tim
) (c:/texlive/2022/texmf-dist/tex/latex/microtype/microtype.sty
Package: microtype 2022/06/23 v3.0f Micro-typographical refinements (RS)
(c:/texlive/2022/texmf-dist/tex/latex/graphics/keyval.sty
Package: keyval 2022/05/29 v1.15 key=value parser (DPC)
\KV@toks@=\toks23
) (c:/texlive/2022/texmf-dist/tex/latex/etoolbox/etoolbox.sty
Package: etoolbox 2020/10/05 v2.5k e-TeX tools for LaTeX (JAW)
\etb@tempcnta=\count272
)
\MT@toks=\toks24
\MT@tempbox=\box53
\MT@count=\count273
LaTeX Info: Redefining \noprotrusionifhmode on input line 1045.
LaTeX Info: Redefining \leftprotrusion on input line 1046.
LaTeX Info: Redefining \rightprotrusion on input line 1056.
LaTeX Info: Redefining \textls on input line 1234.
\MT@outer@kern=\dimen148
LaTeX Info: Redefining \textmicrotypecontext on input line 1858.
\MT@listname@count=\count274
(c:/texlive/2022/texmf-dist/tex/latex/microtype/microtype-pdftex.def
File: microtype-pdftex.def 2022/06/23 v3.0f Definitions specific to pdftex (RS)

LaTeX Info: Redefining \lsstyle on input line 900.
LaTeX Info: Redefining \lslig on input line 900.
\MT@outer@space=\skip52
)
Package microtype Info: Loading configuration file microtype.cfg.
(c:/texlive/2022/texmf-dist/tex/latex/microtype/microtype.cfg
File: microtype.cfg 2022/06/23 v3.0f microtype main configuration file (RS)
)) (c:/texlive/2022/texmf-dist/tex/latex/parskip/parskip.sty
Package: parskip 2021-03-14 v2.0h non-zero parskip adjustments
(c:/texlive/2022/texmf-dist/tex/latex/kvoptions/kvoptions.sty
Package: kvoptions 2022-06-15 v3.15 Key value format for package options (HO)
(c:/texlive/2022/texmf-dist/tex/generic/ltxcmds/ltxcmds.sty
Package: ltxcmds 2020-05-10 v1.25 LaTeX kernel commands for general use (HO)
) (c:/texlive/2022/texmf-dist/tex/generic/kvsetkeys/kvsetkeys.sty
Package: kvsetkeys 2019/12/15 v1.18 Key value parser (HO)
))) (c:/texlive/2022/texmf-dist/tex/latex/xcolor/xcolor.sty
Package: xcolor 2022/06/12 v2.14 LaTeX color extensions (UK)
(c:/texlive/2022/texmf-dist/tex/latex/graphics-cfg/color.cfg
File: color.cfg 2016/01/02 v1.6 sample color configuration
)
Package xcolor Info: Driver file: pdftex.def on input line 227.
(c:/texlive/2022/texmf-dist/tex/latex/graphics-def/pdftex.def
File: pdftex.def 2020/10/05 v1.2a Graphics/color driver for pdftex
) (c:/texlive/2022/texmf-dist/tex/latex/graphics/mathcolor.ltx)
Package xcolor Info: Model `cmy' substituted by `cmy0' on input line 1353.
Package xcolor Info: Model `hsb' substituted by `rgb' on input line 1357.
Package xcolor Info: Model `RGB' extended on input line 1369.
Package xcolor Info: Model `HTML' substituted by `rgb' on input line 1371.
Package xcolor Info: Model `Hsb' substituted by `hsb' on input line 1372.
Package xcolor Info: Model `tHsb' substituted by `hsb' on input line 1373.
Package xcolor Info: Model `HSB' substituted by `hsb' on input line 1374.
Package xcolor Info: Model `Gray' substituted by `gray' on input line 1375.
Package xcolor Info: Model `wave' substituted by `hsb' on input line 1376.
) (c:/texlive/2022/texmf-dist/tex/latex/fancyvrb/fancyvrb.sty
Package: fancyvrb 2022/06/06 4.5 verbatim text (tvz,hv)
\FV@CodeLineNo=\count275
\FV@InFile=\read2
\FV@TabBox=\box54
\c@FancyVerbLine=\count276
\FV@StepNumber=\count277
\FV@OutFile=\write3
) (c:/texlive/2022/texmf-dist/tex/latex/framed/framed.sty
Package: framed 2011/10/22 v 0.96: framed or shaded text with page breaks
\OuterFrameSep=\skip53
\fb@frw=\dimen149
\fb@frh=\dimen150
\FrameRule=\dimen151
\FrameSep=\dimen152
) (c:/texlive/2022/texmf-dist/tex/latex/tools/longtable.sty
Package: longtable 2021-09-01 v4.17 Multi-page Table package (DPC)
\LTleft=\skip54
\LTright=\skip55
\LTpre=\skip56
\LTpost=\skip57
\LTchunksize=\count278
\LTcapwidth=\dimen153
\LT@head=\box55
\LT@firsthead=\box56
\LT@foot=\box57
\LT@lastfoot=\box58
\LT@gbox=\box59
\LT@cols=\count279
\LT@rows=\count280
\c@LT@tables=\count281
\c@LT@chunks=\count282
\LT@p@ftn=\toks25
) (c:/texlive/2022/texmf-dist/tex/latex/booktabs/booktabs.sty
Package: booktabs 2020/01/12 v1.61803398 Publication quality tables
\heavyrulewidth=\dimen154
\lightrulewidth=\dimen155
\cmidrulewidth=\dimen156
\belowrulesep=\dimen157
\belowbottomsep=\dimen158
\aboverulesep=\dimen159
\abovetopsep=\dimen160
\cmidrulesep=\dimen161
\cmidrulekern=\dimen162
\defaultaddspace=\dimen163
\@cmidla=\count283
\@cmidlb=\count284
\@aboverulesep=\dimen164
\@belowrulesep=\dimen165
\@thisruleclass=\count285
\@lastruleclass=\count286
\@thisrulewidth=\dimen166
) (c:/texlive/2022/texmf-dist/tex/latex/tools/array.sty
Package: array 2022/03/10 v2.5f Tabular extension package (FMi)
\col@sep=\dimen167
\ar@mcellbox=\box60
\extrarowheight=\dimen168
\NC@list=\toks26
\extratabsurround=\skip58
\backup@length=\skip59
\ar@cellbox=\box61
) (c:/texlive/2022/texmf-dist/tex/latex/tools/calc.sty
Package: calc 2017/05/25 v4.3 Infix arithmetic (KKT,FJ)
\calc@Acount=\count287
\calc@Bcount=\count288
\calc@Adimen=\dimen169
\calc@Bdimen=\dimen170
\calc@Askip=\skip60
\calc@Bskip=\skip61
LaTeX Info: Redefining \setlength on input line 80.
LaTeX Info: Redefining \addtolength on input line 81.
\calc@Ccount=\count289
\calc@Cskip=\skip62
) (c:/texlive/2022/texmf-dist/tex/latex/footnotehyper/footnotehyper.sty
Package: footnotehyper 2021/08/13 v1.1e hyperref aware footnote.sty (JFB)
\FNH@notes=\box62
\FNH@width=\dimen171
\FNH@toks=\toks27
) (c:/texlive/2022/texmf-dist/tex/latex/graphics/graphicx.sty
Package: graphicx 2021/09/16 v1.2d Enhanced LaTeX Graphics (DPC,SPQR)
(c:/texlive/2022/texmf-dist/tex/latex/graphics/graphics.sty
Package: graphics 2022/03/10 v1.4e Standard LaTeX Graphics (DPC,SPQR)
(c:/texlive/2022/texmf-dist/tex/latex/graphics/trig.sty
Package: trig 2021/08/11 v1.11 sin cos tan (DPC)
) (c:/texlive/2022/texmf-dist/tex/latex/graphics-cfg/graphics.cfg
File: graphics.cfg 2016/06/04 v1.11 sample graphics configuration
)
Package graphics Info: Driver file: pdftex.def on input line 107.
)
\Gin@req@height=\dimen172
\Gin@req@width=\dimen173
)
\cslhangindent=\skip63
\csllabelwidth=\skip64
\cslentryspacingunit=\skip65
(c:/texlive/2022/texmf-dist/tex/latex/amscls/amsthm.sty
Package: amsthm 2020/05/29 v2.20.6
\thm@style=\toks28
\thm@bodyfont=\toks29
\thm@headfont=\toks30
\thm@notefont=\toks31
\thm@headpunct=\toks32
\thm@preskip=\skip66
\thm@postskip=\skip67
\thm@headsep=\skip68
\dth@everypar=\toks33
) (c:/texlive/2022/texmf-dist/tex/latex/tools/afterpage.sty
Package: afterpage 2014/10/28 v1.08 After-Page Package (DPC)
\AP@output=\toks34
\AP@partial=\box63
\AP@footins=\box64
) (c:/texlive/2022/texmf-dist/tex/latex/sectsty/sectsty.sty
Package: sectsty 2002/02/25 v2.0.2 Commands to change all sectional heading sty
les

LaTeX Warning: Command \underbar  has changed.
               Check if current package is valid.


LaTeX Warning: Command \underline  has changed.
               Check if current package is valid.

) (c:/texlive/2022/texmf-dist/tex/latex/fancyhdr/fancyhdr.sty
Package: fancyhdr 2022/05/18 v4.0.3 Extensive control of page headers and foote
rs
\f@nch@headwidth=\skip69
\f@nch@O@elh=\skip70
\f@nch@O@erh=\skip71
\f@nch@O@olh=\skip72
\f@nch@O@orh=\skip73
\f@nch@O@elf=\skip74
\f@nch@O@erf=\skip75
\f@nch@O@olf=\skip76
\f@nch@O@orf=\skip77
) (c:/texlive/2022/texmf-dist/tex/latex/pdfpages/pdfpages.sty
Package: pdfpages 2022/05/22 v0.5v Insert pages of external PDF documents (AM)
(c:/texlive/2022/texmf-dist/tex/latex/base/ifthen.sty
Package: ifthen 2022/04/13 v1.1d Standard LaTeX ifthen package (DPC)
) (c:/texlive/2022/texmf-dist/tex/latex/eso-pic/eso-pic.sty
Package: eso-pic 2020/10/14 v3.0a eso-pic (RN)
\ESO@tempdima=\dimen174
\ESO@tempdimb=\dimen175
)
\AM@pagewidth=\dimen176
\AM@pageheight=\dimen177
\AM@fboxrule=\dimen178
(c:/texlive/2022/texmf-dist/tex/latex/pdfpages/pppdftex.def
File: pppdftex.def 2022/05/22 v0.5v Pdfpages driver for pdfTeX (AM)
)
\pdfpages@includegraphics@status=\count290
\AM@pagebox=\box65
\AM@global@opts=\toks35
\AM@pagecnt=\count291
\AM@toc@title=\toks36
\c@AM@survey=\count292
\AM@templatesizebox=\box66
)

Package fancyhdr Warning: \fancyhead's `E' option without twoside option is use
less on input line 176.


Package fancyhdr Warning: \fancyhead's `E' option without twoside option is use
less on input line 178.

(c:/texlive/2022/texmf-dist/tex/latex/tools/multicol.sty
Package: multicol 2021/11/30 v1.9d multicolumn formatting (FMi)
\c@tracingmulticols=\count293
\mult@box=\box67
\multicol@leftmargin=\dimen179
\c@unbalance=\count294
\c@collectmore=\count295
\doublecol@number=\count296
\multicoltolerance=\count297
\multicolpretolerance=\count298
\full@width=\dimen180
\page@free=\dimen181
\premulticols=\dimen182
\postmulticols=\dimen183
\multicolsep=\skip78
\multicolbaselineskip=\skip79
\partial@page=\box68
\last@line=\box69
\maxbalancingoverflow=\dimen184
\mult@rightbox=\box70
\mult@grightbox=\box71
\mult@firstbox=\box72
\mult@gfirstbox=\box73
\@tempa=\box74
\@tempa=\box75
\@tempa=\box76
\@tempa=\box77
\@tempa=\box78
\@tempa=\box79
\@tempa=\box80
\@tempa=\box81
\@tempa=\box82
\@tempa=\box83
\@tempa=\box84
\@tempa=\box85
\@tempa=\box86
\@tempa=\box87
\@tempa=\box88
\@tempa=\box89
\@tempa=\box90
\@tempa=\box91
\@tempa=\box92
\@tempa=\box93
\@tempa=\box94
\@tempa=\box95
\@tempa=\box96
\@tempa=\box97
\@tempa=\box98
\@tempa=\box99
\@tempa=\box100
\@tempa=\box101
\@tempa=\box102
\@tempa=\box103
\@tempa=\box104
\@tempa=\box105
\@tempa=\box106
\@tempa=\box107
\@tempa=\box108
\@tempa=\box109
\c@minrows=\count299
\c@columnbadness=\count300
\c@finalcolumnbadness=\count301
\last@try=\dimen185
\multicolovershoot=\dimen186
\multicolundershoot=\dimen187
\mult@nat@firstbox=\box110
\colbreak@box=\box111
\mc@col@check@num=\count302
) (c:/texlive/2022/texmf-dist/tex/latex/hyperref/hyperref.sty
Package: hyperref 2022-06-20 v7.00s Hypertext links for LaTeX
(c:/texlive/2022/texmf-dist/tex/generic/pdftexcmds/pdftexcmds.sty
Package: pdftexcmds 2020-06-27 v0.33 Utility functions of pdfTeX for LuaTeX (HO
)
(c:/texlive/2022/texmf-dist/tex/generic/infwarerr/infwarerr.sty
Package: infwarerr 2019/12/03 v1.5 Providing info/warning/error messages (HO)
)
Package pdftexcmds Info: \pdf@primitive is available.
Package pdftexcmds Info: \pdf@ifprimitive is available.
Package pdftexcmds Info: \pdfdraftmode found.
) (c:/texlive/2022/texmf-dist/tex/generic/kvdefinekeys/kvdefinekeys.sty
Package: kvdefinekeys 2019-12-19 v1.6 Define keys (HO)
) (c:/texlive/2022/texmf-dist/tex/generic/pdfescape/pdfescape.sty
Package: pdfescape 2019/12/09 v1.15 Implements pdfTeX's escape features (HO)
) (c:/texlive/2022/texmf-dist/tex/latex/hycolor/hycolor.sty
Package: hycolor 2020-01-27 v1.10 Color options for hyperref/bookmark (HO)
) (c:/texlive/2022/texmf-dist/tex/latex/letltxmacro/letltxmacro.sty
Package: letltxmacro 2019/12/03 v1.6 Let assignment for LaTeX macros (HO)
) (c:/texlive/2022/texmf-dist/tex/latex/auxhook/auxhook.sty
Package: auxhook 2019-12-17 v1.6 Hooks for auxiliary files (HO)
) (c:/texlive/2022/texmf-dist/tex/latex/hyperref/nameref.sty
Package: nameref 2022-05-17 v2.50 Cross-referencing by name of section
(c:/texlive/2022/texmf-dist/tex/latex/refcount/refcount.sty
Package: refcount 2019/12/15 v3.6 Data extraction from label references (HO)
) (c:/texlive/2022/texmf-dist/tex/generic/gettitlestring/gettitlestring.sty
Package: gettitlestring 2019/12/15 v1.6 Cleanup title references (HO)
)
\c@section@level=\count303
)
\@linkdim=\dimen188
\Hy@linkcounter=\count304
\Hy@pagecounter=\count305
(c:/texlive/2022/texmf-dist/tex/latex/hyperref/pd1enc.def
File: pd1enc.def 2022-06-20 v7.00s Hyperref: PDFDocEncoding definition (HO)
Now handling font encoding PD1 ...
... no UTF-8 mapping file for font encoding PD1
) (c:/texlive/2022/texmf-dist/tex/generic/intcalc/intcalc.sty
Package: intcalc 2019/12/15 v1.3 Expandable calculations with integers (HO)
) (c:/texlive/2022/texmf-dist/tex/generic/etexcmds/etexcmds.sty
Package: etexcmds 2019/12/15 v1.7 Avoid name clashes with e-TeX commands (HO)
)
\Hy@SavedSpaceFactor=\count306
(c:/texlive/2022/texmf-dist/tex/latex/hyperref/puenc.def
File: puenc.def 2022-06-20 v7.00s Hyperref: PDF Unicode definition (HO)
Now handling font encoding PU ...
... no UTF-8 mapping file for font encoding PU
)
Package hyperref Info: Option `unicode' set `true' on input line 4045.
Package hyperref Info: Hyper figures OFF on input line 4162.
Package hyperref Info: Link nesting OFF on input line 4167.
Package hyperref Info: Hyper index ON on input line 4170.
Package hyperref Info: Plain pages OFF on input line 4177.
Package hyperref Info: Backreferencing OFF on input line 4182.
Package hyperref Info: Implicit mode ON; LaTeX internals redefined.
Package hyperref Info: Bookmarks ON on input line 4408.
\c@Hy@tempcnt=\count307
(c:/texlive/2022/texmf-dist/tex/latex/url/url.sty
\Urlmuskip=\muskip17
Package: url 2013/09/16  ver 3.4  Verb mode for urls, etc.
)
LaTeX Info: Redefining \url on input line 4746.
\XeTeXLinkMargin=\dimen189
(c:/texlive/2022/texmf-dist/tex/generic/bitset/bitset.sty
Package: bitset 2019/12/09 v1.3 Handle bit-vector datatype (HO)
(c:/texlive/2022/texmf-dist/tex/generic/bigintcalc/bigintcalc.sty
Package: bigintcalc 2019/12/15 v1.5 Expandable calculations on big integers (HO
)
))
\Fld@menulength=\count308
\Field@Width=\dimen190
\Fld@charsize=\dimen191
Package hyperref Info: Hyper figures OFF on input line 6024.
Package hyperref Info: Link nesting OFF on input line 6029.
Package hyperref Info: Hyper index ON on input line 6032.
Package hyperref Info: backreferencing OFF on input line 6039.
Package hyperref Info: Link coloring OFF on input line 6044.
Package hyperref Info: Link coloring with OCG OFF on input line 6049.
Package hyperref Info: PDF/A mode OFF on input line 6054.
(c:/texlive/2022/texmf-dist/tex/latex/base/atbegshi-ltx.sty
Package: atbegshi-ltx 2021/01/10 v1.0c Emulation of the original atbegshi
package with kernel methods
)
\Hy@abspage=\count309
\c@Item=\count310
\c@Hfootnote=\count311
)
Package hyperref Info: Driver (autodetected): hpdftex.
(c:/texlive/2022/texmf-dist/tex/latex/hyperref/hpdftex.def
File: hpdftex.def 2022-06-20 v7.00s Hyperref driver for pdfTeX
(c:/texlive/2022/texmf-dist/tex/latex/base/atveryend-ltx.sty
Package: atveryend-ltx 2020/08/19 v1.0a Emulation of the original atveryend pac
kage
with kernel methods
)
\Fld@listcount=\count312
\c@bookmark@seq@number=\count313
(c:/texlive/2022/texmf-dist/tex/latex/rerunfilecheck/rerunfilecheck.sty
Package: rerunfilecheck 2022-07-10 v1.10 Rerun checks for auxiliary files (HO)
(c:/texlive/2022/texmf-dist/tex/generic/uniquecounter/uniquecounter.sty
Package: uniquecounter 2019/12/15 v1.4 Provide unlimited unique counter (HO)
)
Package uniquecounter Info: New unique counter `rerunfilecheck' on input line 2
85.
)
\Hy@SectionHShift=\skip80
) (c:/texlive/2022/texmf-dist/tex/latex/multirow/multirow.sty
Package: multirow 2021/03/15 v2.8 Span multiple rows of a table
\multirow@colwidth=\skip81
\multirow@cntb=\count314
\multirow@dima=\skip82
\bigstrutjot=\dimen192
) (c:/texlive/2022/texmf-dist/tex/latex/wrapfig/wrapfig.sty
\wrapoverhang=\dimen193
\WF@size=\dimen194
\c@WF@wrappedlines=\count315
\WF@box=\box112
\WF@everypar=\toks37
Package: wrapfig 2003/01/31  v 3.6
) (c:/texlive/2022/texmf-dist/tex/latex/float/float.sty
Package: float 2001/11/08 v1.3d Float enhancements (AL)
\c@float@type=\count316
\float@exts=\toks38
\float@box=\box113
\@float@everytoks=\toks39
\@floatcapt=\box114
) (c:/texlive/2022/texmf-dist/tex/latex/colortbl/colortbl.sty
Package: colortbl 2022/06/20 v1.0f Color table columns (DPC)
\everycr=\toks40
\minrowclearance=\skip83
\rownum=\count317
) (c:/texlive/2022/texmf-dist/tex/latex/pdflscape/pdflscape.sty
Package: pdflscape 2019/12/05 v0.12 Display of landscape pages in PDF (HO)
(c:/texlive/2022/texmf-dist/tex/latex/graphics/lscape.sty
Package: lscape 2020/05/28 v3.02 Landscape Pages (DPC)
)
Package pdflscape Info: Auto-detected driver: pdftex on input line 81.
) (c:/texlive/2022/texmf-dist/tex/latex/tabu/tabu.sty
Package: tabu 2019/01/11 v2.9 - flexible LaTeX tabulars (FC+tabu-fixed)
(c:/texlive/2022/texmf-dist/tex/latex/varwidth/varwidth.sty
Package: varwidth 2009/03/30 ver 0.92;  Variable-width minipages
\@vwid@box=\box115
\sift@deathcycles=\count318
\@vwid@loff=\dimen195
\@vwid@roff=\dimen196
)
\c@taburow=\count319
\tabu@nbcols=\count320
\tabu@cnt=\count321
\tabu@Xcol=\count322
\tabu@alloc=\count323
\tabu@nested=\count324
\tabu@target=\dimen197
\tabu@spreadtarget=\dimen198
\tabu@naturalX=\dimen199
\tabucolX=\dimen256
\tabu@Xsum=\dimen257
\extrarowdepth=\dimen258
\abovetabulinesep=\dimen259
\belowtabulinesep=\dimen260
\tabustrutrule=\dimen261
\tabu@thebody=\toks41
\tabu@footnotes=\toks42
\tabu@box=\box116
\tabu@arstrutbox=\box117
\tabu@hleads=\box118
\tabu@vleads=\box119
\tabu@cellskip=\skip84
) (c:/texlive/2022/texmf-dist/tex/latex/threeparttable/threeparttable.sty
Package: threeparttable 2003/06/13  v 3.0
\@tempboxb=\box120
) (c:/texlive/2022/texmf-dist/tex/latex/adjustbox/adjustbox.sty
Package: adjustbox 2020/08/19 v1.3 Adjusting TeX boxes (trim, clip, ...)
(c:/texlive/2022/texmf-dist/tex/latex/xkeyval/xkeyval.sty
Package: xkeyval 2022/06/16 v2.9 package option processing (HA)
(c:/texlive/2022/texmf-dist/tex/generic/xkeyval/xkeyval.tex (c:/texlive/2022/te
xmf-dist/tex/generic/xkeyval/xkvutils.tex
\XKV@toks=\toks43
\XKV@tempa@toks=\toks44
)
\XKV@depth=\count325
File: xkeyval.tex 2014/12/03 v2.7a key=value parser (HA)
)) (c:/texlive/2022/texmf-dist/tex/latex/adjustbox/adjcalc.sty
Package: adjcalc 2012/05/16 v1.1 Provides advanced setlength with multiple back
-ends (calc, etex, pgfmath)
) (c:/texlive/2022/texmf-dist/tex/latex/adjustbox/trimclip.sty
Package: trimclip 2020/08/19 v1.2 Trim and clip general TeX material
(c:/texlive/2022/texmf-dist/tex/latex/collectbox/collectbox.sty
Package: collectbox 2012/05/17 v0.4b Collect macro arguments as boxes
\collectedbox=\box121
)
\tc@llx=\dimen262
\tc@lly=\dimen263
\tc@urx=\dimen264
\tc@ury=\dimen265
Package trimclip Info: Using driver 'tc-pdftex.def'.
(c:/texlive/2022/texmf-dist/tex/latex/adjustbox/tc-pdftex.def
File: tc-pdftex.def 2019/01/04 v2.2 Clipping driver for pdftex
))
\adjbox@Width=\dimen266
\adjbox@Height=\dimen267
\adjbox@Depth=\dimen268
\adjbox@Totalheight=\dimen269
\adjbox@pwidth=\dimen270
\adjbox@pheight=\dimen271
\adjbox@pdepth=\dimen272
\adjbox@ptotalheight=\dimen273
(c:/texlive/2022/texmf-dist/tex/latex/ifoddpage/ifoddpage.sty
Package: ifoddpage 2016/04/23 v1.1 Conditionals for odd/even page detection
\c@checkoddpage=\count326
)) (c:/texlive/2022/texmf-dist/tex/latex/graphics/rotating.sty
Package: rotating 2016/08/11 v2.16d rotated objects in LaTeX
\c@r@tfl@t=\count327
\rotFPtop=\skip85
\rotFPbot=\skip86
\rot@float@box=\box122
\rot@mess@toks=\toks45
) (c:/texlive/2022/texmf-dist/tex/latex/tablefootnote/tablefootnote.sty
Package: tablefootnote 2014/01/26 v1.1c Table foot notes (HMM)
(c:/texlive/2022/texmf-dist/tex/latex/xifthen/xifthen.sty
Package: xifthen 2015/11/05 v1.4.0 Extended ifthen features
(c:/texlive/2022/texmf-dist/tex/latex/ifmtarg/ifmtarg.sty
Package: ifmtarg 2018/04/16 v1.2b check for an empty argument
))) (c:/texlive/2022/texmf-dist/tex/generic/ulem/ulem.sty
\UL@box=\box123
\UL@hyphenbox=\box124
\UL@skip=\skip87
\UL@hook=\toks46
\UL@height=\dimen274
\UL@pe=\count328
\UL@pixel=\dimen275
\ULC@box=\box125
Package: ulem 2019/11/18
\ULdepth=\dimen276
) (c:/texlive/2022/texmf-dist/tex/latex/emptypage/emptypage.sty
Package: emptypage 2010/05/30 v1.2 Suppress page numbers and headings on empty 
pages
) (c:/texlive/2022/texmf-dist/tex/latex/cite/chapterbib.sty
\c@inputfile=\count329
Package: chapterbib 2010/09/18  v 1.17
) (c:/texlive/2022/texmf-dist/tex/latex/nomencl/nomencl.sty
Package: nomencl 2021/11/10 v5.6 Nomenclature package
(c:/texlive/2022/texmf-dist/tex/latex/koma-script/tocbasic.sty
Package: tocbasic 2022/07/04 v3.37 KOMA-Script package (handling toc-files)
(c:/texlive/2022/texmf-dist/tex/latex/koma-script/scrbase.sty
Package: scrbase 2022/07/04 v3.37 KOMA-Script package (KOMA-Script-independent 
basics and keyval usage)
(c:/texlive/2022/texmf-dist/tex/latex/koma-script/scrlfile.sty
Package: scrlfile 2022/07/04 v3.37 KOMA-Script package (file load hooks)
(c:/texlive/2022/texmf-dist/tex/latex/koma-script/scrlfile-hook.sty
Package: scrlfile-hook 2022/07/04 v3.37 KOMA-Script package (using LaTeX hooks)

(c:/texlive/2022/texmf-dist/tex/latex/koma-script/scrlogo.sty
Package: scrlogo 2022/07/04 v3.37 KOMA-Script package (logo)
)))
Applying: [2021/05/01] Usage of raw or classic option list on input line 252.
Already applied: [0000/00/00] Usage of raw or classic option list on input line
 368.
)
\scr@dte@tocline@numberwidth=\skip88
\scr@dte@tocline@numbox=\box126
)
Package tocbasic Info: babel extension for `nlo' omitted
(tocbasic)             because of missing \bbl@set@language on input line 187.
Package tocbasic Info: babel extension for `nls' omitted
(tocbasic)             because of missing \bbl@set@language on input line 188.
\nomlabelwidth=\dimen277
\nom@tempdim=\dimen278
\nomitemsep=\skip89
)
\@nomenclaturefile=\write4
\openout4 = `DSM_CG.nlo'.

Package nomencl Info: Writing nomenclature file DSM_CG.nlo on input line 209.
(c:/texlive/2022/texmf-dist/tex/latex/imakeidx/imakeidx.sty
Package: imakeidx 2016/10/15 v1.3e Package for typesetting indices in a synchro
nous mode
(c:/texlive/2022/texmf-dist/tex/generic/iftex/ifxetex.sty
Package: ifxetex 2019/10/25 v0.7 ifxetex legacy package. Use iftex instead.
) (c:/texlive/2022/texmf-dist/tex/generic/iftex/ifluatex.sty
Package: ifluatex 2019/10/25 v1.5 ifluatex legacy package. Use iftex instead.
))
\DSM_CG@idxfile=\write5
\openout5 = `DSM_CG.idx'.

Writing index file DSM_CG.idx
(c:/texlive/2022/texmf-dist/tex/latex/tools/xspace.sty
Package: xspace 2014/10/28 v1.13 Space after command names (DPC,MH)
)
Package hyperref Info: Option `colorlinks' set `true' on input line 229.
(c:/texlive/2022/texmf-dist/tex/latex/titling/titling.sty
Package: titling 2009/09/04 v2.1d maketitle typesetting
\thanksmarkwidth=\skip90
\thanksmargin=\skip91
\droptitle=\skip92
) (c:/texlive/2022/texmf-dist/tex/latex/natbib/natbib.sty
Package: natbib 2010/09/13 8.31b (PWD, AO)
\bibhang=\skip93
\bibsep=\skip94
LaTeX Info: Redefining \cite on input line 694.
\c@NAT@ctr=\count330
) (c:/texlive/2022/texmf-dist/tex/latex/subfig/subfig.sty
Package: subfig 2005/06/28 ver: 1.3 subfig package
(c:/texlive/2022/texmf-dist/tex/latex/caption/caption.sty
Package: caption 2022/03/01 v3.6b Customizing captions (AR)
(c:/texlive/2022/texmf-dist/tex/latex/caption/caption3.sty
Package: caption3 2022/03/17 v2.3b caption3 kernel (AR)
\caption@tempdima=\dimen279
\captionmargin=\dimen280
\caption@leftmargin=\dimen281
\caption@rightmargin=\dimen282
\caption@width=\dimen283
\caption@indent=\dimen284
\caption@parindent=\dimen285
\caption@hangindent=\dimen286
Package caption Info: Standard document class detected.
)
\c@caption@flags=\count331
\c@continuedfloat=\count332
Package caption Info: float package is loaded.
Package caption Info: hyperref package is loaded.
Package caption Info: longtable package is loaded.
(c:/texlive/2022/texmf-dist/tex/latex/caption/ltcaption.sty
Package: ltcaption 2021/01/08 v1.4c longtable captions (AR)
)
Package caption Info: rotating package is loaded.
Package caption Info: threeparttable package is loaded.
Package caption Info: wrapfig package is loaded.
)
\c@KVtest=\count333
\sf@farskip=\skip95
\sf@captopadj=\dimen287
\sf@capskip=\skip96
\sf@nearskip=\skip97
\c@subfigure=\count334
\c@subfigure@save=\count335
\c@lofdepth=\count336
\c@subtable=\count337
\c@subtable@save=\count338
\c@lotdepth=\count339
\sf@top=\skip98
\sf@bottom=\skip99
) (c:/texlive/2022/texmf-dist/tex/latex/bookmark/bookmark.sty
Package: bookmark 2020-11-06 v1.29 PDF bookmarks (HO)
(c:/texlive/2022/texmf-dist/tex/latex/bookmark/bkm-pdftex.def
File: bkm-pdftex.def 2020-11-06 v1.29 bookmark driver for pdfTeX (HO)
\BKM@id=\count340
)) (c:/texlive/2022/texmf-dist/tex/latex/threeparttablex/threeparttablex.sty
Package: threeparttablex 2013/07/23 v0.3 by daleif
(c:/texlive/2022/texmf-dist/tex/latex/environ/environ.sty
Package: environ 2014/05/04 v0.3 A new way to define environments
(c:/texlive/2022/texmf-dist/tex/latex/trimspaces/trimspaces.sty
Package: trimspaces 2009/09/17 v1.1 Trim spaces around a token list
))
\TPTL@width=\skip100
) (c:/texlive/2022/texmf-dist/tex/latex/makecell/makecell.sty
Package: makecell 2009/08/03 V0.1e Managing of Tab Column Heads and Cells
\rotheadsize=\dimen288
\c@nlinenum=\count341
\TeXr@lab=\toks47
)
   defining Unicode char U+2212 (decimal 8722)
(c:/texlive/2022/texmf-dist/tex/latex/xurl/xurl.sty
Package: xurl 2022/01/09 v 0.10 modify URL breaks
) (c:/texlive/2022/texmf-dist/tex/latex/l3backend/l3backend-pdftex.def
File: l3backend-pdftex.def 2022-08-05 L3 backend support: PDF output (pdfTeX)
\l__color_backend_stack_int=\count342
\l__pdf_internal_box=\box127
) (./DSM_CG.aux)
\openout1 = `DSM_CG.aux'.

LaTeX Font Info:    Checking defaults for OML/cmm/m/it on input line 271.
LaTeX Font Info:    ... okay on input line 271.
LaTeX Font Info:    Checking defaults for OMS/cmsy/m/n on input line 271.
LaTeX Font Info:    ... okay on input line 271.
LaTeX Font Info:    Checking defaults for OT1/cmr/m/n on input line 271.
LaTeX Font Info:    ... okay on input line 271.
LaTeX Font Info:    Checking defaults for T1/cmr/m/n on input line 271.
LaTeX Font Info:    ... okay on input line 271.
LaTeX Font Info:    Checking defaults for TS1/cmr/m/n on input line 271.
LaTeX Font Info:    ... okay on input line 271.
LaTeX Font Info:    Checking defaults for OMX/cmex/m/n on input line 271.
LaTeX Font Info:    ... okay on input line 271.
LaTeX Font Info:    Checking defaults for U/cmr/m/n on input line 271.
LaTeX Font Info:    ... okay on input line 271.
LaTeX Font Info:    Checking defaults for PD1/pdf/m/n on input line 271.
LaTeX Font Info:    ... okay on input line 271.
LaTeX Font Info:    Checking defaults for PU/pdf/m/n on input line 271.
LaTeX Font Info:    ... okay on input line 271.
LaTeX Info: Redefining \microtypecontext on input line 271.
Package microtype Info: Applying patch `item' on input line 271.
Package microtype Info: Applying patch `toc' on input line 271.
Package microtype Info: Applying patch `eqnum' on input line 271.
Package microtype Info: Applying patch `footnote' on input line 271.
Package microtype Info: Generating PDF output.
Package microtype Info: Character protrusion enabled (level 2).
Package microtype Info: Using protrusion set `basicmath'.
Package microtype Info: Automatic font expansion enabled (level 2),
(microtype)             stretch: 20, shrink: 20, step: 1, non-selected.
Package microtype Info: Using default expansion set `alltext-nott'.
LaTeX Info: Redefining \showhyphens on input line 271.
Package microtype Info: No adjustment of tracking.
Package microtype Info: No adjustment of interword spacing.
Package microtype Info: No adjustment of character kerning.
(c:/texlive/2022/texmf-dist/tex/latex/microtype/mt-cmr.cfg
File: mt-cmr.cfg 2013/05/19 v2.2 microtype config. file: Computer Modern Roman 
(RS)
) (c:/texlive/2022/texmf-dist/tex/context/base/mkii/supp-pdf.mkii
[Loading MPS to PDF converter (version 2006.09.02).]
\scratchcounter=\count343
\scratchdimen=\dimen289
\scratchbox=\box128
\nofMPsegments=\count344
\nofMParguments=\count345
\everyMPshowfont=\toks48
\MPscratchCnt=\count346
\MPscratchDim=\dimen290
\MPnumerator=\count347
\makeMPintoPDFobject=\count348
\everyMPtoPDFconversion=\toks49
) (c:/texlive/2022/texmf-dist/tex/latex/epstopdf-pkg/epstopdf-base.sty
Package: epstopdf-base 2020-01-24 v2.11 Base part for package epstopdf
Package epstopdf-base Info: Redefining graphics rule for `.eps' on input line 4
85.
(c:/texlive/2022/texmf-dist/tex/latex/latexconfig/epstopdf-sys.cfg
File: epstopdf-sys.cfg 2010/07/13 v1.3 Configuration of (r)epstopdf for TeX Liv
e
))
Package hyperref Info: Link coloring OFF on input line 271.
Package chapterbib Info: The sectionbib option changes "\chapter *" to "\sectio
n *" in \thebibliography on input line 271.
Package caption Info: Begin \AtBeginDocument code.
Package caption Info: subfig package v1.3 is loaded.
Package caption Info: End \AtBeginDocument code.
<images/cover_1.6.pdf, id=4, 500.76888pt x 711.3185pt>
File: images/cover_1.6.pdf Graphic file (type pdf)
<use images/cover_1.6.pdf>
Package pdftex.def Info: images/cover_1.6.pdf  used on input line 275.
(pdftex.def)             Requested size: 328.06331pt x 465.99843pt.
File: images/cover_1.6.pdf Graphic file (type pdf)
<use images/cover_1.6.pdf>
Package pdftex.def Info: images/cover_1.6.pdf  used on input line 275.
(pdftex.def)             Requested size: 328.06331pt x 465.99843pt.
<images/cover_1.6.pdf, id=7, page=1, 500.76888pt x 711.3185pt>
File: images/cover_1.6.pdf Graphic file (type pdf)
<use images/cover_1.6.pdf, page 1>
Package pdftex.def Info: images/cover_1.6.pdf , page1 used on input line 275.
(pdftex.def)             Requested size: 500.76764pt x 711.31676pt.
File: images/cover_1.6.pdf Graphic file (type pdf)
<use images/cover_1.6.pdf, page 1>
Package pdftex.def Info: images/cover_1.6.pdf , page1 used on input line 275.
(pdftex.def)             Requested size: 500.98923pt x 711.63152pt.
File: images/cover_1.6.pdf Graphic file (type pdf)
<use images/cover_1.6.pdf, page 1>
Package pdftex.def Info: images/cover_1.6.pdf , page1 used on input line 275.
(pdftex.def)             Requested size: 500.98923pt x 711.63152pt.
File: images/cover_1.6.pdf Graphic file (type pdf)
<use images/cover_1.6.pdf, page 1>
Package pdftex.def Info: images/cover_1.6.pdf , page1 used on input line 275.
(pdftex.def)             Requested size: 500.98923pt x 711.63152pt.
File: images/cover_1.6.pdf Graphic file (type pdf)
<use images/cover_1.6.pdf, page 1>
Package pdftex.def Info: images/cover_1.6.pdf , page1 used on input line 275.
(pdftex.def)             Requested size: 500.98923pt x 711.63152pt.
[1

 <./images/cover_1.6.pdf>]
pdfTeX warning (ext4): destination with the same identifier (name{page.1}) has 
been already used, duplicate ignored
<to be read again> 
                   \relax 
l.278 \begin{titlepage}
                        [1

]
pdfTeX warning (ext4): destination with the same identifier (name{page.1}) has 
been already used, duplicate ignored
<to be read again> 
                   \relax 
l.293 \end{titlepage}
                      [1{c:/texlive/2022/texmf-var/fonts/map/pdftex/updmap/pdft
ex.map}]
<images/CB9015EN_Copyright Disclaimer_v2.pdf, id=250, 597.31157pt x 845.19763pt
>
File: images/CB9015EN_Copyright Disclaimer_v2.pdf Graphic file (type pdf)
<use images/CB9015EN_Copyright Disclaimer_v2.pdf>
Package pdftex.def Info: images/CB9015EN_Copyright Disclaimer_v2.pdf  used on i
nput line 294.
(pdftex.def)             Requested size: 329.32443pt x 465.99504pt.
File: images/CB9015EN_Copyright Disclaimer_v2.pdf Graphic file (type pdf)
<use images/CB9015EN_Copyright Disclaimer_v2.pdf>
Package pdftex.def Info: images/CB9015EN_Copyright Disclaimer_v2.pdf  used on i
nput line 294.
(pdftex.def)             Requested size: 329.32443pt x 465.99504pt.
<images/CB9015EN_Copyright Disclaimer_v2.pdf, id=253, page=1, 597.31157pt x 845
.19763pt>
File: images/CB9015EN_Copyright Disclaimer_v2.pdf Graphic file (type pdf)
<use images/CB9015EN_Copyright Disclaimer_v2.pdf, page 1>
Package pdftex.def Info: images/CB9015EN_Copyright Disclaimer_v2.pdf , page1 us
ed on input line 294.
(pdftex.def)             Requested size: 597.3101pt x 845.19557pt.
File: images/CB9015EN_Copyright Disclaimer_v2.pdf Graphic file (type pdf)
<use images/CB9015EN_Copyright Disclaimer_v2.pdf, page 1>
Package pdftex.def Info: images/CB9015EN_Copyright Disclaimer_v2.pdf , page1 us
ed on input line 294.
(pdftex.def)             Requested size: 501.02739pt x 708.95523pt.
File: images/CB9015EN_Copyright Disclaimer_v2.pdf Graphic file (type pdf)
<use images/CB9015EN_Copyright Disclaimer_v2.pdf, page 1>
Package pdftex.def Info: images/CB9015EN_Copyright Disclaimer_v2.pdf , page1 us
ed on input line 294.
(pdftex.def)             Requested size: 501.02739pt x 708.95523pt.
File: images/CB9015EN_Copyright Disclaimer_v2.pdf Graphic file (type pdf)
<use images/CB9015EN_Copyright Disclaimer_v2.pdf, page 1>
Package pdftex.def Info: images/CB9015EN_Copyright Disclaimer_v2.pdf , page1 us
ed on input line 294.
(pdftex.def)             Requested size: 501.02739pt x 708.95523pt.

pdfTeX warning (ext4): destination with the same identifier (name{page.1}) has 
been already used, duplicate ignored
<to be read again> 
                   \relax 
l.294 ...ges/CB9015EN_Copyright Disclaimer_v2.pdf}
                                                  
File: images/CB9015EN_Copyright Disclaimer_v2.pdf Graphic file (type pdf)
<use images/CB9015EN_Copyright Disclaimer_v2.pdf, page 1>
Package pdftex.def Info: images/CB9015EN_Copyright Disclaimer_v2.pdf , page1 us
ed on input line 294.
(pdftex.def)             Requested size: 501.02739pt x 708.95523pt.
[1 <./images/CB9015EN_Copyright Disclaimer_v2.pdf>]
LaTeX Font Info:    Trying to load font information for T1+lmss on input line 3
01.
(c:/texlive/2022/texmf-dist/tex/latex/lm/t1lmss.fd
File: t1lmss.fd 2015/05/01 v1.6.1 Font defs for Latin Modern
) (./DSM_CG.toc
LaTeX Font Info:    Trying to load font information for OT1+lmr on input line 7
.
(c:/texlive/2022/texmf-dist/tex/latex/lm/ot1lmr.fd
File: ot1lmr.fd 2015/05/01 v1.6.1 Font defs for Latin Modern
)
LaTeX Font Info:    Trying to load font information for OML+lmm on input line 7
.
(c:/texlive/2022/texmf-dist/tex/latex/lm/omllmm.fd
File: omllmm.fd 2015/05/01 v1.6.1 Font defs for Latin Modern
)
LaTeX Font Info:    Trying to load font information for OMS+lmsy on input line 
7.
(c:/texlive/2022/texmf-dist/tex/latex/lm/omslmsy.fd
File: omslmsy.fd 2015/05/01 v1.6.1 Font defs for Latin Modern
)
LaTeX Font Info:    Trying to load font information for OMX+lmex on input line 
7.
(c:/texlive/2022/texmf-dist/tex/latex/lm/omxlmex.fd
File: omxlmex.fd 2015/05/01 v1.6.1 Font defs for Latin Modern
)
LaTeX Font Info:    External font `lmex10' loaded for size
(Font)              <10> on input line 7.
LaTeX Font Info:    External font `lmex10' loaded for size
(Font)              <7> on input line 7.
LaTeX Font Info:    External font `lmex10' loaded for size
(Font)              <5> on input line 7.
LaTeX Font Info:    Trying to load font information for U+msa on input line 7.
(c:/texlive/2022/texmf-dist/tex/latex/amsfonts/umsa.fd
File: umsa.fd 2013/01/14 v3.01 AMS symbols A
) (c:/texlive/2022/texmf-dist/tex/latex/microtype/mt-msa.cfg
File: mt-msa.cfg 2006/02/04 v1.1 microtype config. file: AMS symbols (a) (RS)
)
LaTeX Font Info:    Trying to load font information for U+msb on input line 7.
(c:/texlive/2022/texmf-dist/tex/latex/amsfonts/umsb.fd
File: umsb.fd 2013/01/14 v3.01 AMS symbols B
) (c:/texlive/2022/texmf-dist/tex/latex/microtype/mt-msb.cfg
File: mt-msb.cfg 2005/06/01 v1.0 microtype config. file: AMS symbols (b) (RS)
) [1


])
\tf@toc=\write6
\openout6 = `DSM_CG.toc'.

[2] (./DSM_CG.lof)
\tf@lof=\write7
\openout7 = `DSM_CG.lof'.

[3

] (./DSM_CG.lot)
\tf@lot=\write8
\openout8 = `DSM_CG.lot'.

[4

] [5

] [6

] [7]
Underfull \hbox (badness 10000) in paragraph at lines 387--390

 []

[8

]
Chapter 1.

pdfTeX warning (ext4): destination with the same identifier (name{page.1}) has 
been already used, duplicate ignored
<to be read again> 
                   \relax 
l.407 ...bel{setting-up-the-software-environment}}
                                                   [1


]
Chapter 2.
[2

]
LaTeX Font Info:    Trying to load font information for TS1+lmr on input line 4
54.
(c:/texlive/2022/texmf-dist/tex/latex/lm/ts1lmr.fd
File: ts1lmr.fd 2015/05/01 v1.6.1 Font defs for Latin Modern
)
LaTeX Font Info:    Trying to load font information for T1+lmtt on input line 4
76.
(c:/texlive/2022/texmf-dist/tex/latex/lm/t1lmtt.fd
File: t1lmtt.fd 2015/05/01 v1.6.1 Font defs for Latin Modern
) [3]
<images/2.1_GEE_codeeditor.png, id=440, 1444.64719pt x 707.64375pt>
File: images/2.1_GEE_codeeditor.png Graphic file (type png)
<use images/2.1_GEE_codeeditor.png>
Package pdftex.def Info: images/2.1_GEE_codeeditor.png  used on input line 488.

(pdftex.def)             Requested size: 341.43196pt x 167.2465pt.
<images/2.2_upload-assets-1.png, id=441, 1269.24188pt x 679.78969pt>
File: images/2.2_upload-assets-1.png Graphic file (type png)
<use images/2.2_upload-assets-1.png>
Package pdftex.def Info: images/2.2_upload-assets-1.png  used on input line 498
.
(pdftex.def)             Requested size: 341.42166pt x 182.86107pt.
<images/2.2_upload-assets-2.png, id=443, 1269.24188pt x 679.78969pt>
File: images/2.2_upload-assets-2.png Graphic file (type png)
<use images/2.2_upload-assets-2.png>
Package pdftex.def Info: images/2.2_upload-assets-2.png  used on input line 502
.
(pdftex.def)             Requested size: 341.42166pt x 182.86107pt.
[4 <./images/2.1_GEE_codeeditor.png>] [5 <./images/2.2_upload-assets-1.PNG> <./
images/2.2_upload-assets-2.PNG>]
LaTeX Font Info:    Trying to load font information for TS1+lmtt on input line 
521.
(c:/texlive/2022/texmf-dist/tex/latex/lm/ts1lmtt.fd
File: ts1lmtt.fd 2015/05/01 v1.6.1 Font defs for Latin Modern
) [6]
Chapter 3.
[7

]
<images/workflow lat-long data.pdf, id=476, 806.01125pt x 726.715pt>
File: images/workflow lat-long data.pdf Graphic file (type pdf)
<use images/workflow lat-long data.pdf>
Package pdftex.def Info: images/workflow lat-long data.pdf  used on input line 
570.
(pdftex.def)             Requested size: 310.49362pt x 279.94691pt.
[8 <./images/workflow lat-long data.pdf>]
Chapter 4.
[9

] [10]
Chapter 5.

Overfull \hbox (10.87727pt too wide) in paragraph at lines 617--617
[]|\T1/lmr/m/n/10 (-20) Resolution| 
 []


Overfull \hbox (10.04979pt too wide) in alignment at lines 613--617
 [] [] [] [] 
 []


Underfull \hbox (badness 10000) in paragraph at lines 619--619
[]|\T1/lmr/m/n/10 (+20) Temp-
 []


Underfull \hbox (badness 10000) in paragraph at lines 623--623
[]|\T1/lmr/m/n/10 (+20) Precipi-
 []


Overfull \hbox (14.31068pt too wide) in paragraph at lines 629--629
[]|\T1/lmr/m/n/10 (-20) Evapotransp-
 []


Overfull \hbox (16.4893pt too wide) in paragraph at lines 629--629
[]|\T1/lmr/m/n/10 (-20) pet_penman_mean| 
 []


Overfull \hbox (9.95589pt too wide) in paragraph at lines 630--630
[]|\T1/lmr/m/n/10 (-20) pet_penman_min| 
 []


Overfull \hbox (17.0613pt too wide) in paragraph at lines 631--631
[]|\T1/lmr/m/n/10 (-20) pet_penman_range| 
 []


Overfull \hbox (11.86172pt too wide) in paragraph at lines 632--632
[]|\T1/lmr/m/n/10 (-20) pet_penman_max| 
 []


Underfull \hbox (badness 10000) in paragraph at lines 638--638
[]|\T1/lmr/m/n/10 (+20) Growing
 []


Overfull \hbox (4.31862pt too wide) in paragraph at lines 640--640
[]|\T1/lmr/m/n/10 (-20) Vegetation
 []


Overfull \hbox (16.75075pt too wide) in paragraph at lines 640--640
[]|\T1/lmr/m/n/10 (-20) ndvi_030405_mean| 
 []


Underfull \hbox (badness 4981) in paragraph at lines 641--641
[]|\T1/lmr/m/n/10 (+20) NDVI (MOD13Q1), mean June-
 []


Overfull \hbox (16.75075pt too wide) in paragraph at lines 641--641
[]|\T1/lmr/m/n/10 (-20) ndvi_060708_mean| 
 []


Overfull \hbox (16.75075pt too wide) in paragraph at lines 642--642
[]|\T1/lmr/m/n/10 (-20) ndvi_091011_mean| 
 []


Overfull \hbox (16.75075pt too wide) in paragraph at lines 643--643
[]|\T1/lmr/m/n/10 (-20) ndvi_120102_mean| 
 []


Overfull \hbox (3.1944pt too wide) in paragraph at lines 644--644
[]|\T1/lmr/m/n/10 (-20) ndvi_030405_sd| 
 []


Overfull \hbox (3.1944pt too wide) in paragraph at lines 645--645
[]|\T1/lmr/m/n/10 (-20) ndvi_060708_sd| 
 []


Overfull \hbox (3.1944pt too wide) in paragraph at lines 646--646
[]|\T1/lmr/m/n/10 (-20) ndvi_091011_sd| 
 []


Overfull \hbox (3.1944pt too wide) in paragraph at lines 647--647
[]|\T1/lmr/m/n/10 (-20) ndvi_120102_sd| 
 []


Underfull \hbox (badness 2012) in paragraph at lines 649--649
[]|\T1/lmr/m/n/10 (+20) Fraction of pho-to-syn-thet-i-cally ac-
 []


Overfull \hbox (15.14445pt too wide) in paragraph at lines 649--649
[]|\T1/lmr/m/n/10 (-20) fpar_030405_mean| 
 []


Underfull \hbox (badness 2012) in paragraph at lines 650--650
[]|\T1/lmr/m/n/10 (+20) Fraction of pho-to-syn-thet-i-cally ac-
 []


Overfull \hbox (15.14445pt too wide) in paragraph at lines 650--650
[]|\T1/lmr/m/n/10 (-20) fpar_060708_mean| 
 []


Underfull \hbox (badness 2012) in paragraph at lines 651--651
[]|\T1/lmr/m/n/10 (+20) Fraction of pho-to-syn-thet-i-cally ac-
 []


Overfull \hbox (15.14445pt too wide) in paragraph at lines 651--651
[]|\T1/lmr/m/n/10 (-20) fpar_091011_mean| 
 []


Underfull \hbox (badness 2012) in paragraph at lines 652--652
[]|\T1/lmr/m/n/10 (+20) Fraction of pho-to-syn-thet-i-cally ac-
 []


Overfull \hbox (15.14445pt too wide) in paragraph at lines 652--652
[]|\T1/lmr/m/n/10 (-20) fpar_120102_mean| 
 []


Underfull \hbox (badness 2012) in paragraph at lines 653--653
[]|\T1/lmr/m/n/10 (+20) Fraction of pho-to-syn-thet-i-cally ac-
 []


Overfull \hbox (1.5881pt too wide) in paragraph at lines 653--653
[]|\T1/lmr/m/n/10 (-20) fpar_030405_sd| 
 []


Underfull \hbox (badness 2012) in paragraph at lines 654--654
[]|\T1/lmr/m/n/10 (+20) Fraction of pho-to-syn-thet-i-cally ac-
 []


Overfull \hbox (1.5881pt too wide) in paragraph at lines 654--654
[]|\T1/lmr/m/n/10 (-20) fpar_060708_sd| 
 []


Underfull \hbox (badness 7907) in paragraph at lines 655--655
\T1/lmr/m/n/10 (+20) ra-di-a-tion (FPAR) (MOD15A2H),
 []


Underfull \hbox (badness 10000) in paragraph at lines 655--655
\T1/lmr/m/n/10 (+20) stan-dard de-vi-a-tion September-
 []


Overfull \hbox (1.5881pt too wide) in paragraph at lines 655--655
[]|\T1/lmr/m/n/10 (-20) fpar_091011_sd| 
 []


Underfull \hbox (badness 7907) in paragraph at lines 656--656
\T1/lmr/m/n/10 (+20) ra-di-a-tion (FPAR) (MOD15A2H),
 []


Underfull \hbox (badness 10000) in paragraph at lines 656--656
\T1/lmr/m/n/10 (+20) stan-dard de-vi-a-tion December-
 []


Overfull \hbox (1.5881pt too wide) in paragraph at lines 656--656
[]|\T1/lmr/m/n/10 (-20) fpar_120102_sd| 
 []


Underfull \hbox (badness 10000) in paragraph at lines 658--658
[]|\T1/lmr/m/n/10 (+20) Land Sur-face Tem-per-a-ture Day
 []


Overfull \hbox (13.81078pt too wide) in paragraph at lines 658--658
[]|\T1/lmr/m/n/10 (-20) lstd_030405_mean| 
 []


Underfull \hbox (badness 10000) in paragraph at lines 659--659
[]|\T1/lmr/m/n/10 (+20) Land Sur-face Tem-per-a-ture Day
 []


Overfull \hbox (13.81078pt too wide) in paragraph at lines 659--659
[]|\T1/lmr/m/n/10 (-20) lstd_060708_mean| 
 []


Underfull \hbox (badness 10000) in paragraph at lines 660--660
[]|\T1/lmr/m/n/10 (+20) Land Sur-face Tem-per-a-ture Day
 []


Underfull \hbox (badness 10000) in paragraph at lines 660--660
\T1/lmr/m/n/10 (+20) (MOD11A2), mean September-
 []


Overfull \hbox (13.81078pt too wide) in paragraph at lines 660--660
[]|\T1/lmr/m/n/10 (-20) lstd_091011_mean| 
 []


Underfull \hbox (badness 10000) in paragraph at lines 661--661
[]|\T1/lmr/m/n/10 (+20) Land Sur-face Tem-per-a-ture Day
 []


Underfull \hbox (badness 10000) in paragraph at lines 661--661
\T1/lmr/m/n/10 (+20) (MOD11A2), mean December-
 []


Overfull \hbox (13.81078pt too wide) in paragraph at lines 661--661
[]|\T1/lmr/m/n/10 (-20) lstd_120102_mean| 
 []


Underfull \hbox (badness 10000) in paragraph at lines 662--662
[]|\T1/lmr/m/n/10 (+20) Land Sur-face Tem-per-a-ture Day
 []


Underfull \hbox (badness 10000) in paragraph at lines 662--662
\T1/lmr/m/n/10 (+20) (MOD11A2), stan-dard de-vi-a-tion
 []


Underfull \hbox (badness 10000) in paragraph at lines 663--663
[]|\T1/lmr/m/n/10 (+20) Land Sur-face Tem-per-a-ture Day
 []


Underfull \hbox (badness 10000) in paragraph at lines 663--663
\T1/lmr/m/n/10 (+20) (MOD11A2), stan-dard de-vi-a-tion
 []


Underfull \hbox (badness 10000) in paragraph at lines 664--664
[]|\T1/lmr/m/n/10 (+20) Land Sur-face Tem-per-a-ture Day
 []


Underfull \hbox (badness 10000) in paragraph at lines 664--664
\T1/lmr/m/n/10 (+20) (MOD11A2), stan-dard de-vi-a-tion
 []


Underfull \hbox (badness 10000) in paragraph at lines 665--665
[]|\T1/lmr/m/n/10 (+20) Land Sur-face Tem-per-a-ture Day
 []


Underfull \hbox (badness 10000) in paragraph at lines 665--665
\T1/lmr/m/n/10 (+20) (MOD11A2), stan-dard de-vi-a-tion
 []


Overfull \hbox (19.25516pt too wide) in paragraph at lines 667--667
[]|\T1/lmr/m/n/10 (-20) ndlst_030405_mean| 
 []


Overfull \hbox (19.25516pt too wide) in paragraph at lines 668--668
[]|\T1/lmr/m/n/10 (-20) ndlst_060708_mean| 
 []


Overfull \hbox (19.25516pt too wide) in paragraph at lines 669--669
[]|\T1/lmr/m/n/10 (-20) ndlst_091011_mean| 
 []


Overfull \hbox (19.25516pt too wide) in paragraph at lines 670--670
[]|\T1/lmr/m/n/10 (-20) ndlst_120102_mean| 
 []


Overfull \hbox (5.6988pt too wide) in paragraph at lines 671--671
[]|\T1/lmr/m/n/10 (-20) ndlst_030405_sd| 
 []


Overfull \hbox (5.6988pt too wide) in paragraph at lines 672--672
[]|\T1/lmr/m/n/10 (-20) ndlst_060708_sd| 
 []


Underfull \hbox (badness 10000) in paragraph at lines 673--673
\T1/lmr/m/n/10 (+20) stan-dard de-vi-a-tion September-
 []


Overfull \hbox (5.6988pt too wide) in paragraph at lines 673--673
[]|\T1/lmr/m/n/10 (-20) ndlst_091011_sd| 
 []


Underfull \hbox (badness 10000) in paragraph at lines 674--674
\T1/lmr/m/n/10 (+20) stan-dard de-vi-a-tion December-
 []


Overfull \hbox (5.6988pt too wide) in paragraph at lines 674--674
[]|\T1/lmr/m/n/10 (-20) ndlst_120102_sd| 
 []


Overfull \hbox (15.47105pt too wide) in paragraph at lines 676--676
[]|\T1/lmr/m/n/10 (-20) swir_060708_mean| 
 []


Underfull \hbox (badness 10000) in paragraph at lines 678--678
[]|\T1/lmr/m/n/10 (+20) Snow
 []


Underfull \hbox (badness 2005) in paragraph at lines 678--678
[]|\T1/lmr/m/n/10 (+20) MODIS Snow Cover (MOD10A1)
 []


Underfull \hbox (badness 10000) in paragraph at lines 680--680
[]|\T1/lmr/m/n/10 (+20) Land
 []


Overfull \hbox (8.47522pt too wide) in paragraph at lines 681--681
[]|\T1/lmr/m/n/10 (-20) shrub_and_scrub| 
 []


Overfull \hbox (13.4903pt too wide) in paragraph at lines 682--682
[]|\T1/lmr/m/n/10 (-20) flooded_vegetation| 
 []


Overfull \hbox (15.75993pt too wide) in paragraph at lines 687--687
[]|\T1/lmr/m/n/10 (-20) downslopecurvature| 
 []


Overfull \hbox (4.06017pt too wide) in paragraph at lines 688--688
[]|\T1/lmr/m/n/10 (-20) upslopecurvature| 
 []


Overfull \hbox (10.04979pt too wide) in alignment at lines 617--701
 [] [] [] [] 
 []

[11

] [12] [13] [14] [15] [16] [17]
Chapter 6.
<images/cv.pdf, id=564, 722.7pt x 542.025pt>
File: images/cv.pdf Graphic file (type pdf)
<use images/cv.pdf>
Package pdftex.def Info: images/cv.pdf  used on input line 741.
(pdftex.def)             Requested size: 310.5013pt x 232.87598pt.
[18

] [19 <./images/cv.pdf>] [20]
Chapter 7.
[21

] [22]
Chapter 8.
[23

]
Chapter 9.
[24

] [25

]
<images/backcover.pdf, id=1503, 500.76888pt x 711.3185pt>
File: images/backcover.pdf Graphic file (type pdf)
<use images/backcover.pdf>
Package pdftex.def Info: images/backcover.pdf  used on input line 831.
(pdftex.def)             Requested size: 328.06331pt x 465.99843pt.
File: images/backcover.pdf Graphic file (type pdf)
<use images/backcover.pdf>
Package pdftex.def Info: images/backcover.pdf  used on input line 831.
(pdftex.def)             Requested size: 328.06331pt x 465.99843pt.
<images/backcover.pdf, id=1506, page=1, 500.76888pt x 711.3185pt>
File: images/backcover.pdf Graphic file (type pdf)
<use images/backcover.pdf, page 1>
Package pdftex.def Info: images/backcover.pdf , page1 used on input line 831.
(pdftex.def)             Requested size: 500.76764pt x 711.31676pt.
File: images/backcover.pdf Graphic file (type pdf)
<use images/backcover.pdf, page 1>
Package pdftex.def Info: images/backcover.pdf , page1 used on input line 831.
(pdftex.def)             Requested size: 500.98923pt x 711.63152pt.
[26]
File: images/backcover.pdf Graphic file (type pdf)
<use images/backcover.pdf, page 1>
Package pdftex.def Info: images/backcover.pdf , page1 used on input line 831.
(pdftex.def)             Requested size: 500.98923pt x 711.63152pt.
File: images/backcover.pdf Graphic file (type pdf)
<use images/backcover.pdf, page 1>
Package pdftex.def Info: images/backcover.pdf , page1 used on input line 831.
(pdftex.def)             Requested size: 500.98923pt x 711.63152pt.
File: images/backcover.pdf Graphic file (type pdf)
<use images/backcover.pdf, page 1>
Package pdftex.def Info: images/backcover.pdf , page1 used on input line 831.
(pdftex.def)             Requested size: 500.98923pt x 711.63152pt.
[27 <./images/backcover.pdf>] (./DSM_CG.aux) ) 
Here is how much of TeX's memory you used:
 21355 strings out of 477678
 356700 string characters out of 5833467
 794664 words of memory out of 5000000
 39388 multiletter control sequences out of 15000+600000
 545708 words of font info for 160 fonts, out of 8000000 for 9000
 1141 hyphenation exceptions out of 8191
 110i,17n,133p,1028b,620s stack positions out of 10000i,1000n,20000p,200000b,200000s
{c:/texlive/2022/texmf-dist/fonts
/enc/dvips/lm/lm-ec.enc}{c:/texlive/2022/texmf-dist/fonts/enc/dvips/lm/lm-rm.en
c}{c:/texlive/2022/texmf-dist/fonts/enc/dvips/lm/lm-mathit.enc}{c:/texlive/2022
/texmf-dist/fonts/enc/dvips/lm/lm-ts1.enc}<c:/texlive/2022/texmf-dist/fonts/typ
e1/public/lm/lmbx10.pfb><c:/texlive/2022/texmf-dist/fonts/type1/public/lm/lmbx1
2.pfb><c:/texlive/2022/texmf-dist/fonts/type1/public/lm/lmbx7.pfb><c:/texlive/2
022/texmf-dist/fonts/type1/public/lm/lmmi10.pfb><c:/texlive/2022/texmf-dist/fon
ts/type1/public/lm/lmr10.pfb><c:/texlive/2022/texmf-dist/fonts/type1/public/lm/
lmr8.pfb><c:/texlive/2022/texmf-dist/fonts/type1/public/lm/lmri10.pfb><c:/texli
ve/2022/texmf-dist/fonts/type1/public/lm/lmssbx10.pfb><c:/texlive/2022/texmf-di
st/fonts/type1/public/lm/lmtt10.pfb><c:/texlive/2022/texmf-dist/fonts/type1/pub
lic/lm/lmtti10.pfb>
Output written on DSM_CG.pdf (39 pages, 2410346 bytes).
PDF statistics:
 1716 PDF objects out of 1728 (max. 8388607)
 1499 compressed objects within 15 object streams
 122 named destinations out of 1000 (max. 500000)
 45366 words of extra memory for PDF output out of 51595 (max. 10000000)

